[ 2016-09-29T09:32:54+08:00 ] ::1 /salad/index.php?s=/Goods/goodsAdd
INFO: [ app_begin ] --START--
INFO: Run Behavior\ReadHtmlCacheBehavior [ RunTime:0.000760s ]
INFO: [ app_begin ] --END-- [ RunTime:0.001434s ]
NOTIC: [8192] mysql_connect(): The mysql extension is deprecated and will be removed in the future: use mysqli or PDO instead D:\wamp\www\salad\ThinkPHP\Library\Think\Db\Driver\Mysql.class.php 第 52 行.
SQL: SHOW COLUMNS FROM `shala_gleygood` [ RunTime:0.004822s ]
SQL: SELECT `goodnum`,`gprice` FROM `shala_gleygood` WHERE ( `glfromuser` = '7' )  [ RunTime:0.000735s ]
SQL: SHOW COLUMNS FROM `shala_goods` [ RunTime:0.004873s ]
SQL: INSERT INTO `shala_goods` (`name`,`cate_id`,`constituent`,`pic`,`price`,`create_time`,`update_time`,`remark`,`status`) VALUES ('自选沙拉大份',5,'罗马生菜X1份    橙子X1份    辣酱X1份    ','Uploads/goods/201609/4c086e017b084739bfec686dfd5fe5c0.jpg',48,1475112774,1475112774,'切碎',0) [ RunTime:0.063204s ]
SQL: SHOW COLUMNS FROM `shala_gley` [ RunTime:0.010764s ]
SQL: INSERT INTO `shala_gley` (`goods`,`fromuser`) VALUES (25,7) [ RunTime:0.062421s ]

[ 2016-09-29T09:32:59+08:00 ] ::1 /salad/index.php?s=/Order/addorder
INFO: [ app_begin ] --START--
INFO: Run Behavior\ReadHtmlCacheBehavior [ RunTime:0.000716s ]
INFO: [ app_begin ] --END-- [ RunTime:0.001401s ]
NOTIC: [8192] mysql_connect(): The mysql extension is deprecated and will be removed in the future: use mysqli or PDO instead D:\wamp\www\salad\ThinkPHP\Library\Think\Db\Driver\Mysql.class.php 第 52 行.
SQL: SHOW COLUMNS FROM `shala_gleygood` [ RunTime:0.005279s ]
SQL: SELECT `goodnum`,`gprice` FROM `shala_gleygood` WHERE ( `glfromuser` = '7' )  [ RunTime:0.000755s ]
SQL: SHOW COLUMNS FROM `shala_order` [ RunTime:0.005303s ]
SQL: SHOW COLUMNS FROM `shala_user` [ RunTime:0.004305s ]
SQL: SELECT `address`,`delivertype` FROM `shala_user` WHERE ( `id` = 7 )  [ RunTime:0.000543s ]
SQL: INSERT INTO `shala_order` (`name`,`fromuser`,`create_time`,`update_time`,`price`,`type`,`delivertype`,`address`,`detailadd`,`getcode`) VALUES ('72016092909325921417',7,1475112779,1475112779,96,0,0,0,'',43887) [ RunTime:0.015364s ]
SQL: SHOW COLUMNS FROM `shala_orgo` [ RunTime:0.006411s ]
SQL: SHOW COLUMNS FROM `shala_gley` [ RunTime:0.004303s ]
SQL: DELETE FROM `shala_gley` WHERE ( `id` = 18 ) [ RunTime:0.016558s ]
SQL: DELETE FROM `shala_gley` WHERE ( `id` = 19 ) [ RunTime:0.009218s ]
SQL: INSERT INTO `shala_orgo` (`gid`,`gprice`,`gnum`,`oid`) VALUES (24,48,1,23),(25,48,1,23) [ RunTime:0.000660s ]

[ 2016-09-29T09:33:41+08:00 ] ::1 /salad/index.php?s=/Address/addAddress
INFO: [ app_begin ] --START--
INFO: Run Behavior\ReadHtmlCacheBehavior [ RunTime:0.000866s ]
INFO: [ app_begin ] --END-- [ RunTime:0.001694s ]
NOTIC: [8192] mysql_connect(): The mysql extension is deprecated and will be removed in the future: use mysqli or PDO instead D:\wamp\www\salad\ThinkPHP\Library\Think\Db\Driver\Mysql.class.php 第 52 行.
SQL: SHOW COLUMNS FROM `shala_gleygood` [ RunTime:0.004805s ]
SQL: SELECT `goodnum`,`gprice` FROM `shala_gleygood` WHERE ( `glfromuser` = '7' )  [ RunTime:0.000736s ]
NOTIC: [2] Invalid argument supplied for foreach() D:\wamp\www\salad\Application\Home\Controller\BaseController.class.php 第 23 行.
SQL: SHOW COLUMNS FROM `shala_address` [ RunTime:0.004824s ]
SQL: INSERT INTO `shala_address` (`name`,`sex`,`tel`,`provice`,`city`,`detailadd`,`numhouse`,`label`,`fromuser`) VALUES ('test','男','13163177870','天津','西青区','天津市西青区西青区','123','公司',7) [ RunTime:0.063801s ]
SQL: SHOW COLUMNS FROM `shala_user` [ RunTime:0.005373s ]
SQL: SELECT `address` FROM `shala_user` WHERE ( `id` = 7 )  [ RunTime:0.000590s ]
SQL: UPDATE `shala_user` SET `address`=14 WHERE ( `id` = 7 ) [ RunTime:0.082092s ]

[ 2016-09-29T09:33:43+08:00 ] ::1 /salad/index.php?s=/User/updaddress
INFO: [ app_begin ] --START--
INFO: Run Behavior\ReadHtmlCacheBehavior [ RunTime:0.000707s ]
INFO: [ app_begin ] --END-- [ RunTime:0.001376s ]
NOTIC: [8192] mysql_connect(): The mysql extension is deprecated and will be removed in the future: use mysqli or PDO instead D:\wamp\www\salad\ThinkPHP\Library\Think\Db\Driver\Mysql.class.php 第 52 行.
SQL: SHOW COLUMNS FROM `shala_user` [ RunTime:0.010840s ]
SQL: SHOW COLUMNS FROM `shala_address` [ RunTime:0.004570s ]
SQL: SELECT * FROM `shala_address` WHERE ( id = 14 )  [ RunTime:0.000629s ]
SQL: SHOW COLUMNS FROM `shala_order` [ RunTime:0.004940s ]
SQL: UPDATE `shala_order` SET `address`='14',`detailadd`='天津市西青区西青区123',`delivertype`=1 WHERE ( `id` = 23 ) [ RunTime:0.087016s ]

[ 2016-09-29T09:53:53+08:00 ] ::1 /salad/index.php?s=/Index/diycp
INFO: [ app_begin ] --START--
INFO: Run Behavior\ReadHtmlCacheBehavior [ RunTime:0.000836s ]
INFO: [ app_begin ] --END-- [ RunTime:0.001554s ]
NOTIC: [8192] mysql_connect(): The mysql extension is deprecated and will be removed in the future: use mysqli or PDO instead D:\wamp\www\salad\ThinkPHP\Library\Think\Db\Driver\Mysql.class.php 第 52 行.
SQL: SHOW COLUMNS FROM `shala_gleygood` [ RunTime:0.005983s ]
SQL: SELECT `goodnum`,`gprice` FROM `shala_gleygood` WHERE ( `glfromuser` = '7' )  [ RunTime:0.001146s ]
NOTIC: [2] Invalid argument supplied for foreach() D:\wamp\www\salad\Application\Home\Controller\BaseController.class.php 第 23 行.
SQL: SHOW COLUMNS FROM `shala_gley` [ RunTime:0.004752s ]
SQL: SELECT COUNT(id) AS tp_count FROM `shala_gley` LIMIT 1   [ RunTime:0.000564s ]
SQL: SHOW COLUMNS FROM `shala_foodcate` [ RunTime:0.008448s ]
SQL: SELECT `fid`,`fpic`,`fname` FROM `shala_foodcate` WHERE ( `cname` = '基菜' ) ORDER BY rand() LIMIT 4   [ RunTime:0.035093s ]
SQL: SHOW COLUMNS FROM `shala_hubfooduser` [ RunTime:0.009621s ]
SQL: SELECT `fid`,`fpic`,`fname`,`fcate_id` FROM `shala_hubfooduser` WHERE ( `uid` = '7' ) AND ( `well` = '1' ) ORDER BY rand() LIMIT 12   [ RunTime:0.001584s ]
SQL: SELECT `fid` FROM `shala_hubfooduser` WHERE ( `uid` = '7' )  [ RunTime:0.001137s ]
SQL: SELECT `fid`,`fpic`,`fname` FROM `shala_foodcate` WHERE ( `fid` NOT IN ('15','16','12','13','14','18','19','20','17','21','23','22') ) AND ( `cname` NOT IN ('基菜','酱料') ) ORDER BY rand() LIMIT 4   [ RunTime:0.020303s ]

[ 2016-09-29T09:54:05+08:00 ] ::1 /salad/index.php?s=/Goods/goodsAdd
INFO: [ app_begin ] --START--
INFO: Run Behavior\ReadHtmlCacheBehavior [ RunTime:0.001001s ]
INFO: [ app_begin ] --END-- [ RunTime:0.001798s ]
NOTIC: [8192] mysql_connect(): The mysql extension is deprecated and will be removed in the future: use mysqli or PDO instead D:\wamp\www\salad\ThinkPHP\Library\Think\Db\Driver\Mysql.class.php 第 52 行.
SQL: SHOW COLUMNS FROM `shala_gleygood` [ RunTime:0.004916s ]
SQL: SELECT `goodnum`,`gprice` FROM `shala_gleygood` WHERE ( `glfromuser` = '7' )  [ RunTime:0.000728s ]
NOTIC: [2] Invalid argument supplied for foreach() D:\wamp\www\salad\Application\Home\Controller\BaseController.class.php 第 23 行.
SQL: SHOW COLUMNS FROM `shala_goods` [ RunTime:0.005677s ]
SQL: INSERT INTO `shala_goods` (`name`,`cate_id`,`constituent`,`pic`,`price`,`create_time`,`update_time`,`remark`,`status`) VALUES ('自选沙拉大份',5,'罗马生菜X1份    球形生菜X1份    子叶生菜X1份    西芹X1份    玉米X1份    芦笋X1份    圣女果X1份    鸡蛋X1份    橙子X1份    菠萝X1份    烤土豆X1份    ','Uploads/goods/201609/4c086e017b084739bfec686dfd5fe5c0.jpg',48,1475114044,1475114044,'切碎',0) [ RunTime:0.065481s ]
SQL: SHOW COLUMNS FROM `shala_gley` [ RunTime:0.004640s ]
SQL: INSERT INTO `shala_gley` (`goods`,`fromuser`) VALUES (26,7) [ RunTime:0.064080s ]

[ 2016-09-29T09:54:08+08:00 ] ::1 /salad/index.php?s=/Order/addorder
INFO: [ app_begin ] --START--
INFO: Run Behavior\ReadHtmlCacheBehavior [ RunTime:0.000712s ]
INFO: [ app_begin ] --END-- [ RunTime:0.001397s ]
NOTIC: [8192] mysql_connect(): The mysql extension is deprecated and will be removed in the future: use mysqli or PDO instead D:\wamp\www\salad\ThinkPHP\Library\Think\Db\Driver\Mysql.class.php 第 52 行.
SQL: SHOW COLUMNS FROM `shala_gleygood` [ RunTime:0.005325s ]
SQL: SELECT `goodnum`,`gprice` FROM `shala_gleygood` WHERE ( `glfromuser` = '7' )  [ RunTime:0.000761s ]
SQL: SHOW COLUMNS FROM `shala_order` [ RunTime:0.004747s ]
SQL: SHOW COLUMNS FROM `shala_user` [ RunTime:0.005096s ]
SQL: SELECT `address`,`delivertype` FROM `shala_user` WHERE ( `id` = 7 )  [ RunTime:0.000683s ]
SQL: SHOW COLUMNS FROM `shala_address` [ RunTime:0.004569s ]
SQL: SELECT * FROM `shala_address` WHERE ( id = 14 )  [ RunTime:0.000575s ]
SQL: INSERT INTO `shala_order` (`name`,`fromuser`,`create_time`,`update_time`,`price`,`type`,`delivertype`,`address`,`detailadd`,`getcode`) VALUES ('72016092909540769458',7,1475114047,1475114047,48,0,0,'14','',22329) [ RunTime:0.007185s ]
SQL: SHOW COLUMNS FROM `shala_orgo` [ RunTime:0.004824s ]
SQL: SHOW COLUMNS FROM `shala_gley` [ RunTime:0.004589s ]
SQL: DELETE FROM `shala_gley` WHERE ( `id` = 20 ) [ RunTime:0.005259s ]
SQL: INSERT INTO `shala_orgo` (`gid`,`gprice`,`gnum`,`oid`) VALUES (26,48,1,24) [ RunTime:0.000483s ]

[ 2016-09-29T10:03:11+08:00 ] ::1 /salad/index.php?s=/Address/addAddress
INFO: [ app_begin ] --START--
INFO: Run Behavior\ReadHtmlCacheBehavior [ RunTime:0.000718s ]
INFO: [ app_begin ] --END-- [ RunTime:0.001395s ]
NOTIC: [8192] mysql_connect(): The mysql extension is deprecated and will be removed in the future: use mysqli or PDO instead D:\wamp\www\salad\ThinkPHP\Library\Think\Db\Driver\Mysql.class.php 第 52 行.
SQL: SHOW COLUMNS FROM `shala_gleygood` [ RunTime:0.004910s ]
SQL: SELECT `goodnum`,`gprice` FROM `shala_gleygood` WHERE ( `glfromuser` = '7' )  [ RunTime:0.000722s ]
NOTIC: [2] Invalid argument supplied for foreach() D:\wamp\www\salad\Application\Home\Controller\BaseController.class.php 第 23 行.
SQL: SHOW COLUMNS FROM `shala_address` [ RunTime:0.004566s ]
SQL: INSERT INTO `shala_address` (`name`,`sex`,`tel`,`provice`,`city`,`detailadd`,`numhouse`,`label`,`fromuser`) VALUES ('test','男','13163177870','天津','南开区','天津市南开区天津市南开区咸阳路小学','1234','其他',7) [ RunTime:0.064719s ]
SQL: SHOW COLUMNS FROM `shala_user` [ RunTime:0.009698s ]
SQL: SELECT `address` FROM `shala_user` WHERE ( `id` = 7 )  [ RunTime:0.001245s ]
SQL: UPDATE `shala_user` SET `address`=15 WHERE ( `id` = 7 ) [ RunTime:0.047945s ]

[ 2016-09-29T10:03:13+08:00 ] ::1 /salad/index.php?s=/User/updaddress
INFO: [ app_begin ] --START--
INFO: Run Behavior\ReadHtmlCacheBehavior [ RunTime:0.000723s ]
INFO: [ app_begin ] --END-- [ RunTime:0.001408s ]
NOTIC: [8192] mysql_connect(): The mysql extension is deprecated and will be removed in the future: use mysqli or PDO instead D:\wamp\www\salad\ThinkPHP\Library\Think\Db\Driver\Mysql.class.php 第 52 行.
SQL: SHOW COLUMNS FROM `shala_user` [ RunTime:0.004873s ]
SQL: SHOW COLUMNS FROM `shala_address` [ RunTime:0.006231s ]
SQL: SELECT * FROM `shala_address` WHERE ( id = 15 )  [ RunTime:0.000609s ]
SQL: SHOW COLUMNS FROM `shala_order` [ RunTime:0.004522s ]
SQL: UPDATE `shala_order` SET `address`='15',`detailadd`='天津市南开区天津市南开区咸阳路小学1234',`delivertype`=1 WHERE ( `id` = 24 ) [ RunTime:0.084469s ]

