[ 2016-09-30T15:14:24+08:00 ] ::1 /salad/index.php?s=/Admin/Shop/uploadshop
INFO: [ app_begin ] --START--
INFO: Run Behavior\ReadHtmlCacheBehavior [ RunTime:0.000939s ]
INFO: [ app_begin ] --END-- [ RunTime:0.001747s ]
NOTIC: [8192] mysql_connect(): The mysql extension is deprecated and will be removed in the future: use mysqli or PDO instead D:\wamp\www\salad\ThinkPHP\Library\Think\Db\Driver\Mysql.class.php 第 52 行.
SQL: SHOW COLUMNS FROM `shala_shoppic` [ RunTime:0.003951s ]
SQL: INSERT INTO `shala_shoppic` (`pic`) VALUES ('Uploads/shop/201609/4c086e017b084739bfec686dfd5fe5c0.jpg') [ RunTime:0.039959s ]

[ 2016-09-30T15:15:51+08:00 ] ::1 /salad/index.php?s=/Admin/Shop/uploadshop
INFO: [ app_begin ] --START--
INFO: Run Behavior\ReadHtmlCacheBehavior [ RunTime:0.000868s ]
INFO: [ app_begin ] --END-- [ RunTime:0.001589s ]
NOTIC: [8192] mysql_connect(): The mysql extension is deprecated and will be removed in the future: use mysqli or PDO instead D:\wamp\www\salad\ThinkPHP\Library\Think\Db\Driver\Mysql.class.php 第 52 行.
SQL: SHOW COLUMNS FROM `shala_shoppic` [ RunTime:0.013209s ]
SQL: INSERT INTO `shala_shoppic` (`pic`) VALUES ('Uploads/shop/201609/8ff0ff14d8c548a09a166e94a7fe4a74.jpg') [ RunTime:0.048555s ]

[ 2016-09-30T16:16:38+08:00 ] ::1 /salad/index.php?s=/Admin/Order/getinfo
INFO: [ app_begin ] --START--
INFO: Run Behavior\ReadHtmlCacheBehavior [ RunTime:0.000743s ]
INFO: [ app_begin ] --END-- [ RunTime:0.001693s ]
NOTIC: [8192] mysql_connect(): The mysql extension is deprecated and will be removed in the future: use mysqli or PDO instead D:\wamp\www\salad\ThinkPHP\Library\Think\Db\Driver\Mysql.class.php 第 52 行.
SQL: SHOW COLUMNS FROM `shala_ordadd` [ RunTime:0.006295s ]
SQL: SHOW COLUMNS FROM `shala_orgood` [ RunTime:0.006559s ]
SQL: SELECT `name`,`gprice`,`gnum`,`constituent`,`remark` FROM `shala_orgood` WHERE ( `oid` = 19 )  [ RunTime:0.001399s ]

