[ 2016-09-28T07:56:59+08:00 ] ::1 /salad/index.php?s=/User/login
INFO: [ app_begin ] --START--
INFO: Run Behavior\ReadHtmlCacheBehavior [ RunTime:0.000930s ]
INFO: [ app_begin ] --END-- [ RunTime:0.001718s ]
NOTIC: [8192] mysql_connect(): The mysql extension is deprecated and will be removed in the future: use mysqli or PDO instead D:\wamp\www\salad\ThinkPHP\Library\Think\Db\Driver\Mysql.class.php 第 52 行.
SQL: SHOW COLUMNS FROM `shala_user` [ RunTime:0.037836s ]
SQL: SELECT * FROM `shala_user` WHERE ( `tel` = '13163177870' )  [ RunTime:0.001762s ]

[ 2016-09-28T08:58:17+08:00 ] ::1 /salad/index.php?s=/User/updaddress
INFO: [ app_begin ] --START--
INFO: Run Behavior\ReadHtmlCacheBehavior [ RunTime:0.000925s ]
INFO: [ app_begin ] --END-- [ RunTime:0.001701s ]
NOTIC: [8192] mysql_connect(): The mysql extension is deprecated and will be removed in the future: use mysqli or PDO instead D:\wamp\www\salad\ThinkPHP\Library\Think\Db\Driver\Mysql.class.php 第 52 行.
SQL: SHOW COLUMNS FROM `shala_user` [ RunTime:0.007035s ]
NOTIC: [8] Undefined index: id D:\wamp\www\salad\Application\Home\Controller\UserController.class.php 第 161 行.
SQL: UPDATE `shala_user` SET `address`=null,`delivertype`=0 WHERE ( `id` = 7 ) [ RunTime:0.059703s ]

[ 2016-09-28T08:58:19+08:00 ] ::1 /salad/index.php?s=/User/updaddress
INFO: [ app_begin ] --START--
INFO: Run Behavior\ReadHtmlCacheBehavior [ RunTime:0.000747s ]
INFO: [ app_begin ] --END-- [ RunTime:0.001479s ]
NOTIC: [8192] mysql_connect(): The mysql extension is deprecated and will be removed in the future: use mysqli or PDO instead D:\wamp\www\salad\ThinkPHP\Library\Think\Db\Driver\Mysql.class.php 第 52 行.
SQL: SHOW COLUMNS FROM `shala_user` [ RunTime:0.005571s ]
NOTIC: [8] Undefined index: id D:\wamp\www\salad\Application\Home\Controller\UserController.class.php 第 161 行.
SQL: UPDATE `shala_user` SET `address`=null,`delivertype`=0 WHERE ( `id` = 7 ) [ RunTime:0.101513s ]

[ 2016-09-28T11:51:32+08:00 ] ::1 /salad/index.php?s=/Admin/Coupon/index
ERR: Think\Controller:where方法不存在！

[ 2016-09-28T12:56:38+08:00 ] ::1 /salad/index.php?s=/Admin/Coupon/couponupd/id/1
ERR: 模板不存在:./Application/Admin/View/Coupon/couponupd.html

[ 2016-09-28T14:46:58+08:00 ] ::1 /salad/index.php?s=/User/login
INFO: [ app_begin ] --START--
INFO: Run Behavior\ReadHtmlCacheBehavior [ RunTime:0.000954s ]
INFO: [ app_begin ] --END-- [ RunTime:0.001673s ]
NOTIC: [8192] mysql_connect(): The mysql extension is deprecated and will be removed in the future: use mysqli or PDO instead D:\wamp\www\salad\ThinkPHP\Library\Think\Db\Driver\Mysql.class.php 第 52 行.
SQL: SHOW COLUMNS FROM `shala_user` [ RunTime:0.012758s ]
SQL: SELECT * FROM `shala_user` WHERE ( `tel` = '13163177870' )  [ RunTime:0.001361s ]

[ 2016-09-28T14:47:05+08:00 ] ::1 /salad/index.php?s=/Goods/updHub
INFO: [ app_begin ] --START--
INFO: Run Behavior\ReadHtmlCacheBehavior [ RunTime:0.001070s ]
INFO: [ app_begin ] --END-- [ RunTime:0.002059s ]
NOTIC: [8192] mysql_connect(): The mysql extension is deprecated and will be removed in the future: use mysqli or PDO instead D:\wamp\www\salad\ThinkPHP\Library\Think\Db\Driver\Mysql.class.php 第 52 行.
SQL: SHOW COLUMNS FROM `shala_gleygood` [ RunTime:0.005296s ]
SQL: SELECT `goodnum`,`gprice` FROM `shala_gleygood` WHERE ( `glfromuser` = '7' )  [ RunTime:0.000737s ]
NOTIC: [2] Invalid argument supplied for foreach() D:\wamp\www\salad\Application\Home\Controller\BaseController.class.php 第 23 行.
SQL: SHOW COLUMNS FROM `shala_hub` [ RunTime:0.005010s ]
SQL: SELECT `id` FROM `shala_hub` WHERE ( `uid` = 7 ) AND ( `fid` = 15 )  [ RunTime:0.000644s ]
SQL: INSERT INTO `shala_hub` (`well`,`bad`,`uid`,`fid`) VALUES (1,0,7,15) [ RunTime:0.086374s ]

[ 2016-09-28T14:47:06+08:00 ] ::1 /salad/index.php?s=/Index/saselect
INFO: [ app_begin ] --START--
INFO: Run Behavior\ReadHtmlCacheBehavior [ RunTime:0.000758s ]
INFO: [ app_begin ] --END-- [ RunTime:0.001492s ]
NOTIC: [8192] mysql_connect(): The mysql extension is deprecated and will be removed in the future: use mysqli or PDO instead D:\wamp\www\salad\ThinkPHP\Library\Think\Db\Driver\Mysql.class.php 第 52 行.
SQL: SHOW COLUMNS FROM `shala_gleygood` [ RunTime:0.005500s ]
SQL: SELECT `goodnum`,`gprice` FROM `shala_gleygood` WHERE ( `glfromuser` = '7' )  [ RunTime:0.000781s ]
NOTIC: [2] Invalid argument supplied for foreach() D:\wamp\www\salad\Application\Home\Controller\BaseController.class.php 第 23 行.
SQL: SHOW COLUMNS FROM `shala_gley` [ RunTime:0.004522s ]
SQL: SELECT COUNT(id) AS tp_count FROM `shala_gley` LIMIT 1   [ RunTime:0.000557s ]
SQL: SHOW COLUMNS FROM `shala_foodcate` [ RunTime:0.004941s ]
SQL: SHOW COLUMNS FROM `shala_fcate` [ RunTime:0.004565s ]
SQL: SHOW COLUMNS FROM `shala_hub` [ RunTime:0.004633s ]
SQL: SELECT `id`,`name` FROM `shala_fcate` WHERE ( `name` NOT IN ('基菜','酱料') ) AND ( `status` <> '9' )  [ RunTime:0.000611s ]
SQL: SELECT `fid`,`fpic`,`fname`,`fcate_id` FROM `shala_foodcate` WHERE ( `fcate_id` = 11 )  [ RunTime:0.000832s ]
SQL: SELECT * FROM `shala_hub` WHERE ( `uid` = '7' ) AND ( `well` = '1' )  [ RunTime:0.000569s ]
SQL: SELECT * FROM `shala_hub` WHERE ( `uid` = '7' ) AND ( `well` = '0' ) AND ( `bad` = '1' )  [ RunTime:0.000606s ]
SQL: SELECT * FROM `shala_hub` WHERE ( `uid` = '7' ) AND ( `fid` = '18' )  [ RunTime:0.000665s ]
SQL: SELECT * FROM `shala_hub` WHERE ( `uid` = '7' ) AND ( `fid` = '19' )  [ RunTime:0.000652s ]
SQL: SELECT * FROM `shala_hub` WHERE ( `uid` = '7' ) AND ( `fid` = '20' )  [ RunTime:0.000638s ]

[ 2016-09-28T14:47:08+08:00 ] ::1 /salad/index.php?s=/Goods/updHub
INFO: [ app_begin ] --START--
INFO: Run Behavior\ReadHtmlCacheBehavior [ RunTime:0.000738s ]
INFO: [ app_begin ] --END-- [ RunTime:0.001446s ]
NOTIC: [8192] mysql_connect(): The mysql extension is deprecated and will be removed in the future: use mysqli or PDO instead D:\wamp\www\salad\ThinkPHP\Library\Think\Db\Driver\Mysql.class.php 第 52 行.
SQL: SHOW COLUMNS FROM `shala_gleygood` [ RunTime:0.005386s ]
SQL: SELECT `goodnum`,`gprice` FROM `shala_gleygood` WHERE ( `glfromuser` = '7' )  [ RunTime:0.000753s ]
NOTIC: [2] Invalid argument supplied for foreach() D:\wamp\www\salad\Application\Home\Controller\BaseController.class.php 第 23 行.
SQL: SHOW COLUMNS FROM `shala_hub` [ RunTime:0.006147s ]
SQL: SELECT `id` FROM `shala_hub` WHERE ( `uid` = 7 ) AND ( `fid` = 19 )  [ RunTime:0.000685s ]
SQL: INSERT INTO `shala_hub` (`well`,`bad`,`uid`,`fid`) VALUES (1,0,7,19) [ RunTime:0.065330s ]

[ 2016-09-28T14:47:08+08:00 ] ::1 /salad/index.php?s=/Index/saselect
INFO: [ app_begin ] --START--
INFO: Run Behavior\ReadHtmlCacheBehavior [ RunTime:0.000756s ]
INFO: [ app_begin ] --END-- [ RunTime:0.001435s ]
NOTIC: [8192] mysql_connect(): The mysql extension is deprecated and will be removed in the future: use mysqli or PDO instead D:\wamp\www\salad\ThinkPHP\Library\Think\Db\Driver\Mysql.class.php 第 52 行.
SQL: SHOW COLUMNS FROM `shala_gleygood` [ RunTime:0.004988s ]
SQL: SELECT `goodnum`,`gprice` FROM `shala_gleygood` WHERE ( `glfromuser` = '7' )  [ RunTime:0.000748s ]
NOTIC: [2] Invalid argument supplied for foreach() D:\wamp\www\salad\Application\Home\Controller\BaseController.class.php 第 23 行.
SQL: SHOW COLUMNS FROM `shala_gley` [ RunTime:0.006094s ]
SQL: SELECT COUNT(id) AS tp_count FROM `shala_gley` LIMIT 1   [ RunTime:0.000540s ]
SQL: SHOW COLUMNS FROM `shala_foodcate` [ RunTime:0.004732s ]
SQL: SHOW COLUMNS FROM `shala_fcate` [ RunTime:0.004966s ]
SQL: SHOW COLUMNS FROM `shala_hub` [ RunTime:0.005862s ]
SQL: SELECT `id`,`name` FROM `shala_fcate` WHERE ( `name` NOT IN ('基菜','酱料') ) AND ( `status` <> '9' )  [ RunTime:0.000605s ]
SQL: SELECT `fid`,`fpic`,`fname`,`fcate_id` FROM `shala_foodcate` WHERE ( `fcate_id` = 12 )  [ RunTime:0.000893s ]
SQL: SELECT * FROM `shala_hub` WHERE ( `uid` = '7' ) AND ( `well` = '1' )  [ RunTime:0.000631s ]
SQL: SELECT * FROM `shala_hub` WHERE ( `uid` = '7' ) AND ( `well` = '0' ) AND ( `bad` = '1' )  [ RunTime:0.000623s ]
SQL: SELECT * FROM `shala_hub` WHERE ( `uid` = '7' ) AND ( `fid` = '17' )  [ RunTime:0.000611s ]
SQL: SELECT * FROM `shala_hub` WHERE ( `uid` = '7' ) AND ( `fid` = '21' )  [ RunTime:0.000606s ]
SQL: SELECT * FROM `shala_hub` WHERE ( `uid` = '7' ) AND ( `fid` = '23' )  [ RunTime:0.000607s ]

[ 2016-09-28T14:47:10+08:00 ] ::1 /salad/index.php?s=/Goods/updHub
INFO: [ app_begin ] --START--
INFO: Run Behavior\ReadHtmlCacheBehavior [ RunTime:0.001727s ]
INFO: [ app_begin ] --END-- [ RunTime:0.002597s ]
NOTIC: [8192] mysql_connect(): The mysql extension is deprecated and will be removed in the future: use mysqli or PDO instead D:\wamp\www\salad\ThinkPHP\Library\Think\Db\Driver\Mysql.class.php 第 52 行.
SQL: SHOW COLUMNS FROM `shala_gleygood` [ RunTime:0.005517s ]
SQL: SELECT `goodnum`,`gprice` FROM `shala_gleygood` WHERE ( `glfromuser` = '7' )  [ RunTime:0.000804s ]
NOTIC: [2] Invalid argument supplied for foreach() D:\wamp\www\salad\Application\Home\Controller\BaseController.class.php 第 23 行.
SQL: SHOW COLUMNS FROM `shala_hub` [ RunTime:0.005979s ]
SQL: SELECT `id` FROM `shala_hub` WHERE ( `uid` = 7 ) AND ( `fid` = 17 )  [ RunTime:0.000661s ]
SQL: INSERT INTO `shala_hub` (`bad`,`well`,`uid`,`fid`) VALUES (1,0,7,17) [ RunTime:0.037522s ]

[ 2016-09-28T14:47:10+08:00 ] ::1 /salad/index.php?s=/Index/saselect
INFO: [ app_begin ] --START--
INFO: Run Behavior\ReadHtmlCacheBehavior [ RunTime:0.000753s ]
INFO: [ app_begin ] --END-- [ RunTime:0.001436s ]
NOTIC: [8192] mysql_connect(): The mysql extension is deprecated and will be removed in the future: use mysqli or PDO instead D:\wamp\www\salad\ThinkPHP\Library\Think\Db\Driver\Mysql.class.php 第 52 行.
SQL: SHOW COLUMNS FROM `shala_gleygood` [ RunTime:0.005137s ]
SQL: SELECT `goodnum`,`gprice` FROM `shala_gleygood` WHERE ( `glfromuser` = '7' )  [ RunTime:0.000862s ]
NOTIC: [2] Invalid argument supplied for foreach() D:\wamp\www\salad\Application\Home\Controller\BaseController.class.php 第 23 行.
SQL: SHOW COLUMNS FROM `shala_gley` [ RunTime:0.004701s ]
SQL: SELECT COUNT(id) AS tp_count FROM `shala_gley` LIMIT 1   [ RunTime:0.000545s ]
SQL: SHOW COLUMNS FROM `shala_foodcate` [ RunTime:0.005165s ]
SQL: SHOW COLUMNS FROM `shala_fcate` [ RunTime:0.004547s ]
SQL: SHOW COLUMNS FROM `shala_hub` [ RunTime:0.004872s ]
SQL: SELECT `id`,`name` FROM `shala_fcate` WHERE ( `name` NOT IN ('基菜','酱料') ) AND ( `status` <> '9' )  [ RunTime:0.000623s ]
SQL: SELECT `fid`,`fpic`,`fname`,`fcate_id` FROM `shala_foodcate` WHERE ( `fcate_id` = 13 )  [ RunTime:0.000756s ]
SQL: SELECT * FROM `shala_hub` WHERE ( `uid` = '7' ) AND ( `well` = '1' )  [ RunTime:0.000627s ]
SQL: SELECT * FROM `shala_hub` WHERE ( `uid` = '7' ) AND ( `well` = '0' ) AND ( `bad` = '1' )  [ RunTime:0.000701s ]
SQL: SELECT * FROM `shala_hub` WHERE ( `uid` = '7' ) AND ( `fid` = '22' )  [ RunTime:0.000622s ]

[ 2016-09-28T14:47:12+08:00 ] ::1 /salad/index.php?s=/Goods/updHub
INFO: [ app_begin ] --START--
INFO: Run Behavior\ReadHtmlCacheBehavior [ RunTime:0.000777s ]
INFO: [ app_begin ] --END-- [ RunTime:0.001563s ]
NOTIC: [8192] mysql_connect(): The mysql extension is deprecated and will be removed in the future: use mysqli or PDO instead D:\wamp\www\salad\ThinkPHP\Library\Think\Db\Driver\Mysql.class.php 第 52 行.
SQL: SHOW COLUMNS FROM `shala_gleygood` [ RunTime:0.005111s ]
SQL: SELECT `goodnum`,`gprice` FROM `shala_gleygood` WHERE ( `glfromuser` = '7' )  [ RunTime:0.000850s ]
NOTIC: [2] Invalid argument supplied for foreach() D:\wamp\www\salad\Application\Home\Controller\BaseController.class.php 第 23 行.
SQL: SHOW COLUMNS FROM `shala_hub` [ RunTime:0.005921s ]
SQL: SELECT `id` FROM `shala_hub` WHERE ( `uid` = 7 ) AND ( `fid` = 22 )  [ RunTime:0.000648s ]
SQL: INSERT INTO `shala_hub` (`bad`,`well`,`uid`,`fid`) VALUES (1,0,7,22) [ RunTime:0.033754s ]

[ 2016-09-28T14:47:17+08:00 ] ::1 /salad/index.php?s=/Index/saselect
INFO: [ app_begin ] --START--
INFO: Run Behavior\ReadHtmlCacheBehavior [ RunTime:0.001102s ]
INFO: [ app_begin ] --END-- [ RunTime:0.002140s ]
NOTIC: [8192] mysql_connect(): The mysql extension is deprecated and will be removed in the future: use mysqli or PDO instead D:\wamp\www\salad\ThinkPHP\Library\Think\Db\Driver\Mysql.class.php 第 52 行.
SQL: SHOW COLUMNS FROM `shala_gleygood` [ RunTime:0.005494s ]
SQL: SELECT `goodnum`,`gprice` FROM `shala_gleygood` WHERE ( `glfromuser` = '7' )  [ RunTime:0.000763s ]
NOTIC: [2] Invalid argument supplied for foreach() D:\wamp\www\salad\Application\Home\Controller\BaseController.class.php 第 23 行.
SQL: SHOW COLUMNS FROM `shala_gley` [ RunTime:0.004920s ]
SQL: SELECT COUNT(id) AS tp_count FROM `shala_gley` LIMIT 1   [ RunTime:0.000585s ]
SQL: SHOW COLUMNS FROM `shala_foodcate` [ RunTime:0.006006s ]
SQL: SHOW COLUMNS FROM `shala_fcate` [ RunTime:0.004672s ]
SQL: SHOW COLUMNS FROM `shala_hub` [ RunTime:0.005843s ]
SQL: SELECT `id`,`name` FROM `shala_fcate` WHERE ( `name` NOT IN ('基菜','酱料') ) AND ( `status` <> '9' )  [ RunTime:0.000636s ]
SQL: SELECT `fid`,`fpic`,`fname`,`fcate_id` FROM `shala_foodcate` WHERE ( `fcate_id` = 10 )  [ RunTime:0.000783s ]
SQL: SELECT * FROM `shala_hub` WHERE ( `uid` = '7' ) AND ( `well` = '1' )  [ RunTime:0.000654s ]
SQL: SELECT * FROM `shala_hub` WHERE ( `uid` = '7' ) AND ( `well` = '0' ) AND ( `bad` = '1' )  [ RunTime:0.000655s ]
SQL: SELECT * FROM `shala_hub` WHERE ( `uid` = '7' ) AND ( `fid` = '12' )  [ RunTime:0.000920s ]
SQL: SELECT * FROM `shala_hub` WHERE ( `uid` = '7' ) AND ( `fid` = '13' )  [ RunTime:0.000684s ]
SQL: SELECT * FROM `shala_hub` WHERE ( `uid` = '7' ) AND ( `fid` = '14' )  [ RunTime:0.000689s ]

[ 2016-09-28T14:47:20+08:00 ] ::1 /salad/index.php?s=/Goods/updHub
INFO: [ app_begin ] --START--
INFO: Run Behavior\ReadHtmlCacheBehavior [ RunTime:0.000723s ]
INFO: [ app_begin ] --END-- [ RunTime:0.001417s ]
NOTIC: [8192] mysql_connect(): The mysql extension is deprecated and will be removed in the future: use mysqli or PDO instead D:\wamp\www\salad\ThinkPHP\Library\Think\Db\Driver\Mysql.class.php 第 52 行.
SQL: SHOW COLUMNS FROM `shala_gleygood` [ RunTime:0.004949s ]
SQL: SELECT `goodnum`,`gprice` FROM `shala_gleygood` WHERE ( `glfromuser` = '7' )  [ RunTime:0.000743s ]
NOTIC: [2] Invalid argument supplied for foreach() D:\wamp\www\salad\Application\Home\Controller\BaseController.class.php 第 23 行.
SQL: SHOW COLUMNS FROM `shala_hub` [ RunTime:0.004795s ]
SQL: SELECT `id` FROM `shala_hub` WHERE ( `uid` = 7 ) AND ( `fid` = 16 )  [ RunTime:0.001064s ]
SQL: INSERT INTO `shala_hub` (`well`,`bad`,`uid`,`fid`) VALUES (1,0,7,16) [ RunTime:0.033362s ]

[ 2016-09-28T14:47:22+08:00 ] ::1 /salad/index.php?s=/Index/diycp
INFO: [ app_begin ] --START--
INFO: Run Behavior\ReadHtmlCacheBehavior [ RunTime:0.000799s ]
INFO: [ app_begin ] --END-- [ RunTime:0.001564s ]
NOTIC: [8192] mysql_connect(): The mysql extension is deprecated and will be removed in the future: use mysqli or PDO instead D:\wamp\www\salad\ThinkPHP\Library\Think\Db\Driver\Mysql.class.php 第 52 行.
SQL: SHOW COLUMNS FROM `shala_gleygood` [ RunTime:0.005915s ]
SQL: SELECT `goodnum`,`gprice` FROM `shala_gleygood` WHERE ( `glfromuser` = '7' )  [ RunTime:0.000845s ]
NOTIC: [2] Invalid argument supplied for foreach() D:\wamp\www\salad\Application\Home\Controller\BaseController.class.php 第 23 行.
SQL: SHOW COLUMNS FROM `shala_gley` [ RunTime:0.006296s ]
SQL: SELECT COUNT(id) AS tp_count FROM `shala_gley` LIMIT 1   [ RunTime:0.000611s ]
SQL: SHOW COLUMNS FROM `shala_foodcate` [ RunTime:0.005676s ]
SQL: SELECT `fid`,`fpic`,`fname` FROM `shala_foodcate` WHERE ( `cname` = '基菜' ) ORDER BY rand() LIMIT 4   [ RunTime:0.027393s ]
SQL: SHOW COLUMNS FROM `shala_hubfooduser` [ RunTime:0.006396s ]
SQL: SELECT `fid`,`fpic`,`fname`,`fcate_id` FROM `shala_hubfooduser` WHERE ( `uid` = '7' ) AND ( `well` = '1' ) ORDER BY rand() LIMIT 12   [ RunTime:0.001334s ]
SQL: SELECT `fid` FROM `shala_hubfooduser` WHERE ( `uid` = '7' )  [ RunTime:0.001171s ]
SQL: SELECT `fid`,`fpic`,`fname` FROM `shala_foodcate` WHERE ( `fid` NOT IN ('15','19','17','22','16') ) AND ( `cname` NOT IN ('基菜','酱料') ) ORDER BY rand() LIMIT 9   [ RunTime:0.006641s ]

[ 2016-09-28T14:47:30+08:00 ] ::1 /salad/index.php?s=/Index/saselect
INFO: [ app_begin ] --START--
INFO: Run Behavior\ReadHtmlCacheBehavior [ RunTime:0.000895s ]
INFO: [ app_begin ] --END-- [ RunTime:0.001729s ]
NOTIC: [8192] mysql_connect(): The mysql extension is deprecated and will be removed in the future: use mysqli or PDO instead D:\wamp\www\salad\ThinkPHP\Library\Think\Db\Driver\Mysql.class.php 第 52 行.
SQL: SHOW COLUMNS FROM `shala_gleygood` [ RunTime:0.004958s ]
SQL: SELECT `goodnum`,`gprice` FROM `shala_gleygood` WHERE ( `glfromuser` = '7' )  [ RunTime:0.000755s ]
NOTIC: [2] Invalid argument supplied for foreach() D:\wamp\www\salad\Application\Home\Controller\BaseController.class.php 第 23 行.
SQL: SHOW COLUMNS FROM `shala_gley` [ RunTime:0.004479s ]
SQL: SELECT COUNT(id) AS tp_count FROM `shala_gley` LIMIT 1   [ RunTime:0.000564s ]
SQL: SHOW COLUMNS FROM `shala_foodcate` [ RunTime:0.004929s ]
SQL: SHOW COLUMNS FROM `shala_fcate` [ RunTime:0.006070s ]
SQL: SHOW COLUMNS FROM `shala_hub` [ RunTime:0.004680s ]
SQL: SELECT `id`,`name` FROM `shala_fcate` WHERE ( `name` NOT IN ('基菜','酱料') ) AND ( `status` <> '9' )  [ RunTime:0.000701s ]
SQL: SELECT `fid`,`fpic`,`fname`,`fcate_id` FROM `shala_foodcate` WHERE ( `fcate_id` = 10 )  [ RunTime:0.000771s ]
SQL: SELECT * FROM `shala_hub` WHERE ( `uid` = '7' ) AND ( `well` = '1' )  [ RunTime:0.000638s ]
SQL: SELECT * FROM `shala_hub` WHERE ( `uid` = '7' ) AND ( `well` = '0' ) AND ( `bad` = '1' )  [ RunTime:0.000819s ]
SQL: SELECT * FROM `shala_hub` WHERE ( `uid` = '7' ) AND ( `fid` = '12' )  [ RunTime:0.000703s ]
SQL: SELECT * FROM `shala_hub` WHERE ( `uid` = '7' ) AND ( `fid` = '13' )  [ RunTime:0.000783s ]
SQL: SELECT * FROM `shala_hub` WHERE ( `uid` = '7' ) AND ( `fid` = '14' )  [ RunTime:0.000693s ]

[ 2016-09-28T14:47:30+08:00 ] ::1 /salad/index.php?s=/Index/saselect
INFO: [ app_begin ] --START--
INFO: Run Behavior\ReadHtmlCacheBehavior [ RunTime:0.000836s ]
INFO: [ app_begin ] --END-- [ RunTime:0.001590s ]
NOTIC: [8192] mysql_connect(): The mysql extension is deprecated and will be removed in the future: use mysqli or PDO instead D:\wamp\www\salad\ThinkPHP\Library\Think\Db\Driver\Mysql.class.php 第 52 行.
SQL: SHOW COLUMNS FROM `shala_gleygood` [ RunTime:0.004953s ]
SQL: SELECT `goodnum`,`gprice` FROM `shala_gleygood` WHERE ( `glfromuser` = '7' )  [ RunTime:0.000767s ]
NOTIC: [2] Invalid argument supplied for foreach() D:\wamp\www\salad\Application\Home\Controller\BaseController.class.php 第 23 行.
SQL: SHOW COLUMNS FROM `shala_gley` [ RunTime:0.004514s ]
SQL: SELECT COUNT(id) AS tp_count FROM `shala_gley` LIMIT 1   [ RunTime:0.000559s ]
SQL: SHOW COLUMNS FROM `shala_foodcate` [ RunTime:0.005700s ]
SQL: SHOW COLUMNS FROM `shala_fcate` [ RunTime:0.004599s ]
SQL: SHOW COLUMNS FROM `shala_hub` [ RunTime:0.004597s ]
SQL: SELECT `id`,`name` FROM `shala_fcate` WHERE ( `name` NOT IN ('基菜','酱料') ) AND ( `status` <> '9' )  [ RunTime:0.000647s ]
SQL: SELECT `fid`,`fpic`,`fname`,`fcate_id` FROM `shala_foodcate` WHERE ( `fcate_id` = 11 )  [ RunTime:0.000790s ]
SQL: SELECT * FROM `shala_hub` WHERE ( `uid` = '7' ) AND ( `well` = '1' )  [ RunTime:0.000638s ]
SQL: SELECT * FROM `shala_hub` WHERE ( `uid` = '7' ) AND ( `well` = '0' ) AND ( `bad` = '1' )  [ RunTime:0.000636s ]
SQL: SELECT * FROM `shala_hub` WHERE ( `uid` = '7' ) AND ( `fid` = '18' )  [ RunTime:0.000637s ]
SQL: SELECT * FROM `shala_hub` WHERE ( `uid` = '7' ) AND ( `fid` = '19' )  [ RunTime:0.000701s ]
SQL: SELECT * FROM `shala_hub` WHERE ( `uid` = '7' ) AND ( `fid` = '20' )  [ RunTime:0.000623s ]

[ 2016-09-28T14:47:31+08:00 ] ::1 /salad/index.php?s=/Index/saselect
INFO: [ app_begin ] --START--
INFO: Run Behavior\ReadHtmlCacheBehavior [ RunTime:0.000743s ]
INFO: [ app_begin ] --END-- [ RunTime:0.001458s ]
NOTIC: [8192] mysql_connect(): The mysql extension is deprecated and will be removed in the future: use mysqli or PDO instead D:\wamp\www\salad\ThinkPHP\Library\Think\Db\Driver\Mysql.class.php 第 52 行.
SQL: SHOW COLUMNS FROM `shala_gleygood` [ RunTime:0.005226s ]
SQL: SELECT `goodnum`,`gprice` FROM `shala_gleygood` WHERE ( `glfromuser` = '7' )  [ RunTime:0.001158s ]
NOTIC: [2] Invalid argument supplied for foreach() D:\wamp\www\salad\Application\Home\Controller\BaseController.class.php 第 23 行.
SQL: SHOW COLUMNS FROM `shala_gley` [ RunTime:0.004628s ]
SQL: SELECT COUNT(id) AS tp_count FROM `shala_gley` LIMIT 1   [ RunTime:0.000536s ]
SQL: SHOW COLUMNS FROM `shala_foodcate` [ RunTime:0.004934s ]
SQL: SHOW COLUMNS FROM `shala_fcate` [ RunTime:0.005220s ]
SQL: SHOW COLUMNS FROM `shala_hub` [ RunTime:0.006547s ]
SQL: SELECT `id`,`name` FROM `shala_fcate` WHERE ( `name` NOT IN ('基菜','酱料') ) AND ( `status` <> '9' )  [ RunTime:0.000607s ]
SQL: SELECT `fid`,`fpic`,`fname`,`fcate_id` FROM `shala_foodcate` WHERE ( `fcate_id` = 12 )  [ RunTime:0.000781s ]
SQL: SELECT * FROM `shala_hub` WHERE ( `uid` = '7' ) AND ( `well` = '1' )  [ RunTime:0.000634s ]
SQL: SELECT * FROM `shala_hub` WHERE ( `uid` = '7' ) AND ( `well` = '0' ) AND ( `bad` = '1' )  [ RunTime:0.000635s ]
SQL: SELECT * FROM `shala_hub` WHERE ( `uid` = '7' ) AND ( `fid` = '17' )  [ RunTime:0.000840s ]
SQL: SELECT * FROM `shala_hub` WHERE ( `uid` = '7' ) AND ( `fid` = '21' )  [ RunTime:0.000663s ]
SQL: SELECT * FROM `shala_hub` WHERE ( `uid` = '7' ) AND ( `fid` = '23' )  [ RunTime:0.000613s ]

[ 2016-09-28T14:47:32+08:00 ] ::1 /salad/index.php?s=/Index/saselect
INFO: [ app_begin ] --START--
INFO: Run Behavior\ReadHtmlCacheBehavior [ RunTime:0.001008s ]
INFO: [ app_begin ] --END-- [ RunTime:0.001695s ]
NOTIC: [8192] mysql_connect(): The mysql extension is deprecated and will be removed in the future: use mysqli or PDO instead D:\wamp\www\salad\ThinkPHP\Library\Think\Db\Driver\Mysql.class.php 第 52 行.
SQL: SHOW COLUMNS FROM `shala_gleygood` [ RunTime:0.005228s ]
SQL: SELECT `goodnum`,`gprice` FROM `shala_gleygood` WHERE ( `glfromuser` = '7' )  [ RunTime:0.000750s ]
NOTIC: [2] Invalid argument supplied for foreach() D:\wamp\www\salad\Application\Home\Controller\BaseController.class.php 第 23 行.
SQL: SHOW COLUMNS FROM `shala_gley` [ RunTime:0.004958s ]
SQL: SELECT COUNT(id) AS tp_count FROM `shala_gley` LIMIT 1   [ RunTime:0.000542s ]
SQL: SHOW COLUMNS FROM `shala_foodcate` [ RunTime:0.004786s ]
SQL: SHOW COLUMNS FROM `shala_fcate` [ RunTime:0.004482s ]
SQL: SHOW COLUMNS FROM `shala_hub` [ RunTime:0.004462s ]
SQL: SELECT `id`,`name` FROM `shala_fcate` WHERE ( `name` NOT IN ('基菜','酱料') ) AND ( `status` <> '9' )  [ RunTime:0.000610s ]
SQL: SELECT `fid`,`fpic`,`fname`,`fcate_id` FROM `shala_foodcate` WHERE ( `fcate_id` = 13 )  [ RunTime:0.000809s ]
SQL: SELECT * FROM `shala_hub` WHERE ( `uid` = '7' ) AND ( `well` = '1' )  [ RunTime:0.000643s ]
SQL: SELECT * FROM `shala_hub` WHERE ( `uid` = '7' ) AND ( `well` = '0' ) AND ( `bad` = '1' )  [ RunTime:0.000666s ]
SQL: SELECT * FROM `shala_hub` WHERE ( `uid` = '7' ) AND ( `fid` = '22' )  [ RunTime:0.000630s ]

[ 2016-09-28T14:48:07+08:00 ] ::1 /salad/index.php?s=/Index/saselect
INFO: [ app_begin ] --START--
INFO: Run Behavior\ReadHtmlCacheBehavior [ RunTime:0.000742s ]
INFO: [ app_begin ] --END-- [ RunTime:0.001419s ]
NOTIC: [8192] mysql_connect(): The mysql extension is deprecated and will be removed in the future: use mysqli or PDO instead D:\wamp\www\salad\ThinkPHP\Library\Think\Db\Driver\Mysql.class.php 第 52 行.
SQL: SHOW COLUMNS FROM `shala_gleygood` [ RunTime:0.005289s ]
SQL: SELECT `goodnum`,`gprice` FROM `shala_gleygood` WHERE ( `glfromuser` = '7' )  [ RunTime:0.000759s ]
NOTIC: [2] Invalid argument supplied for foreach() D:\wamp\www\salad\Application\Home\Controller\BaseController.class.php 第 23 行.
SQL: SHOW COLUMNS FROM `shala_gley` [ RunTime:0.004946s ]
SQL: SELECT COUNT(id) AS tp_count FROM `shala_gley` LIMIT 1   [ RunTime:0.000580s ]
SQL: SHOW COLUMNS FROM `shala_foodcate` [ RunTime:0.004914s ]
SQL: SHOW COLUMNS FROM `shala_fcate` [ RunTime:0.004565s ]
SQL: SHOW COLUMNS FROM `shala_hub` [ RunTime:0.005612s ]
SQL: SELECT `id`,`name` FROM `shala_fcate` WHERE ( `name` NOT IN ('基菜','酱料') ) AND ( `status` <> '9' )  [ RunTime:0.000611s ]
SQL: SELECT `fid`,`fpic`,`fname`,`fcate_id` FROM `shala_foodcate` WHERE ( `fcate_id` = 10 )  [ RunTime:0.000771s ]
SQL: SELECT * FROM `shala_hub` WHERE ( `uid` = '7' ) AND ( `well` = '1' )  [ RunTime:0.000637s ]
SQL: SELECT * FROM `shala_hub` WHERE ( `uid` = '7' ) AND ( `well` = '0' ) AND ( `bad` = '1' )  [ RunTime:0.000766s ]
SQL: SELECT * FROM `shala_hub` WHERE ( `uid` = '7' ) AND ( `fid` = '12' )  [ RunTime:0.000696s ]
SQL: SELECT * FROM `shala_hub` WHERE ( `uid` = '7' ) AND ( `fid` = '13' )  [ RunTime:0.000686s ]
SQL: SELECT * FROM `shala_hub` WHERE ( `uid` = '7' ) AND ( `fid` = '14' )  [ RunTime:0.000685s ]

[ 2016-09-28T14:48:08+08:00 ] ::1 /salad/index.php?s=/Index/saselect
INFO: [ app_begin ] --START--
INFO: Run Behavior\ReadHtmlCacheBehavior [ RunTime:0.000932s ]
INFO: [ app_begin ] --END-- [ RunTime:0.001776s ]
NOTIC: [8192] mysql_connect(): The mysql extension is deprecated and will be removed in the future: use mysqli or PDO instead D:\wamp\www\salad\ThinkPHP\Library\Think\Db\Driver\Mysql.class.php 第 52 行.
SQL: SHOW COLUMNS FROM `shala_gleygood` [ RunTime:0.005058s ]
SQL: SELECT `goodnum`,`gprice` FROM `shala_gleygood` WHERE ( `glfromuser` = '7' )  [ RunTime:0.000744s ]
NOTIC: [2] Invalid argument supplied for foreach() D:\wamp\www\salad\Application\Home\Controller\BaseController.class.php 第 23 行.
SQL: SHOW COLUMNS FROM `shala_gley` [ RunTime:0.004940s ]
SQL: SELECT COUNT(id) AS tp_count FROM `shala_gley` LIMIT 1   [ RunTime:0.000566s ]
SQL: SHOW COLUMNS FROM `shala_foodcate` [ RunTime:0.004880s ]
SQL: SHOW COLUMNS FROM `shala_fcate` [ RunTime:0.006013s ]
SQL: SHOW COLUMNS FROM `shala_hub` [ RunTime:0.005688s ]
SQL: SELECT `id`,`name` FROM `shala_fcate` WHERE ( `name` NOT IN ('基菜','酱料') ) AND ( `status` <> '9' )  [ RunTime:0.000608s ]
SQL: SELECT `fid`,`fpic`,`fname`,`fcate_id` FROM `shala_foodcate` WHERE ( `fcate_id` = 11 )  [ RunTime:0.000817s ]
SQL: SELECT * FROM `shala_hub` WHERE ( `uid` = '7' ) AND ( `well` = '1' )  [ RunTime:0.000677s ]
SQL: SELECT * FROM `shala_hub` WHERE ( `uid` = '7' ) AND ( `well` = '0' ) AND ( `bad` = '1' )  [ RunTime:0.000653s ]
SQL: SELECT * FROM `shala_hub` WHERE ( `uid` = '7' ) AND ( `fid` = '18' )  [ RunTime:0.000637s ]
SQL: SELECT * FROM `shala_hub` WHERE ( `uid` = '7' ) AND ( `fid` = '19' )  [ RunTime:0.000748s ]
SQL: SELECT * FROM `shala_hub` WHERE ( `uid` = '7' ) AND ( `fid` = '20' )  [ RunTime:0.000639s ]

[ 2016-09-28T14:48:11+08:00 ] ::1 /salad/index.php?s=/Index/saselect
INFO: [ app_begin ] --START--
INFO: Run Behavior\ReadHtmlCacheBehavior [ RunTime:0.000756s ]
INFO: [ app_begin ] --END-- [ RunTime:0.001488s ]
NOTIC: [8192] mysql_connect(): The mysql extension is deprecated and will be removed in the future: use mysqli or PDO instead D:\wamp\www\salad\ThinkPHP\Library\Think\Db\Driver\Mysql.class.php 第 52 行.
SQL: SHOW COLUMNS FROM `shala_gleygood` [ RunTime:0.005297s ]
SQL: SELECT `goodnum`,`gprice` FROM `shala_gleygood` WHERE ( `glfromuser` = '7' )  [ RunTime:0.000752s ]
NOTIC: [2] Invalid argument supplied for foreach() D:\wamp\www\salad\Application\Home\Controller\BaseController.class.php 第 23 行.
SQL: SHOW COLUMNS FROM `shala_gley` [ RunTime:0.065575s ]
SQL: SELECT COUNT(id) AS tp_count FROM `shala_gley` LIMIT 1   [ RunTime:0.000521s ]
SQL: SHOW COLUMNS FROM `shala_foodcate` [ RunTime:0.005556s ]
SQL: SHOW COLUMNS FROM `shala_fcate` [ RunTime:0.005068s ]
SQL: SHOW COLUMNS FROM `shala_hub` [ RunTime:0.004262s ]
SQL: SELECT `id`,`name` FROM `shala_fcate` WHERE ( `name` NOT IN ('基菜','酱料') ) AND ( `status` <> '9' )  [ RunTime:0.000589s ]
SQL: SELECT `fid`,`fpic`,`fname`,`fcate_id` FROM `shala_foodcate` WHERE ( `fcate_id` = 12 )  [ RunTime:0.000773s ]
SQL: SELECT * FROM `shala_hub` WHERE ( `uid` = '7' ) AND ( `well` = '1' )  [ RunTime:0.020862s ]
SQL: SELECT * FROM `shala_hub` WHERE ( `uid` = '7' ) AND ( `well` = '0' ) AND ( `bad` = '1' )  [ RunTime:0.000624s ]
SQL: SELECT * FROM `shala_hub` WHERE ( `uid` = '7' ) AND ( `fid` = '17' )  [ RunTime:0.000615s ]
SQL: SELECT * FROM `shala_hub` WHERE ( `uid` = '7' ) AND ( `fid` = '21' )  [ RunTime:0.000595s ]
SQL: SELECT * FROM `shala_hub` WHERE ( `uid` = '7' ) AND ( `fid` = '23' )  [ RunTime:0.000590s ]

[ 2016-09-28T14:48:12+08:00 ] ::1 /salad/index.php?s=/Index/saselect
INFO: [ app_begin ] --START--
INFO: Run Behavior\ReadHtmlCacheBehavior [ RunTime:0.001253s ]
INFO: [ app_begin ] --END-- [ RunTime:0.002104s ]
NOTIC: [8192] mysql_connect(): The mysql extension is deprecated and will be removed in the future: use mysqli or PDO instead D:\wamp\www\salad\ThinkPHP\Library\Think\Db\Driver\Mysql.class.php 第 52 行.
SQL: SHOW COLUMNS FROM `shala_gleygood` [ RunTime:0.005756s ]
SQL: SELECT `goodnum`,`gprice` FROM `shala_gleygood` WHERE ( `glfromuser` = '7' )  [ RunTime:0.000839s ]
NOTIC: [2] Invalid argument supplied for foreach() D:\wamp\www\salad\Application\Home\Controller\BaseController.class.php 第 23 行.
SQL: SHOW COLUMNS FROM `shala_gley` [ RunTime:0.022211s ]
SQL: SELECT COUNT(id) AS tp_count FROM `shala_gley` LIMIT 1   [ RunTime:0.000568s ]
SQL: SHOW COLUMNS FROM `shala_foodcate` [ RunTime:0.005009s ]
SQL: SHOW COLUMNS FROM `shala_fcate` [ RunTime:0.004561s ]
SQL: SHOW COLUMNS FROM `shala_hub` [ RunTime:0.005985s ]
SQL: SELECT `id`,`name` FROM `shala_fcate` WHERE ( `name` NOT IN ('基菜','酱料') ) AND ( `status` <> '9' )  [ RunTime:0.000605s ]
SQL: SELECT `fid`,`fpic`,`fname`,`fcate_id` FROM `shala_foodcate` WHERE ( `fcate_id` = 13 )  [ RunTime:0.000749s ]
SQL: SELECT * FROM `shala_hub` WHERE ( `uid` = '7' ) AND ( `well` = '1' )  [ RunTime:0.000637s ]
SQL: SELECT * FROM `shala_hub` WHERE ( `uid` = '7' ) AND ( `well` = '0' ) AND ( `bad` = '1' )  [ RunTime:0.000617s ]
SQL: SELECT * FROM `shala_hub` WHERE ( `uid` = '7' ) AND ( `fid` = '22' )  [ RunTime:0.000733s ]

[ 2016-09-28T14:52:21+08:00 ] ::1 /salad/index.php?s=/Goods/updHub
INFO: [ app_begin ] --START--
INFO: Run Behavior\ReadHtmlCacheBehavior [ RunTime:0.001008s ]
INFO: [ app_begin ] --END-- [ RunTime:0.001810s ]
NOTIC: [8192] mysql_connect(): The mysql extension is deprecated and will be removed in the future: use mysqli or PDO instead D:\wamp\www\salad\ThinkPHP\Library\Think\Db\Driver\Mysql.class.php 第 52 行.
SQL: SHOW COLUMNS FROM `shala_gleygood` [ RunTime:0.005234s ]
SQL: SELECT `goodnum`,`gprice` FROM `shala_gleygood` WHERE ( `glfromuser` = '7' )  [ RunTime:0.000736s ]
NOTIC: [2] Invalid argument supplied for foreach() D:\wamp\www\salad\Application\Home\Controller\BaseController.class.php 第 23 行.
SQL: SHOW COLUMNS FROM `shala_hub` [ RunTime:0.004513s ]
SQL: SELECT `id` FROM `shala_hub` WHERE ( `uid` = 7 ) AND ( `fid` = 18 )  [ RunTime:0.000645s ]
SQL: INSERT INTO `shala_hub` (`well`,`bad`,`uid`,`fid`) VALUES (1,0,7,18) [ RunTime:0.065493s ]

[ 2016-09-28T15:05:02+08:00 ] ::1 /salad/index.php?s=/Goods/updHub
INFO: [ app_begin ] --START--
INFO: Run Behavior\ReadHtmlCacheBehavior [ RunTime:0.000998s ]
INFO: [ app_begin ] --END-- [ RunTime:0.001889s ]
NOTIC: [8192] mysql_connect(): The mysql extension is deprecated and will be removed in the future: use mysqli or PDO instead D:\wamp\www\salad\ThinkPHP\Library\Think\Db\Driver\Mysql.class.php 第 52 行.
SQL: SHOW COLUMNS FROM `shala_gleygood` [ RunTime:0.005067s ]
SQL: SELECT `goodnum`,`gprice` FROM `shala_gleygood` WHERE ( `glfromuser` = '7' )  [ RunTime:0.000895s ]
NOTIC: [2] Invalid argument supplied for foreach() D:\wamp\www\salad\Application\Home\Controller\BaseController.class.php 第 23 行.
SQL: SHOW COLUMNS FROM `shala_hub` [ RunTime:0.004967s ]
SQL: SELECT `id` FROM `shala_hub` WHERE ( `uid` = 7 ) AND ( `fid` = 12 )  [ RunTime:0.000676s ]
SQL: INSERT INTO `shala_hub` (`well`,`bad`,`uid`,`fid`) VALUES (1,0,7,12) [ RunTime:0.064950s ]

[ 2016-09-28T15:05:02+08:00 ] ::1 /salad/index.php?s=/Goods/updHub
INFO: [ app_begin ] --START--
INFO: Run Behavior\ReadHtmlCacheBehavior [ RunTime:0.000795s ]
INFO: [ app_begin ] --END-- [ RunTime:0.001567s ]
NOTIC: [8192] mysql_connect(): The mysql extension is deprecated and will be removed in the future: use mysqli or PDO instead D:\wamp\www\salad\ThinkPHP\Library\Think\Db\Driver\Mysql.class.php 第 52 行.
SQL: SHOW COLUMNS FROM `shala_gleygood` [ RunTime:0.004911s ]
SQL: SELECT `goodnum`,`gprice` FROM `shala_gleygood` WHERE ( `glfromuser` = '7' )  [ RunTime:0.000727s ]
NOTIC: [2] Invalid argument supplied for foreach() D:\wamp\www\salad\Application\Home\Controller\BaseController.class.php 第 23 行.
SQL: SHOW COLUMNS FROM `shala_hub` [ RunTime:0.004991s ]
SQL: SELECT `id` FROM `shala_hub` WHERE ( `uid` = 7 ) AND ( `fid` = 13 )  [ RunTime:0.000667s ]
SQL: INSERT INTO `shala_hub` (`well`,`bad`,`uid`,`fid`) VALUES (1,0,7,13) [ RunTime:0.071440s ]

[ 2016-09-28T15:05:03+08:00 ] ::1 /salad/index.php?s=/Goods/updHub
INFO: [ app_begin ] --START--
INFO: Run Behavior\ReadHtmlCacheBehavior [ RunTime:0.001080s ]
INFO: [ app_begin ] --END-- [ RunTime:0.001813s ]
NOTIC: [8192] mysql_connect(): The mysql extension is deprecated and will be removed in the future: use mysqli or PDO instead D:\wamp\www\salad\ThinkPHP\Library\Think\Db\Driver\Mysql.class.php 第 52 行.
SQL: SHOW COLUMNS FROM `shala_gleygood` [ RunTime:0.005171s ]
SQL: SELECT `goodnum`,`gprice` FROM `shala_gleygood` WHERE ( `glfromuser` = '7' )  [ RunTime:0.000769s ]
NOTIC: [2] Invalid argument supplied for foreach() D:\wamp\www\salad\Application\Home\Controller\BaseController.class.php 第 23 行.
SQL: SHOW COLUMNS FROM `shala_hub` [ RunTime:0.004964s ]
SQL: SELECT `id` FROM `shala_hub` WHERE ( `uid` = 7 ) AND ( `fid` = 14 )  [ RunTime:0.000672s ]
SQL: INSERT INTO `shala_hub` (`well`,`bad`,`uid`,`fid`) VALUES (1,0,7,14) [ RunTime:0.031444s ]

[ 2016-09-28T15:05:07+08:00 ] ::1 /salad/index.php?s=/Goods/updHub
INFO: [ app_begin ] --START--
INFO: Run Behavior\ReadHtmlCacheBehavior [ RunTime:0.000770s ]
INFO: [ app_begin ] --END-- [ RunTime:0.001530s ]
NOTIC: [8192] mysql_connect(): The mysql extension is deprecated and will be removed in the future: use mysqli or PDO instead D:\wamp\www\salad\ThinkPHP\Library\Think\Db\Driver\Mysql.class.php 第 52 行.
SQL: SHOW COLUMNS FROM `shala_gleygood` [ RunTime:0.004974s ]
SQL: SELECT `goodnum`,`gprice` FROM `shala_gleygood` WHERE ( `glfromuser` = '7' )  [ RunTime:0.000725s ]
NOTIC: [2] Invalid argument supplied for foreach() D:\wamp\www\salad\Application\Home\Controller\BaseController.class.php 第 23 行.
SQL: SHOW COLUMNS FROM `shala_hub` [ RunTime:0.005073s ]
SQL: SELECT `id` FROM `shala_hub` WHERE ( `uid` = 7 ) AND ( `fid` = 20 )  [ RunTime:0.000753s ]
SQL: INSERT INTO `shala_hub` (`well`,`bad`,`uid`,`fid`) VALUES (1,0,7,20) [ RunTime:0.065710s ]

[ 2016-09-28T15:05:09+08:00 ] ::1 /salad/index.php?s=/Goods/updHub
INFO: [ app_begin ] --START--
INFO: Run Behavior\ReadHtmlCacheBehavior [ RunTime:0.000725s ]
INFO: [ app_begin ] --END-- [ RunTime:0.001468s ]
NOTIC: [8192] mysql_connect(): The mysql extension is deprecated and will be removed in the future: use mysqli or PDO instead D:\wamp\www\salad\ThinkPHP\Library\Think\Db\Driver\Mysql.class.php 第 52 行.
SQL: SHOW COLUMNS FROM `shala_gleygood` [ RunTime:0.005002s ]
SQL: SELECT `goodnum`,`gprice` FROM `shala_gleygood` WHERE ( `glfromuser` = '7' )  [ RunTime:0.000780s ]
NOTIC: [2] Invalid argument supplied for foreach() D:\wamp\www\salad\Application\Home\Controller\BaseController.class.php 第 23 行.
SQL: SHOW COLUMNS FROM `shala_hub` [ RunTime:0.004627s ]
SQL: SELECT `id` FROM `shala_hub` WHERE ( `uid` = 7 ) AND ( `fid` = 21 )  [ RunTime:0.000606s ]
SQL: INSERT INTO `shala_hub` (`bad`,`well`,`uid`,`fid`) VALUES (1,0,7,21) [ RunTime:0.062447s ]

[ 2016-09-28T15:05:09+08:00 ] ::1 /salad/index.php?s=/Goods/updHub
INFO: [ app_begin ] --START--
INFO: Run Behavior\ReadHtmlCacheBehavior [ RunTime:0.000756s ]
INFO: [ app_begin ] --END-- [ RunTime:0.001483s ]
NOTIC: [8192] mysql_connect(): The mysql extension is deprecated and will be removed in the future: use mysqli or PDO instead D:\wamp\www\salad\ThinkPHP\Library\Think\Db\Driver\Mysql.class.php 第 52 行.
SQL: SHOW COLUMNS FROM `shala_gleygood` [ RunTime:0.006424s ]
SQL: SELECT `goodnum`,`gprice` FROM `shala_gleygood` WHERE ( `glfromuser` = '7' )  [ RunTime:0.000762s ]
NOTIC: [2] Invalid argument supplied for foreach() D:\wamp\www\salad\Application\Home\Controller\BaseController.class.php 第 23 行.
SQL: SHOW COLUMNS FROM `shala_hub` [ RunTime:0.004594s ]
SQL: SELECT `id` FROM `shala_hub` WHERE ( `uid` = 7 ) AND ( `fid` = 23 )  [ RunTime:0.000595s ]
SQL: INSERT INTO `shala_hub` (`bad`,`well`,`uid`,`fid`) VALUES (1,0,7,23) [ RunTime:0.044216s ]

[ 2016-09-28T15:05:18+08:00 ] ::1 /salad/index.php?s=/Index/diycp
INFO: [ app_begin ] --START--
INFO: Run Behavior\ReadHtmlCacheBehavior [ RunTime:0.000869s ]
INFO: [ app_begin ] --END-- [ RunTime:0.001689s ]
NOTIC: [8192] mysql_connect(): The mysql extension is deprecated and will be removed in the future: use mysqli or PDO instead D:\wamp\www\salad\ThinkPHP\Library\Think\Db\Driver\Mysql.class.php 第 52 行.
SQL: SHOW COLUMNS FROM `shala_gleygood` [ RunTime:0.006767s ]
SQL: SELECT `goodnum`,`gprice` FROM `shala_gleygood` WHERE ( `glfromuser` = '7' )  [ RunTime:0.000922s ]
NOTIC: [2] Invalid argument supplied for foreach() D:\wamp\www\salad\Application\Home\Controller\BaseController.class.php 第 23 行.
SQL: SHOW COLUMNS FROM `shala_gley` [ RunTime:0.004655s ]
SQL: SELECT COUNT(id) AS tp_count FROM `shala_gley` LIMIT 1   [ RunTime:0.000549s ]
SQL: SHOW COLUMNS FROM `shala_foodcate` [ RunTime:0.005511s ]
SQL: SELECT `fid`,`fpic`,`fname` FROM `shala_foodcate` WHERE ( `cname` = '基菜' ) ORDER BY rand() LIMIT 4   [ RunTime:0.001230s ]
SQL: SHOW COLUMNS FROM `shala_hubfooduser` [ RunTime:0.006932s ]
SQL: SELECT `fid`,`fpic`,`fname`,`fcate_id` FROM `shala_hubfooduser` WHERE ( `uid` = '7' ) AND ( `well` = '1' ) ORDER BY rand() LIMIT 12   [ RunTime:0.001650s ]
SQL: SELECT `fid` FROM `shala_hubfooduser` WHERE ( `uid` = '7' )  [ RunTime:0.001144s ]
SQL: SELECT `fid`,`fpic`,`fname` FROM `shala_foodcate` WHERE ( `fid` NOT IN ('15','16','12','13','14','18','19','20','17','21','23','22') ) AND ( `cname` NOT IN ('基菜','酱料') ) ORDER BY rand() LIMIT 4   [ RunTime:0.001213s ]

[ 2016-09-28T15:31:05+08:00 ] ::1 /salad/index.php?s=/Index/diycp
INFO: [ app_begin ] --START--
INFO: Run Behavior\ReadHtmlCacheBehavior [ RunTime:0.000765s ]
INFO: [ app_begin ] --END-- [ RunTime:0.001488s ]
NOTIC: [8192] mysql_connect(): The mysql extension is deprecated and will be removed in the future: use mysqli or PDO instead D:\wamp\www\salad\ThinkPHP\Library\Think\Db\Driver\Mysql.class.php 第 52 行.
SQL: SHOW COLUMNS FROM `shala_gleygood` [ RunTime:0.006093s ]
SQL: SELECT `goodnum`,`gprice` FROM `shala_gleygood` WHERE ( `glfromuser` = '7' )  [ RunTime:0.000813s ]
NOTIC: [2] Invalid argument supplied for foreach() D:\wamp\www\salad\Application\Home\Controller\BaseController.class.php 第 23 行.
SQL: SHOW COLUMNS FROM `shala_gley` [ RunTime:0.006293s ]
SQL: SELECT COUNT(id) AS tp_count FROM `shala_gley` LIMIT 1   [ RunTime:0.000598s ]
SQL: SHOW COLUMNS FROM `shala_foodcate` [ RunTime:0.005597s ]
SQL: SELECT `fid`,`fpic`,`fname` FROM `shala_foodcate` WHERE ( `cname` = '基菜' ) ORDER BY rand() LIMIT 4   [ RunTime:0.001042s ]
SQL: SHOW COLUMNS FROM `shala_hubfooduser` [ RunTime:0.006199s ]
SQL: SELECT `fid`,`fpic`,`fname`,`fcate_id` FROM `shala_hubfooduser` WHERE ( `uid` = '7' ) AND ( `well` = '1' ) ORDER BY rand() LIMIT 12   [ RunTime:0.001634s ]
SQL: SELECT `fid` FROM `shala_hubfooduser` WHERE ( `uid` = '7' )  [ RunTime:0.001215s ]
SQL: SELECT `fid`,`fpic`,`fname` FROM `shala_foodcate` WHERE ( `fid` NOT IN ('15','16','12','13','14','18','19','20','17','21','23','22') ) AND ( `cname` NOT IN ('基菜','酱料') ) ORDER BY rand() LIMIT 4   [ RunTime:0.001232s ]

[ 2016-09-28T15:31:41+08:00 ] ::1 /salad/index.php?s=/Index/diycp
INFO: [ app_begin ] --START--
INFO: Run Behavior\ReadHtmlCacheBehavior [ RunTime:0.000878s ]
INFO: [ app_begin ] --END-- [ RunTime:0.001683s ]
NOTIC: [8192] mysql_connect(): The mysql extension is deprecated and will be removed in the future: use mysqli or PDO instead D:\wamp\www\salad\ThinkPHP\Library\Think\Db\Driver\Mysql.class.php 第 52 行.
SQL: SHOW COLUMNS FROM `shala_gleygood` [ RunTime:0.005112s ]
SQL: SELECT `goodnum`,`gprice` FROM `shala_gleygood` WHERE ( `glfromuser` = '7' )  [ RunTime:0.000807s ]
NOTIC: [2] Invalid argument supplied for foreach() D:\wamp\www\salad\Application\Home\Controller\BaseController.class.php 第 23 行.
SQL: SHOW COLUMNS FROM `shala_gley` [ RunTime:0.004841s ]
SQL: SELECT COUNT(id) AS tp_count FROM `shala_gley` LIMIT 1   [ RunTime:0.000550s ]
SQL: SHOW COLUMNS FROM `shala_foodcate` [ RunTime:0.007139s ]
SQL: SELECT `fid`,`fpic`,`fname` FROM `shala_foodcate` WHERE ( `cname` = '基菜' ) ORDER BY rand() LIMIT 4   [ RunTime:0.000978s ]
SQL: SHOW COLUMNS FROM `shala_hubfooduser` [ RunTime:0.005340s ]
SQL: SELECT `fid`,`fpic`,`fname`,`fcate_id` FROM `shala_hubfooduser` WHERE ( `uid` = '7' ) AND ( `well` = '1' ) ORDER BY rand() LIMIT 12   [ RunTime:0.001312s ]
SQL: SELECT `fid` FROM `shala_hubfooduser` WHERE ( `uid` = '7' )  [ RunTime:0.001064s ]
SQL: SELECT `fid`,`fpic`,`fname` FROM `shala_foodcate` WHERE ( `fid` NOT IN ('15','16','12','13','14','18','19','20','17','21','23','22') ) AND ( `cname` NOT IN ('基菜','酱料') ) ORDER BY rand() LIMIT 4   [ RunTime:0.001045s ]

[ 2016-09-28T15:31:48+08:00 ] ::1 /salad/index.php?s=/Index/diycp
INFO: [ app_begin ] --START--
INFO: Run Behavior\ReadHtmlCacheBehavior [ RunTime:0.002909s ]
INFO: [ app_begin ] --END-- [ RunTime:0.005790s ]
NOTIC: [8192] mysql_connect(): The mysql extension is deprecated and will be removed in the future: use mysqli or PDO instead D:\wamp\www\salad\ThinkPHP\Library\Think\Db\Driver\Mysql.class.php 第 52 行.
SQL: SHOW COLUMNS FROM `shala_gleygood` [ RunTime:0.005697s ]
SQL: SELECT `goodnum`,`gprice` FROM `shala_gleygood` WHERE ( `glfromuser` = '7' )  [ RunTime:0.000769s ]
NOTIC: [2] Invalid argument supplied for foreach() D:\wamp\www\salad\Application\Home\Controller\BaseController.class.php 第 23 行.
SQL: SHOW COLUMNS FROM `shala_gley` [ RunTime:0.005342s ]
SQL: SELECT COUNT(id) AS tp_count FROM `shala_gley` LIMIT 1   [ RunTime:0.000622s ]
SQL: SHOW COLUMNS FROM `shala_foodcate` [ RunTime:0.009629s ]
SQL: SELECT `fid`,`fpic`,`fname` FROM `shala_foodcate` WHERE ( `cname` = '基菜' ) ORDER BY rand() LIMIT 4   [ RunTime:0.001116s ]
SQL: SHOW COLUMNS FROM `shala_hubfooduser` [ RunTime:0.005411s ]
SQL: SELECT `fid`,`fpic`,`fname`,`fcate_id` FROM `shala_hubfooduser` WHERE ( `uid` = '7' ) AND ( `well` = '1' ) ORDER BY rand() LIMIT 12   [ RunTime:0.001346s ]
SQL: SELECT `fid` FROM `shala_hubfooduser` WHERE ( `uid` = '7' )  [ RunTime:0.001071s ]
SQL: SELECT `fid`,`fpic`,`fname` FROM `shala_foodcate` WHERE ( `fid` NOT IN ('15','16','12','13','14','18','19','20','17','21','23','22') ) AND ( `cname` NOT IN ('基菜','酱料') ) ORDER BY rand() LIMIT 4   [ RunTime:0.001102s ]

[ 2016-09-28T15:32:30+08:00 ] ::1 /salad/index.php?s=/Index/diycp
INFO: [ app_begin ] --START--
INFO: Run Behavior\ReadHtmlCacheBehavior [ RunTime:0.000887s ]
INFO: [ app_begin ] --END-- [ RunTime:0.001755s ]
NOTIC: [8192] mysql_connect(): The mysql extension is deprecated and will be removed in the future: use mysqli or PDO instead D:\wamp\www\salad\ThinkPHP\Library\Think\Db\Driver\Mysql.class.php 第 52 行.
SQL: SHOW COLUMNS FROM `shala_gleygood` [ RunTime:0.005343s ]
SQL: SELECT `goodnum`,`gprice` FROM `shala_gleygood` WHERE ( `glfromuser` = '7' )  [ RunTime:0.000785s ]
NOTIC: [2] Invalid argument supplied for foreach() D:\wamp\www\salad\Application\Home\Controller\BaseController.class.php 第 23 行.
SQL: SHOW COLUMNS FROM `shala_gley` [ RunTime:0.005025s ]
SQL: SELECT COUNT(id) AS tp_count FROM `shala_gley` LIMIT 1   [ RunTime:0.000594s ]
SQL: SHOW COLUMNS FROM `shala_foodcate` [ RunTime:0.004842s ]
SQL: SELECT `fid`,`fpic`,`fname` FROM `shala_foodcate` WHERE ( `cname` = '基菜' ) ORDER BY rand() LIMIT 4   [ RunTime:0.001427s ]
SQL: SHOW COLUMNS FROM `shala_hubfooduser` [ RunTime:0.005844s ]
SQL: SELECT `fid`,`fpic`,`fname`,`fcate_id` FROM `shala_hubfooduser` WHERE ( `uid` = '7' ) AND ( `well` = '1' ) ORDER BY rand() LIMIT 12   [ RunTime:0.001412s ]
SQL: SELECT `fid` FROM `shala_hubfooduser` WHERE ( `uid` = '7' )  [ RunTime:0.001099s ]
SQL: SELECT `fid`,`fpic`,`fname` FROM `shala_foodcate` WHERE ( `fid` NOT IN ('15','16','12','13','14','18','19','20','17','21','23','22') ) AND ( `cname` NOT IN ('基菜','酱料') ) ORDER BY rand() LIMIT 4   [ RunTime:0.001172s ]

[ 2016-09-28T15:58:36+08:00 ] ::1 /salad/index.php?s=/Index/saselect
INFO: [ app_begin ] --START--
INFO: Run Behavior\ReadHtmlCacheBehavior [ RunTime:0.001049s ]
INFO: [ app_begin ] --END-- [ RunTime:0.001828s ]
NOTIC: [8192] mysql_connect(): The mysql extension is deprecated and will be removed in the future: use mysqli or PDO instead D:\wamp\www\salad\ThinkPHP\Library\Think\Db\Driver\Mysql.class.php 第 52 行.
SQL: SHOW COLUMNS FROM `shala_gleygood` [ RunTime:0.017120s ]
SQL: SELECT `goodnum`,`gprice` FROM `shala_gleygood` WHERE ( `glfromuser` = '7' )  [ RunTime:0.001152s ]
NOTIC: [2] Invalid argument supplied for foreach() D:\wamp\www\salad\Application\Home\Controller\BaseController.class.php 第 23 行.
SQL: SHOW COLUMNS FROM `shala_gley` [ RunTime:0.004851s ]
SQL: SELECT COUNT(id) AS tp_count FROM `shala_gley` LIMIT 1   [ RunTime:0.000595s ]
SQL: SHOW COLUMNS FROM `shala_foodcate` [ RunTime:0.005262s ]
SQL: SHOW COLUMNS FROM `shala_fcate` [ RunTime:0.004582s ]
SQL: SHOW COLUMNS FROM `shala_hub` [ RunTime:0.004790s ]
SQL: SELECT `id`,`name` FROM `shala_fcate` WHERE ( `name` NOT IN ('基菜','酱料') ) AND ( `status` <> '9' )  [ RunTime:0.000703s ]
SQL: SELECT `fid`,`fpic`,`fname`,`fcate_id` FROM `shala_foodcate` WHERE ( `fcate_id` = 10 )  [ RunTime:0.000987s ]
SQL: SELECT * FROM `shala_hub` WHERE ( `uid` = '7' ) AND ( `well` = '1' )  [ RunTime:0.000924s ]
SQL: SELECT * FROM `shala_hub` WHERE ( `uid` = '7' ) AND ( `well` = '0' ) AND ( `bad` = '1' )  [ RunTime:0.000711s ]
SQL: SELECT * FROM `shala_hub` WHERE ( `uid` = '7' ) AND ( `fid` = '12' )  [ RunTime:0.001125s ]
SQL: SELECT * FROM `shala_hub` WHERE ( `uid` = '7' ) AND ( `fid` = '13' )  [ RunTime:0.001104s ]
SQL: SELECT * FROM `shala_hub` WHERE ( `uid` = '7' ) AND ( `fid` = '14' )  [ RunTime:0.000737s ]

[ 2016-09-28T15:58:37+08:00 ] ::1 /salad/index.php?s=/Index/saselect
INFO: [ app_begin ] --START--
INFO: Run Behavior\ReadHtmlCacheBehavior [ RunTime:0.000967s ]
INFO: [ app_begin ] --END-- [ RunTime:0.001725s ]
NOTIC: [8192] mysql_connect(): The mysql extension is deprecated and will be removed in the future: use mysqli or PDO instead D:\wamp\www\salad\ThinkPHP\Library\Think\Db\Driver\Mysql.class.php 第 52 行.
SQL: SHOW COLUMNS FROM `shala_gleygood` [ RunTime:0.005939s ]
SQL: SELECT `goodnum`,`gprice` FROM `shala_gleygood` WHERE ( `glfromuser` = '7' )  [ RunTime:0.000808s ]
NOTIC: [2] Invalid argument supplied for foreach() D:\wamp\www\salad\Application\Home\Controller\BaseController.class.php 第 23 行.
SQL: SHOW COLUMNS FROM `shala_gley` [ RunTime:0.006003s ]
SQL: SELECT COUNT(id) AS tp_count FROM `shala_gley` LIMIT 1   [ RunTime:0.000625s ]
SQL: SHOW COLUMNS FROM `shala_foodcate` [ RunTime:0.005084s ]
SQL: SHOW COLUMNS FROM `shala_fcate` [ RunTime:0.004681s ]
SQL: SHOW COLUMNS FROM `shala_hub` [ RunTime:0.004780s ]
SQL: SELECT `id`,`name` FROM `shala_fcate` WHERE ( `name` NOT IN ('基菜','酱料') ) AND ( `status` <> '9' )  [ RunTime:0.000604s ]
SQL: SELECT `fid`,`fpic`,`fname`,`fcate_id` FROM `shala_foodcate` WHERE ( `fcate_id` = 11 )  [ RunTime:0.000773s ]
SQL: SELECT * FROM `shala_hub` WHERE ( `uid` = '7' ) AND ( `well` = '1' )  [ RunTime:0.000653s ]
SQL: SELECT * FROM `shala_hub` WHERE ( `uid` = '7' ) AND ( `well` = '0' ) AND ( `bad` = '1' )  [ RunTime:0.000649s ]
SQL: SELECT * FROM `shala_hub` WHERE ( `uid` = '7' ) AND ( `fid` = '18' )  [ RunTime:0.000706s ]
SQL: SELECT * FROM `shala_hub` WHERE ( `uid` = '7' ) AND ( `fid` = '19' )  [ RunTime:0.000699s ]
SQL: SELECT * FROM `shala_hub` WHERE ( `uid` = '7' ) AND ( `fid` = '20' )  [ RunTime:0.000705s ]

[ 2016-09-28T15:58:38+08:00 ] ::1 /salad/index.php?s=/Index/saselect
INFO: [ app_begin ] --START--
INFO: Run Behavior\ReadHtmlCacheBehavior [ RunTime:0.000854s ]
INFO: [ app_begin ] --END-- [ RunTime:0.001667s ]
NOTIC: [8192] mysql_connect(): The mysql extension is deprecated and will be removed in the future: use mysqli or PDO instead D:\wamp\www\salad\ThinkPHP\Library\Think\Db\Driver\Mysql.class.php 第 52 行.
SQL: SHOW COLUMNS FROM `shala_gleygood` [ RunTime:0.005292s ]
SQL: SELECT `goodnum`,`gprice` FROM `shala_gleygood` WHERE ( `glfromuser` = '7' )  [ RunTime:0.000844s ]
NOTIC: [2] Invalid argument supplied for foreach() D:\wamp\www\salad\Application\Home\Controller\BaseController.class.php 第 23 行.
SQL: SHOW COLUMNS FROM `shala_gley` [ RunTime:0.006780s ]
SQL: SELECT COUNT(id) AS tp_count FROM `shala_gley` LIMIT 1   [ RunTime:0.000535s ]
SQL: SHOW COLUMNS FROM `shala_foodcate` [ RunTime:0.005005s ]
SQL: SHOW COLUMNS FROM `shala_fcate` [ RunTime:0.004809s ]
SQL: SHOW COLUMNS FROM `shala_hub` [ RunTime:0.005570s ]
SQL: SELECT `id`,`name` FROM `shala_fcate` WHERE ( `name` NOT IN ('基菜','酱料') ) AND ( `status` <> '9' )  [ RunTime:0.000605s ]
SQL: SELECT `fid`,`fpic`,`fname`,`fcate_id` FROM `shala_foodcate` WHERE ( `fcate_id` = 12 )  [ RunTime:0.000775s ]
SQL: SELECT * FROM `shala_hub` WHERE ( `uid` = '7' ) AND ( `well` = '1' )  [ RunTime:0.000676s ]
SQL: SELECT * FROM `shala_hub` WHERE ( `uid` = '7' ) AND ( `well` = '0' ) AND ( `bad` = '1' )  [ RunTime:0.000651s ]
SQL: SELECT * FROM `shala_hub` WHERE ( `uid` = '7' ) AND ( `fid` = '17' )  [ RunTime:0.000632s ]
SQL: SELECT * FROM `shala_hub` WHERE ( `uid` = '7' ) AND ( `fid` = '21' )  [ RunTime:0.000627s ]
SQL: SELECT * FROM `shala_hub` WHERE ( `uid` = '7' ) AND ( `fid` = '23' )  [ RunTime:0.000629s ]

[ 2016-09-28T16:04:16+08:00 ] ::1 /salad/index.php?s=/Index/diycp
INFO: [ app_begin ] --START--
INFO: Run Behavior\ReadHtmlCacheBehavior [ RunTime:0.000838s ]
INFO: [ app_begin ] --END-- [ RunTime:0.001562s ]
NOTIC: [8192] mysql_connect(): The mysql extension is deprecated and will be removed in the future: use mysqli or PDO instead D:\wamp\www\salad\ThinkPHP\Library\Think\Db\Driver\Mysql.class.php 第 52 行.
SQL: SHOW COLUMNS FROM `shala_gleygood` [ RunTime:0.006521s ]
SQL: SELECT `goodnum`,`gprice` FROM `shala_gleygood` WHERE ( `glfromuser` = '7' )  [ RunTime:0.002090s ]
NOTIC: [2] Invalid argument supplied for foreach() D:\wamp\www\salad\Application\Home\Controller\BaseController.class.php 第 23 行.
SQL: SHOW COLUMNS FROM `shala_gley` [ RunTime:0.005474s ]
SQL: SELECT COUNT(id) AS tp_count FROM `shala_gley` LIMIT 1   [ RunTime:0.000877s ]
SQL: SHOW COLUMNS FROM `shala_foodcate` [ RunTime:0.006411s ]
SQL: SELECT `fid`,`fpic`,`fname` FROM `shala_foodcate` WHERE ( `cname` = '基菜' ) ORDER BY rand() LIMIT 4   [ RunTime:0.001432s ]
SQL: SHOW COLUMNS FROM `shala_hubfooduser` [ RunTime:0.006176s ]
SQL: SELECT `fid`,`fpic`,`fname`,`fcate_id` FROM `shala_hubfooduser` WHERE ( `uid` = '7' ) AND ( `well` = '1' ) ORDER BY rand() LIMIT 12   [ RunTime:0.002158s ]
SQL: SELECT `fid` FROM `shala_hubfooduser` WHERE ( `uid` = '7' )  [ RunTime:0.001251s ]
SQL: SELECT `fid`,`fpic`,`fname` FROM `shala_foodcate` WHERE ( `fid` NOT IN ('15','16','12','13','14','18','19','20','17','21','23','22') ) AND ( `cname` NOT IN ('基菜','酱料') ) ORDER BY rand() LIMIT 4   [ RunTime:0.001481s ]

[ 2016-09-28T16:04:18+08:00 ] ::1 /salad/index.php?s=/Goods/goodsAdd
INFO: [ app_begin ] --START--
INFO: Run Behavior\ReadHtmlCacheBehavior [ RunTime:0.000750s ]
INFO: [ app_begin ] --END-- [ RunTime:0.001427s ]
NOTIC: [8192] mysql_connect(): The mysql extension is deprecated and will be removed in the future: use mysqli or PDO instead D:\wamp\www\salad\ThinkPHP\Library\Think\Db\Driver\Mysql.class.php 第 52 行.
SQL: SHOW COLUMNS FROM `shala_gleygood` [ RunTime:0.004893s ]
SQL: SELECT `goodnum`,`gprice` FROM `shala_gleygood` WHERE ( `glfromuser` = '7' )  [ RunTime:0.000762s ]
NOTIC: [2] Invalid argument supplied for foreach() D:\wamp\www\salad\Application\Home\Controller\BaseController.class.php 第 23 行.
SQL: SHOW COLUMNS FROM `shala_goods` [ RunTime:0.004515s ]
SQL: INSERT INTO `shala_goods` (`name`,`cate_id`,`constituent`,`pic`,`price`,`create_time`,`update_time`,`remark`,`status`) VALUES ('自选沙拉大份',5,'罗马生菜X1份    子叶生菜X1份    球形生菜X1份    橙子X1份    西芹X1份    菠萝X1份    圣女果X1份    玉米X1份    鸡蛋X1份    芦笋X1份    烤土豆X1份    ','Uploads/goods/201609/4c086e017b084739bfec686dfd5fe5c0.jpg',48,1475049858,1475049858,'切碎',0) [ RunTime:0.081892s ]
SQL: SHOW COLUMNS FROM `shala_gley` [ RunTime:0.004465s ]
SQL: INSERT INTO `shala_gley` (`goods`,`fromuser`) VALUES (24,7) [ RunTime:0.052311s ]

[ 2016-09-28T16:44:45+08:00 ] ::1 /salad/index.php?s=/Index/diycp
INFO: [ app_begin ] --START--
INFO: Run Behavior\ReadHtmlCacheBehavior [ RunTime:0.001148s ]
INFO: [ app_begin ] --END-- [ RunTime:0.002032s ]
NOTIC: [8192] mysql_connect(): The mysql extension is deprecated and will be removed in the future: use mysqli or PDO instead D:\wamp\www\salad\ThinkPHP\Library\Think\Db\Driver\Mysql.class.php 第 52 行.
SQL: SHOW COLUMNS FROM `shala_gleygood` [ RunTime:0.006197s ]
SQL: SELECT `goodnum`,`gprice` FROM `shala_gleygood` WHERE ( `glfromuser` = '7' )  [ RunTime:0.001207s ]
SQL: SHOW COLUMNS FROM `shala_gley` [ RunTime:0.005824s ]
SQL: SELECT COUNT(id) AS tp_count FROM `shala_gley` LIMIT 1   [ RunTime:0.000758s ]
SQL: SHOW COLUMNS FROM `shala_foodcate` [ RunTime:0.006988s ]
SQL: SELECT `fid`,`fpic`,`fname` FROM `shala_foodcate` WHERE ( `cname` = '基菜' ) ORDER BY rand() LIMIT 4   [ RunTime:0.001911s ]
SQL: SHOW COLUMNS FROM `shala_hubfooduser` [ RunTime:0.006442s ]
SQL: SELECT `fid`,`fpic`,`fname`,`fcate_id` FROM `shala_hubfooduser` WHERE ( `uid` = '7' ) AND ( `well` = '1' ) ORDER BY rand() LIMIT 12   [ RunTime:0.002404s ]
SQL: SELECT `fid` FROM `shala_hubfooduser` WHERE ( `uid` = '7' )  [ RunTime:0.001382s ]
SQL: SELECT `fid`,`fpic`,`fname` FROM `shala_foodcate` WHERE ( `fid` NOT IN ('15','16','12','13','14','18','19','20','17','21','23','22') ) AND ( `cname` NOT IN ('基菜','酱料') ) ORDER BY rand() LIMIT 4   [ RunTime:0.002648s ]

