[ 2016-09-23T09:44:02+08:00 ] ::1 /salad/index.php?s=/User/register
INFO: [ app_begin ] --START--
INFO: Run Behavior\ReadHtmlCacheBehavior [ RunTime:0.000976s ]
INFO: [ app_begin ] --END-- [ RunTime:0.001753s ]
NOTIC: [8192] mysql_connect(): The mysql extension is deprecated and will be removed in the future: use mysqli or PDO instead D:\wamp\www\salad\ThinkPHP\Library\Think\Db\Driver\Mysql.class.php 第 52 行.
SQL: SHOW COLUMNS FROM `shala_user` [ RunTime:0.004632s ]
INFO: [ view_parse ] --START--
INFO: [ template_filter ] --START--
INFO: Run Behavior\ContentReplaceBehavior [ RunTime:0.000169s ]
INFO: [ template_filter ] --END-- [ RunTime:0.000359s ]
INFO: Run Behavior\ParseTemplateBehavior [ RunTime:0.014883s ]
INFO: [ view_parse ] --END-- [ RunTime:0.015101s ]
INFO: [ view_filter ] --START--
INFO: Run Behavior\WriteHtmlCacheBehavior [ RunTime:0.000720s ]
INFO: [ view_filter ] --END-- [ RunTime:0.000913s ]
INFO: [ app_end ] --START--
INFO: Run Behavior\ShowPageTraceBehavior [ RunTime:0.000981s ]
INFO: [ app_end ] --END-- [ RunTime:0.001181s ]

[ 2016-09-23T09:48:42+08:00 ] ::1 /salad/index.php?s=/User/register
INFO: [ app_begin ] --START--
INFO: Run Behavior\ReadHtmlCacheBehavior [ RunTime:0.001053s ]
INFO: [ app_begin ] --END-- [ RunTime:0.001816s ]
NOTIC: [8192] mysql_connect(): The mysql extension is deprecated and will be removed in the future: use mysqli or PDO instead D:\wamp\www\salad\ThinkPHP\Library\Think\Db\Driver\Mysql.class.php 第 52 行.
SQL: SHOW COLUMNS FROM `shala_user` [ RunTime:0.005051s ]
INFO: [ view_parse ] --START--
INFO: [ template_filter ] --START--
INFO: Run Behavior\ContentReplaceBehavior [ RunTime:0.000171s ]
INFO: [ template_filter ] --END-- [ RunTime:0.000365s ]
INFO: Run Behavior\ParseTemplateBehavior [ RunTime:0.013469s ]
INFO: [ view_parse ] --END-- [ RunTime:0.014008s ]
INFO: [ view_filter ] --START--
INFO: Run Behavior\WriteHtmlCacheBehavior [ RunTime:0.001691s ]
INFO: [ view_filter ] --END-- [ RunTime:0.001917s ]
INFO: [ app_end ] --START--
INFO: Run Behavior\ShowPageTraceBehavior [ RunTime:0.001093s ]
INFO: [ app_end ] --END-- [ RunTime:0.001292s ]

[ 2016-09-23T10:08:59+08:00 ] ::1 /salad/index.php?s=/User/checkhas
INFO: [ app_begin ] --START--
INFO: Run Behavior\ReadHtmlCacheBehavior [ RunTime:0.001049s ]
INFO: [ app_begin ] --END-- [ RunTime:0.001807s ]
NOTIC: [8192] mysql_connect(): The mysql extension is deprecated and will be removed in the future: use mysqli or PDO instead D:\wamp\www\salad\ThinkPHP\Library\Think\Db\Driver\Mysql.class.php 第 52 行.
SQL: SHOW COLUMNS FROM `shala_user` [ RunTime:0.004724s ]
SQL: SHOW COLUMNS FROM `shala_user` [ RunTime:0.005310s ]
SQL: SELECT `tel` FROM `shala_user` WHERE ( `tel` = 2147483647 )  [ RunTime:0.000752s ]

[ 2016-09-23T10:10:12+08:00 ] ::1 /salad/index.php?s=/User/checkhas
INFO: [ app_begin ] --START--
INFO: Run Behavior\ReadHtmlCacheBehavior [ RunTime:0.001170s ]
INFO: [ app_begin ] --END-- [ RunTime:0.002055s ]
NOTIC: [8192] mysql_connect(): The mysql extension is deprecated and will be removed in the future: use mysqli or PDO instead D:\wamp\www\salad\ThinkPHP\Library\Think\Db\Driver\Mysql.class.php 第 52 行.
SQL: SHOW COLUMNS FROM `shala_user` [ RunTime:0.004879s ]
SQL: SHOW COLUMNS FROM `shala_user` [ RunTime:0.006178s ]
SQL: SELECT `tel` FROM `shala_user` WHERE ( `tel` = 2147483647 )  [ RunTime:0.000564s ]

[ 2016-09-23T10:11:41+08:00 ] ::1 /salad/index.php?s=/User/checkhas
INFO: [ app_begin ] --START--
INFO: Run Behavior\ReadHtmlCacheBehavior [ RunTime:0.001605s ]
INFO: [ app_begin ] --END-- [ RunTime:0.003546s ]
NOTIC: [8192] mysql_connect(): The mysql extension is deprecated and will be removed in the future: use mysqli or PDO instead D:\wamp\www\salad\ThinkPHP\Library\Think\Db\Driver\Mysql.class.php 第 52 行.
SQL: SHOW COLUMNS FROM `shala_user` [ RunTime:0.005302s ]
SQL: SHOW COLUMNS FROM `shala_user` [ RunTime:0.006149s ]
SQL: SELECT `tel` FROM `shala_user` WHERE ( `tel` = 2147483647 )  [ RunTime:0.000599s ]

[ 2016-09-23T10:12:20+08:00 ] ::1 /salad/index.php?s=/User/checkhas
INFO: [ app_begin ] --START--
INFO: Run Behavior\ReadHtmlCacheBehavior [ RunTime:0.002444s ]
INFO: [ app_begin ] --END-- [ RunTime:0.004182s ]
NOTIC: [8192] mysql_connect(): The mysql extension is deprecated and will be removed in the future: use mysqli or PDO instead D:\wamp\www\salad\ThinkPHP\Library\Think\Db\Driver\Mysql.class.php 第 52 行.
SQL: SHOW COLUMNS FROM `shala_user` [ RunTime:0.005643s ]
SQL: SHOW COLUMNS FROM `shala_user` [ RunTime:0.004758s ]
SQL: SELECT `tel` FROM `shala_user` WHERE ( `tel` = '13163177870' )  [ RunTime:0.000565s ]

[ 2016-09-23T10:13:02+08:00 ] ::1 /salad/index.php?s=/User/register
INFO: [ app_begin ] --START--
INFO: Run Behavior\ReadHtmlCacheBehavior [ RunTime:0.001055s ]
INFO: [ app_begin ] --END-- [ RunTime:0.001809s ]
NOTIC: [8192] mysql_connect(): The mysql extension is deprecated and will be removed in the future: use mysqli or PDO instead D:\wamp\www\salad\ThinkPHP\Library\Think\Db\Driver\Mysql.class.php 第 52 行.
SQL: SHOW COLUMNS FROM `shala_user` [ RunTime:0.006845s ]
NOTIC: [8] Undefined index: tel D:\wamp\www\salad\Application\Home\Controller\UserController.class.php 第 13 行.
INFO: [ view_parse ] --START--
INFO: [ template_filter ] --START--
INFO: Run Behavior\ContentReplaceBehavior [ RunTime:0.000197s ]
INFO: [ template_filter ] --END-- [ RunTime:0.000418s ]
INFO: Run Behavior\ParseTemplateBehavior [ RunTime:0.015915s ]
INFO: [ view_parse ] --END-- [ RunTime:0.016141s ]
INFO: [ view_filter ] --START--
INFO: Run Behavior\WriteHtmlCacheBehavior [ RunTime:0.000708s ]
INFO: [ view_filter ] --END-- [ RunTime:0.000921s ]

[ 2016-09-23T10:15:41+08:00 ] ::1 /salad/index.php?s=/User/checkhas
INFO: [ app_begin ] --START--
INFO: Run Behavior\ReadHtmlCacheBehavior [ RunTime:0.000941s ]
INFO: [ app_begin ] --END-- [ RunTime:0.001702s ]
NOTIC: [8192] mysql_connect(): The mysql extension is deprecated and will be removed in the future: use mysqli or PDO instead D:\wamp\www\salad\ThinkPHP\Library\Think\Db\Driver\Mysql.class.php 第 52 行.
SQL: SHOW COLUMNS FROM `shala_user` [ RunTime:0.004459s ]
SQL: SHOW COLUMNS FROM `shala_user` [ RunTime:0.004388s ]
SQL: SELECT `tel` FROM `shala_user` WHERE ( `tel` = '13163177870' )  [ RunTime:0.000565s ]

[ 2016-09-23T10:15:48+08:00 ] ::1 /salad/index.php?s=/User/register
INFO: [ app_begin ] --START--
INFO: Run Behavior\ReadHtmlCacheBehavior [ RunTime:0.000889s ]
INFO: [ app_begin ] --END-- [ RunTime:0.001719s ]
NOTIC: [8192] mysql_connect(): The mysql extension is deprecated and will be removed in the future: use mysqli or PDO instead D:\wamp\www\salad\ThinkPHP\Library\Think\Db\Driver\Mysql.class.php 第 52 行.
SQL: SHOW COLUMNS FROM `shala_user` [ RunTime:0.005735s ]
SQL: SHOW COLUMNS FROM `shala_user` [ RunTime:0.004541s ]
SQL: SELECT `tel` FROM `shala_user` WHERE ( `tel` = 2147483647 )  [ RunTime:0.000569s ]

[ 2016-09-23T10:16:15+08:00 ] ::1 /salad/index.php?s=/User/register
INFO: [ app_begin ] --START--
INFO: Run Behavior\ReadHtmlCacheBehavior [ RunTime:0.000733s ]
INFO: [ app_begin ] --END-- [ RunTime:0.001524s ]
NOTIC: [8192] mysql_connect(): The mysql extension is deprecated and will be removed in the future: use mysqli or PDO instead D:\wamp\www\salad\ThinkPHP\Library\Think\Db\Driver\Mysql.class.php 第 52 行.
SQL: SHOW COLUMNS FROM `shala_user` [ RunTime:0.004624s ]
SQL: SHOW COLUMNS FROM `shala_user` [ RunTime:0.005693s ]
SQL: SELECT `tel` FROM `shala_user` WHERE ( `tel` = '13163177870' )  [ RunTime:0.000573s ]
SQL: INSERT INTO `shala_user` (`tel`,`pwd`) VALUES (2147483647,'e10adc3949ba59abbe56e057f20f883e') [ RunTime:0.062808s ]

[ 2016-09-23T10:21:00+08:00 ] ::1 /salad/index.php?s=/User/checkhas
INFO: [ app_begin ] --START--
INFO: Run Behavior\ReadHtmlCacheBehavior [ RunTime:0.001394s ]
INFO: [ app_begin ] --END-- [ RunTime:0.002507s ]
NOTIC: [8192] mysql_connect(): The mysql extension is deprecated and will be removed in the future: use mysqli or PDO instead D:\wamp\www\salad\ThinkPHP\Library\Think\Db\Driver\Mysql.class.php 第 52 行.
SQL: SHOW COLUMNS FROM `shala_user` [ RunTime:0.013459s ]
SQL: SHOW COLUMNS FROM `shala_user` [ RunTime:0.006498s ]
SQL: SELECT `tel` FROM `shala_user` WHERE ( `tel` = '15523455432' )  [ RunTime:0.000594s ]

[ 2016-09-23T10:21:06+08:00 ] ::1 /salad/index.php?s=/User/register
INFO: [ app_begin ] --START--
INFO: Run Behavior\ReadHtmlCacheBehavior [ RunTime:0.002399s ]
INFO: [ app_begin ] --END-- [ RunTime:0.003459s ]
NOTIC: [8192] mysql_connect(): The mysql extension is deprecated and will be removed in the future: use mysqli or PDO instead D:\wamp\www\salad\ThinkPHP\Library\Think\Db\Driver\Mysql.class.php 第 52 行.
SQL: SHOW COLUMNS FROM `shala_user` [ RunTime:0.005136s ]
SQL: SHOW COLUMNS FROM `shala_user` [ RunTime:0.005337s ]
SQL: SELECT `tel` FROM `shala_user` WHERE ( `tel` = '15523455432' )  [ RunTime:0.000736s ]
SQL: INSERT INTO `shala_user` (`tel`,`pwd`) VALUES (2147483647,'e10adc3949ba59abbe56e057f20f883e') [ RunTime:0.065040s ]

[ 2016-09-23T10:32:08+08:00 ] ::1 /salad/index.php?s=/User/login
INFO: [ app_begin ] --START--
INFO: Run Behavior\ReadHtmlCacheBehavior [ RunTime:0.001017s ]
INFO: [ app_begin ] --END-- [ RunTime:0.001786s ]
NOTIC: [8192] mysql_connect(): The mysql extension is deprecated and will be removed in the future: use mysqli or PDO instead D:\wamp\www\salad\ThinkPHP\Library\Think\Db\Driver\Mysql.class.php 第 52 行.
SQL: SHOW COLUMNS FROM `shala_user` [ RunTime:0.004689s ]
NOTIC: [8] Undefined index: pwd D:\wamp\www\salad\Application\Home\Controller\UserController.class.php 第 51 行.
SQL: SELECT * FROM `shala_user` WHERE ( `tel` = '13163177870' )  [ RunTime:0.000736s ]

[ 2016-09-23T10:33:17+08:00 ] ::1 /salad/index.php?s=/User/login
INFO: [ app_begin ] --START--
INFO: Run Behavior\ReadHtmlCacheBehavior [ RunTime:0.001735s ]
INFO: [ app_begin ] --END-- [ RunTime:0.002686s ]
NOTIC: [8192] mysql_connect(): The mysql extension is deprecated and will be removed in the future: use mysqli or PDO instead D:\wamp\www\salad\ThinkPHP\Library\Think\Db\Driver\Mysql.class.php 第 52 行.
SQL: SHOW COLUMNS FROM `shala_user` [ RunTime:0.004623s ]
NOTIC: [8] Undefined index: pwd D:\wamp\www\salad\Application\Home\Controller\UserController.class.php 第 51 行.
SQL: SELECT * FROM `shala_user` WHERE ( `tel` = '2147483647' )  [ RunTime:0.000915s ]

[ 2016-09-23T10:36:21+08:00 ] ::1 /salad/index.php?s=/User/login
INFO: [ app_begin ] --START--
INFO: Run Behavior\ReadHtmlCacheBehavior [ RunTime:0.002434s ]
INFO: [ app_begin ] --END-- [ RunTime:0.003448s ]
NOTIC: [8192] mysql_connect(): The mysql extension is deprecated and will be removed in the future: use mysqli or PDO instead D:\wamp\www\salad\ThinkPHP\Library\Think\Db\Driver\Mysql.class.php 第 52 行.
SQL: SHOW COLUMNS FROM `shala_user` [ RunTime:0.004684s ]
NOTIC: [8] Undefined index: pwd D:\wamp\www\salad\Application\Home\Controller\UserController.class.php 第 51 行.
SQL: SELECT * FROM `shala_user` WHERE ( `tel` = '2147483647' )  [ RunTime:0.000708s ]

[ 2016-09-23T10:36:22+08:00 ] ::1 /salad/index.php?s=/User/login
INFO: [ app_begin ] --START--
INFO: Run Behavior\ReadHtmlCacheBehavior [ RunTime:0.001036s ]
INFO: [ app_begin ] --END-- [ RunTime:0.001835s ]
NOTIC: [8192] mysql_connect(): The mysql extension is deprecated and will be removed in the future: use mysqli or PDO instead D:\wamp\www\salad\ThinkPHP\Library\Think\Db\Driver\Mysql.class.php 第 52 行.
SQL: SHOW COLUMNS FROM `shala_user` [ RunTime:0.004963s ]
NOTIC: [8] Undefined index: pwd D:\wamp\www\salad\Application\Home\Controller\UserController.class.php 第 51 行.
SQL: SELECT * FROM `shala_user` WHERE ( `tel` = '2147483647' )  [ RunTime:0.000702s ]

[ 2016-09-23T10:36:30+08:00 ] ::1 /salad/index.php?s=/User/login
INFO: [ app_begin ] --START--
INFO: Run Behavior\ReadHtmlCacheBehavior [ RunTime:0.001415s ]
INFO: [ app_begin ] --END-- [ RunTime:0.003037s ]
NOTIC: [8192] mysql_connect(): The mysql extension is deprecated and will be removed in the future: use mysqli or PDO instead D:\wamp\www\salad\ThinkPHP\Library\Think\Db\Driver\Mysql.class.php 第 52 行.
SQL: SHOW COLUMNS FROM `shala_user` [ RunTime:0.005090s ]
NOTIC: [8] Undefined index: pwd D:\wamp\www\salad\Application\Home\Controller\UserController.class.php 第 51 行.
SQL: SELECT * FROM `shala_user` WHERE ( `tel` = '2147483647' )  [ RunTime:0.001095s ]

[ 2016-09-23T10:37:03+08:00 ] ::1 /salad/index.php?s=/User/login
INFO: [ app_begin ] --START--
INFO: Run Behavior\ReadHtmlCacheBehavior [ RunTime:0.001039s ]
INFO: [ app_begin ] --END-- [ RunTime:0.001965s ]
NOTIC: [8192] mysql_connect(): The mysql extension is deprecated and will be removed in the future: use mysqli or PDO instead D:\wamp\www\salad\ThinkPHP\Library\Think\Db\Driver\Mysql.class.php 第 52 行.
SQL: SHOW COLUMNS FROM `shala_user` [ RunTime:0.005026s ]
NOTIC: [8] Undefined index: pwd D:\wamp\www\salad\Application\Home\Controller\UserController.class.php 第 51 行.
SQL: SELECT * FROM `shala_user` WHERE ( `tel` = '13163177870' )  [ RunTime:0.000631s ]

[ 2016-09-23T10:38:28+08:00 ] ::1 /salad/index.php?s=/User/login
INFO: [ app_begin ] --START--
INFO: Run Behavior\ReadHtmlCacheBehavior [ RunTime:0.003024s ]
INFO: [ app_begin ] --END-- [ RunTime:0.004909s ]
NOTIC: [8192] mysql_connect(): The mysql extension is deprecated and will be removed in the future: use mysqli or PDO instead D:\wamp\www\salad\ThinkPHP\Library\Think\Db\Driver\Mysql.class.php 第 52 行.
SQL: SHOW COLUMNS FROM `shala_user` [ RunTime:0.004526s ]
NOTIC: [8] Undefined index: pwd D:\wamp\www\salad\Application\Home\Controller\UserController.class.php 第 51 行.
SQL: SELECT * FROM `shala_user` WHERE ( `tel` = '13163177870' )  [ RunTime:0.000707s ]

[ 2016-09-23T10:38:43+08:00 ] ::1 /salad/index.php?s=/User/login
INFO: [ app_begin ] --START--
INFO: Run Behavior\ReadHtmlCacheBehavior [ RunTime:0.001882s ]
INFO: [ app_begin ] --END-- [ RunTime:0.002717s ]
NOTIC: [8192] mysql_connect(): The mysql extension is deprecated and will be removed in the future: use mysqli or PDO instead D:\wamp\www\salad\ThinkPHP\Library\Think\Db\Driver\Mysql.class.php 第 52 行.
SQL: SHOW COLUMNS FROM `shala_user` [ RunTime:0.004804s ]
SQL: SELECT * FROM `shala_user` WHERE ( `tel` = '13163177870' )  [ RunTime:0.000680s ]

[ 2016-09-23T10:39:01+08:00 ] ::1 /salad/index.php?s=/User/login
INFO: [ app_begin ] --START--
INFO: Run Behavior\ReadHtmlCacheBehavior [ RunTime:0.000832s ]
INFO: [ app_begin ] --END-- [ RunTime:0.001613s ]
NOTIC: [8192] mysql_connect(): The mysql extension is deprecated and will be removed in the future: use mysqli or PDO instead D:\wamp\www\salad\ThinkPHP\Library\Think\Db\Driver\Mysql.class.php 第 52 行.
SQL: SHOW COLUMNS FROM `shala_user` [ RunTime:0.016097s ]
SQL: SELECT * FROM `shala_user` WHERE ( `tel` = '131' )  [ RunTime:0.000673s ]

[ 2016-09-23T10:41:42+08:00 ] ::1 /salad/index.php?s=/User/checkhas
INFO: [ app_begin ] --START--
INFO: Run Behavior\ReadHtmlCacheBehavior [ RunTime:0.000768s ]
INFO: [ app_begin ] --END-- [ RunTime:0.001642s ]
NOTIC: [8192] mysql_connect(): The mysql extension is deprecated and will be removed in the future: use mysqli or PDO instead D:\wamp\www\salad\ThinkPHP\Library\Think\Db\Driver\Mysql.class.php 第 52 行.
SQL: SHOW COLUMNS FROM `shala_user` [ RunTime:0.004904s ]
SQL: SHOW COLUMNS FROM `shala_user` [ RunTime:0.004833s ]
SQL: SELECT `tel` FROM `shala_user` WHERE ( `tel` = '15523455432' )  [ RunTime:0.000585s ]

[ 2016-09-23T10:41:56+08:00 ] ::1 /salad/index.php?s=/User/register
INFO: [ app_begin ] --START--
INFO: Run Behavior\ReadHtmlCacheBehavior [ RunTime:0.000726s ]
INFO: [ app_begin ] --END-- [ RunTime:0.001460s ]
NOTIC: [8192] mysql_connect(): The mysql extension is deprecated and will be removed in the future: use mysqli or PDO instead D:\wamp\www\salad\ThinkPHP\Library\Think\Db\Driver\Mysql.class.php 第 52 行.
SQL: SHOW COLUMNS FROM `shala_user` [ RunTime:0.013039s ]
SQL: SHOW COLUMNS FROM `shala_user` [ RunTime:0.004625s ]
SQL: SELECT `tel` FROM `shala_user` WHERE ( `tel` = '15523455432' )  [ RunTime:0.000723s ]
SQL: INSERT INTO `shala_user` (`tel`,`pwd`,`create_time`) VALUES ('15523455432','c33367701511b4f6020ec61ded352059',1474598516) [ RunTime:0.095187s ]

[ 2016-09-23T10:43:24+08:00 ] ::1 /salad/index.php?s=/User/login
INFO: [ app_begin ] --START--
INFO: Run Behavior\ReadHtmlCacheBehavior [ RunTime:0.000776s ]
INFO: [ app_begin ] --END-- [ RunTime:0.001547s ]
NOTIC: [8192] mysql_connect(): The mysql extension is deprecated and will be removed in the future: use mysqli or PDO instead D:\wamp\www\salad\ThinkPHP\Library\Think\Db\Driver\Mysql.class.php 第 52 行.
SQL: SHOW COLUMNS FROM `shala_user` [ RunTime:0.004857s ]
SQL: SELECT * FROM `shala_user` WHERE ( `tel` = '15523455432' )  [ RunTime:0.000735s ]

[ 2016-09-23T14:17:11+08:00 ] ::1 /salad/index.php?s=/User/updaddress
INFO: [ app_begin ] --START--
INFO: Run Behavior\ReadHtmlCacheBehavior [ RunTime:0.000730s ]
INFO: [ app_begin ] --END-- [ RunTime:0.001426s ]
NOTIC: [8192] mysql_connect(): The mysql extension is deprecated and will be removed in the future: use mysqli or PDO instead D:\wamp\www\salad\ThinkPHP\Library\Think\Db\Driver\Mysql.class.php 第 52 行.
SQL: SHOW COLUMNS FROM `shala_user` [ RunTime:0.005081s ]
SQL: UPDATE `shala_user` SET `address`=11,`delivertype`=0 WHERE ( `id` = 9 ) [ RunTime:0.058386s ]

[ 2016-09-23T14:18:02+08:00 ] ::1 /salad/index.php?s=/User/updaddress
INFO: [ app_begin ] --START--
INFO: Run Behavior\ReadHtmlCacheBehavior [ RunTime:0.000885s ]
INFO: [ app_begin ] --END-- [ RunTime:0.001704s ]
NOTIC: [8192] mysql_connect(): The mysql extension is deprecated and will be removed in the future: use mysqli or PDO instead D:\wamp\www\salad\ThinkPHP\Library\Think\Db\Driver\Mysql.class.php 第 52 行.
SQL: SHOW COLUMNS FROM `shala_user` [ RunTime:0.004546s ]
SQL: UPDATE `shala_user` SET `address`=10,`delivertype`=0 WHERE ( `id` = 9 ) [ RunTime:0.073540s ]

[ 2016-09-23T14:24:23+08:00 ] ::1 /salad/index.php?s=/User/login
INFO: [ app_begin ] --START--
INFO: Run Behavior\ReadHtmlCacheBehavior [ RunTime:0.000924s ]
INFO: [ app_begin ] --END-- [ RunTime:0.001690s ]
NOTIC: [8192] mysql_connect(): The mysql extension is deprecated and will be removed in the future: use mysqli or PDO instead D:\wamp\www\salad\ThinkPHP\Library\Think\Db\Driver\Mysql.class.php 第 52 行.
SQL: SHOW COLUMNS FROM `shala_user` [ RunTime:0.004885s ]
SQL: SELECT * FROM `shala_user` WHERE ( `tel` = '13163177871' )  [ RunTime:0.000649s ]

[ 2016-09-23T14:50:19+08:00 ] ::1 /salad/index.php?s=/User/updaddress
INFO: [ app_begin ] --START--
INFO: Run Behavior\ReadHtmlCacheBehavior [ RunTime:0.000954s ]
INFO: [ app_begin ] --END-- [ RunTime:0.001727s ]
NOTIC: [8192] mysql_connect(): The mysql extension is deprecated and will be removed in the future: use mysqli or PDO instead D:\wamp\www\salad\ThinkPHP\Library\Think\Db\Driver\Mysql.class.php 第 52 行.
SQL: SHOW COLUMNS FROM `shala_user` [ RunTime:0.005073s ]
SQL: UPDATE `shala_user` SET `address`=6,`delivertype`=1 WHERE ( `id` = 5 ) [ RunTime:0.061032s ]

[ 2016-09-23T14:54:06+08:00 ] ::1 /salad/index.php?s=/User/updaddress
INFO: [ app_begin ] --START--
INFO: Run Behavior\ReadHtmlCacheBehavior [ RunTime:0.000951s ]
INFO: [ app_begin ] --END-- [ RunTime:0.001707s ]
NOTIC: [8192] mysql_connect(): The mysql extension is deprecated and will be removed in the future: use mysqli or PDO instead D:\wamp\www\salad\ThinkPHP\Library\Think\Db\Driver\Mysql.class.php 第 52 行.
SQL: SHOW COLUMNS FROM `shala_user` [ RunTime:0.005061s ]
SQL: UPDATE `shala_user` SET `address`=5,`delivertype`=1 WHERE ( `id` = 5 ) [ RunTime:0.056249s ]

[ 2016-09-23T14:54:09+08:00 ] ::1 /salad/index.php?s=/User/updaddress
INFO: [ app_begin ] --START--
INFO: Run Behavior\ReadHtmlCacheBehavior [ RunTime:0.002199s ]
INFO: [ app_begin ] --END-- [ RunTime:0.003876s ]
NOTIC: [8192] mysql_connect(): The mysql extension is deprecated and will be removed in the future: use mysqli or PDO instead D:\wamp\www\salad\ThinkPHP\Library\Think\Db\Driver\Mysql.class.php 第 52 行.
SQL: SHOW COLUMNS FROM `shala_user` [ RunTime:0.004575s ]
SQL: UPDATE `shala_user` SET `address`=5,`delivertype`=1 WHERE ( `id` = 5 ) [ RunTime:0.060261s ]

[ 2016-09-23T15:32:12+08:00 ] ::1 /salad/index.php?s=/Address/ediadd
INFO: [ app_begin ] --START--
INFO: Run Behavior\ReadHtmlCacheBehavior [ RunTime:0.001030s ]
INFO: [ app_begin ] --END-- [ RunTime:0.001775s ]
NOTIC: [8192] mysql_connect(): The mysql extension is deprecated and will be removed in the future: use mysqli or PDO instead D:\wamp\www\salad\ThinkPHP\Library\Think\Db\Driver\Mysql.class.php 第 52 行.
SQL: SHOW COLUMNS FROM `shala_gleygood` [ RunTime:0.006867s ]
SQL: SELECT `goodnum`,`gprice` FROM `shala_gleygood` WHERE ( `glfromuser` = '5' )  [ RunTime:0.001107s ]
NOTIC: [2] Invalid argument supplied for foreach() D:\wamp\www\salad\Application\Home\Controller\BaseController.class.php 第 15 行.
SQL: SHOW COLUMNS FROM `shala_address` [ RunTime:0.005666s ]

[ 2016-09-23T15:34:35+08:00 ] ::1 /salad/index.php?s=/Address/ediadd
INFO: [ app_begin ] --START--
INFO: Run Behavior\ReadHtmlCacheBehavior [ RunTime:0.001122s ]
INFO: [ app_begin ] --END-- [ RunTime:0.001876s ]
NOTIC: [8192] mysql_connect(): The mysql extension is deprecated and will be removed in the future: use mysqli or PDO instead D:\wamp\www\salad\ThinkPHP\Library\Think\Db\Driver\Mysql.class.php 第 52 行.
SQL: SHOW COLUMNS FROM `shala_gleygood` [ RunTime:0.005791s ]
SQL: SELECT `goodnum`,`gprice` FROM `shala_gleygood` WHERE ( `glfromuser` = '5' )  [ RunTime:0.000886s ]
NOTIC: [2] Invalid argument supplied for foreach() D:\wamp\www\salad\Application\Home\Controller\BaseController.class.php 第 15 行.
SQL: SHOW COLUMNS FROM `shala_address` [ RunTime:0.005286s ]
SQL: UPDATE `shala_address` SET `name`='zizi',`sex`='',`tel`=2147483647,`provice`='北京',`city`='',`detailadd`='新疆维吾尔自治区',`numhouse`='7890',`label`='',`fromuser`=5 WHERE ( `id` = 0 ) [ RunTime:0.000750s ]

[ 2016-09-23T15:34:51+08:00 ] ::1 /salad/index.php?s=/Address/ediadd
INFO: [ app_begin ] --START--
INFO: Run Behavior\ReadHtmlCacheBehavior [ RunTime:0.001189s ]
INFO: [ app_begin ] --END-- [ RunTime:0.002067s ]
NOTIC: [8192] mysql_connect(): The mysql extension is deprecated and will be removed in the future: use mysqli or PDO instead D:\wamp\www\salad\ThinkPHP\Library\Think\Db\Driver\Mysql.class.php 第 52 行.
SQL: SHOW COLUMNS FROM `shala_gleygood` [ RunTime:0.005404s ]
SQL: SELECT `goodnum`,`gprice` FROM `shala_gleygood` WHERE ( `glfromuser` = '5' )  [ RunTime:0.000788s ]
NOTIC: [2] Invalid argument supplied for foreach() D:\wamp\www\salad\Application\Home\Controller\BaseController.class.php 第 15 行.
SQL: SHOW COLUMNS FROM `shala_address` [ RunTime:0.004453s ]
SQL: UPDATE `shala_address` SET `name`='zizi',`sex`='',`tel`=2147483647,`provice`='北京',`city`='朝阳区',`detailadd`='北京市朝阳区x先生密室',`numhouse`='4321',`label`='学校',`fromuser`=5 WHERE ( `id` = 5 ) [ RunTime:0.058957s ]

[ 2016-09-23T15:35:32+08:00 ] ::1 /salad/index.php?s=/Address/ediadd
INFO: [ app_begin ] --START--
INFO: Run Behavior\ReadHtmlCacheBehavior [ RunTime:0.000944s ]
INFO: [ app_begin ] --END-- [ RunTime:0.001663s ]
NOTIC: [8192] mysql_connect(): The mysql extension is deprecated and will be removed in the future: use mysqli or PDO instead D:\wamp\www\salad\ThinkPHP\Library\Think\Db\Driver\Mysql.class.php 第 52 行.
SQL: SHOW COLUMNS FROM `shala_gleygood` [ RunTime:0.004903s ]
SQL: SELECT `goodnum`,`gprice` FROM `shala_gleygood` WHERE ( `glfromuser` = '5' )  [ RunTime:0.000724s ]
NOTIC: [2] Invalid argument supplied for foreach() D:\wamp\www\salad\Application\Home\Controller\BaseController.class.php 第 15 行.
SQL: SHOW COLUMNS FROM `shala_address` [ RunTime:0.005433s ]
SQL: UPDATE `shala_address` SET `name`='zizi',`sex`='',`tel`=2147483647,`provice`='北京',`city`='朝阳区',`detailadd`='北京市朝阳区x先生密室',`numhouse`='4321',`label`='学校',`fromuser`=5 WHERE ( `id` = 5 ) [ RunTime:0.078080s ]

[ 2016-09-23T15:35:44+08:00 ] ::1 /salad/index.php?s=/User/updaddress
INFO: [ app_begin ] --START--
INFO: Run Behavior\ReadHtmlCacheBehavior [ RunTime:0.001138s ]
INFO: [ app_begin ] --END-- [ RunTime:0.002000s ]
NOTIC: [8192] mysql_connect(): The mysql extension is deprecated and will be removed in the future: use mysqli or PDO instead D:\wamp\www\salad\ThinkPHP\Library\Think\Db\Driver\Mysql.class.php 第 52 行.
SQL: SHOW COLUMNS FROM `shala_user` [ RunTime:0.004594s ]
SQL: UPDATE `shala_user` SET `address`=5,`delivertype`=1 WHERE ( `id` = 5 ) [ RunTime:0.067554s ]

[ 2016-09-23T15:36:20+08:00 ] ::1 /salad/index.php?s=/Address/ediadd
INFO: [ app_begin ] --START--
INFO: Run Behavior\ReadHtmlCacheBehavior [ RunTime:0.000959s ]
INFO: [ app_begin ] --END-- [ RunTime:0.001694s ]
NOTIC: [8192] mysql_connect(): The mysql extension is deprecated and will be removed in the future: use mysqli or PDO instead D:\wamp\www\salad\ThinkPHP\Library\Think\Db\Driver\Mysql.class.php 第 52 行.
SQL: SHOW COLUMNS FROM `shala_gleygood` [ RunTime:0.004784s ]
SQL: SELECT `goodnum`,`gprice` FROM `shala_gleygood` WHERE ( `glfromuser` = '5' )  [ RunTime:0.001022s ]
NOTIC: [2] Invalid argument supplied for foreach() D:\wamp\www\salad\Application\Home\Controller\BaseController.class.php 第 15 行.
SQL: SHOW COLUMNS FROM `shala_address` [ RunTime:0.004643s ]
SQL: UPDATE `shala_address` SET `name`='zizi',`sex`='男',`tel`=2147483647,`provice`='北京',`city`='朝阳区',`detailadd`='北京市朝阳区x先生密室',`numhouse`='4321',`label`='学校',`fromuser`=5 WHERE ( `id` = 5 ) [ RunTime:0.064659s ]

[ 2016-09-23T15:37:24+08:00 ] ::1 /salad/index.php?s=/User/updaddress
INFO: [ app_begin ] --START--
INFO: Run Behavior\ReadHtmlCacheBehavior [ RunTime:0.001035s ]
INFO: [ app_begin ] --END-- [ RunTime:0.001777s ]
NOTIC: [8192] mysql_connect(): The mysql extension is deprecated and will be removed in the future: use mysqli or PDO instead D:\wamp\www\salad\ThinkPHP\Library\Think\Db\Driver\Mysql.class.php 第 52 行.
SQL: SHOW COLUMNS FROM `shala_user` [ RunTime:0.004998s ]
SQL: UPDATE `shala_user` SET `address`=5,`delivertype`=1 WHERE ( `id` = 5 ) [ RunTime:0.060548s ]

[ 2016-09-23T15:37:43+08:00 ] ::1 /salad/index.php?s=/Address/ediadd
INFO: [ app_begin ] --START--
INFO: Run Behavior\ReadHtmlCacheBehavior [ RunTime:0.001031s ]
INFO: [ app_begin ] --END-- [ RunTime:0.001812s ]
NOTIC: [8192] mysql_connect(): The mysql extension is deprecated and will be removed in the future: use mysqli or PDO instead D:\wamp\www\salad\ThinkPHP\Library\Think\Db\Driver\Mysql.class.php 第 52 行.
SQL: SHOW COLUMNS FROM `shala_gleygood` [ RunTime:0.005403s ]
SQL: SELECT `goodnum`,`gprice` FROM `shala_gleygood` WHERE ( `glfromuser` = '5' )  [ RunTime:0.000839s ]
NOTIC: [2] Invalid argument supplied for foreach() D:\wamp\www\salad\Application\Home\Controller\BaseController.class.php 第 15 行.
SQL: SHOW COLUMNS FROM `shala_address` [ RunTime:0.004852s ]
SQL: UPDATE `shala_address` SET `name`='zizi',`sex`='男',`tel`=2147483647,`provice`='北京',`city`='朝阳区',`detailadd`='北京市朝阳区x先生密室',`numhouse`='4321',`label`='学校',`fromuser`=5 WHERE ( `id` = 5 ) [ RunTime:0.085176s ]

[ 2016-09-23T15:38:30+08:00 ] ::1 /salad/index.php?s=/Address/ediadd
INFO: [ app_begin ] --START--
INFO: Run Behavior\ReadHtmlCacheBehavior [ RunTime:0.001001s ]
INFO: [ app_begin ] --END-- [ RunTime:0.001777s ]
NOTIC: [8192] mysql_connect(): The mysql extension is deprecated and will be removed in the future: use mysqli or PDO instead D:\wamp\www\salad\ThinkPHP\Library\Think\Db\Driver\Mysql.class.php 第 52 行.
SQL: SHOW COLUMNS FROM `shala_gleygood` [ RunTime:0.005251s ]
SQL: SELECT `goodnum`,`gprice` FROM `shala_gleygood` WHERE ( `glfromuser` = '5' )  [ RunTime:0.000777s ]
NOTIC: [2] Invalid argument supplied for foreach() D:\wamp\www\salad\Application\Home\Controller\BaseController.class.php 第 15 行.
SQL: SHOW COLUMNS FROM `shala_address` [ RunTime:0.005113s ]
SQL: UPDATE `shala_address` SET `name`='zizi123',`sex`='男',`tel`=2147483647,`provice`='北京',`city`='朝阳区',`detailadd`='北京市朝阳区x先生密室',`numhouse`='4321',`label`='学校',`fromuser`=5 WHERE ( `id` = 5 ) [ RunTime:0.072265s ]

[ 2016-09-23T15:39:26+08:00 ] ::1 /salad/index.php?s=/Address/ediadd
INFO: [ app_begin ] --START--
INFO: Run Behavior\ReadHtmlCacheBehavior [ RunTime:0.001017s ]
INFO: [ app_begin ] --END-- [ RunTime:0.001815s ]
NOTIC: [8192] mysql_connect(): The mysql extension is deprecated and will be removed in the future: use mysqli or PDO instead D:\wamp\www\salad\ThinkPHP\Library\Think\Db\Driver\Mysql.class.php 第 52 行.
SQL: SHOW COLUMNS FROM `shala_gleygood` [ RunTime:0.004679s ]
SQL: SELECT `goodnum`,`gprice` FROM `shala_gleygood` WHERE ( `glfromuser` = '5' )  [ RunTime:0.000759s ]
NOTIC: [2] Invalid argument supplied for foreach() D:\wamp\www\salad\Application\Home\Controller\BaseController.class.php 第 15 行.
SQL: SHOW COLUMNS FROM `shala_address` [ RunTime:0.005068s ]
SQL: UPDATE `shala_address` SET `name`='zizi123',`sex`='男',`tel`='13163177870',`provice`='北京',`city`='朝阳区',`detailadd`='北京市朝阳区x先生密室',`numhouse`='4321',`label`='学校',`fromuser`=5 WHERE ( `id` = 5 ) [ RunTime:0.069773s ]

[ 2016-09-23T15:48:55+08:00 ] ::1 /salad/index.php?s=/Address/del/id/5
ERR: 模板不存在:./Application/Home/View/Address/del.html

[ 2016-09-23T15:49:45+08:00 ] ::1 /salad/index.php?s=/User/updaddress
INFO: [ app_begin ] --START--
INFO: Run Behavior\ReadHtmlCacheBehavior [ RunTime:0.000737s ]
INFO: [ app_begin ] --END-- [ RunTime:0.001448s ]
NOTIC: [8192] mysql_connect(): The mysql extension is deprecated and will be removed in the future: use mysqli or PDO instead D:\wamp\www\salad\ThinkPHP\Library\Think\Db\Driver\Mysql.class.php 第 52 行.
SQL: SHOW COLUMNS FROM `shala_user` [ RunTime:0.004468s ]
SQL: UPDATE `shala_user` SET `address`=4,`delivertype`=1 WHERE ( `id` = 5 ) [ RunTime:0.061346s ]

[ 2016-09-23T15:49:57+08:00 ] ::1 /salad/index.php?s=/User/updaddress
INFO: [ app_begin ] --START--
INFO: Run Behavior\ReadHtmlCacheBehavior [ RunTime:0.000829s ]
INFO: [ app_begin ] --END-- [ RunTime:0.001629s ]
NOTIC: [8192] mysql_connect(): The mysql extension is deprecated and will be removed in the future: use mysqli or PDO instead D:\wamp\www\salad\ThinkPHP\Library\Think\Db\Driver\Mysql.class.php 第 52 行.
SQL: SHOW COLUMNS FROM `shala_user` [ RunTime:0.005261s ]
SQL: UPDATE `shala_user` SET `address`=6,`delivertype`=1 WHERE ( `id` = 5 ) [ RunTime:0.078013s ]

[ 2016-09-23T15:50:22+08:00 ] ::1 /salad/index.php?s=/User/updaddress
INFO: [ app_begin ] --START--
INFO: Run Behavior\ReadHtmlCacheBehavior [ RunTime:0.000885s ]
INFO: [ app_begin ] --END-- [ RunTime:0.001725s ]
NOTIC: [8192] mysql_connect(): The mysql extension is deprecated and will be removed in the future: use mysqli or PDO instead D:\wamp\www\salad\ThinkPHP\Library\Think\Db\Driver\Mysql.class.php 第 52 行.
SQL: SHOW COLUMNS FROM `shala_user` [ RunTime:0.004880s ]
SQL: UPDATE `shala_user` SET `address`=11,`delivertype`=0 WHERE ( `id` = 5 ) [ RunTime:0.077862s ]

[ 2016-09-23T15:52:48+08:00 ] ::1 /salad/index.php?s=/Admin/comment/comList
ERR: 无法加载控制器:Comment

[ 2016-09-23T16:37:53+08:00 ] ::1 /salad/index.php?s=/User/updaddress
INFO: [ app_begin ] --START--
INFO: Run Behavior\ReadHtmlCacheBehavior [ RunTime:0.000898s ]
INFO: [ app_begin ] --END-- [ RunTime:0.001740s ]
NOTIC: [8192] mysql_connect(): The mysql extension is deprecated and will be removed in the future: use mysqli or PDO instead D:\wamp\www\salad\ThinkPHP\Library\Think\Db\Driver\Mysql.class.php 第 52 行.
SQL: SHOW COLUMNS FROM `shala_user` [ RunTime:0.004891s ]
SQL: UPDATE `shala_user` SET `address`=2,`delivertype`=1 WHERE ( `id` = 5 ) [ RunTime:0.054071s ]

[ 2016-09-23T16:37:57+08:00 ] ::1 /salad/index.php?s=/User/updaddress
INFO: [ app_begin ] --START--
INFO: Run Behavior\ReadHtmlCacheBehavior [ RunTime:0.000889s ]
INFO: [ app_begin ] --END-- [ RunTime:0.001719s ]
NOTIC: [8192] mysql_connect(): The mysql extension is deprecated and will be removed in the future: use mysqli or PDO instead D:\wamp\www\salad\ThinkPHP\Library\Think\Db\Driver\Mysql.class.php 第 52 行.
SQL: SHOW COLUMNS FROM `shala_user` [ RunTime:0.005289s ]
SQL: UPDATE `shala_user` SET `address`=1,`delivertype`=1 WHERE ( `id` = 5 ) [ RunTime:0.037347s ]

[ 2016-09-23T16:37:59+08:00 ] ::1 /salad/index.php?s=/User/updaddress
INFO: [ app_begin ] --START--
INFO: Run Behavior\ReadHtmlCacheBehavior [ RunTime:0.000900s ]
INFO: [ app_begin ] --END-- [ RunTime:0.001858s ]
NOTIC: [8192] mysql_connect(): The mysql extension is deprecated and will be removed in the future: use mysqli or PDO instead D:\wamp\www\salad\ThinkPHP\Library\Think\Db\Driver\Mysql.class.php 第 52 行.
SQL: SHOW COLUMNS FROM `shala_user` [ RunTime:0.005234s ]
SQL: UPDATE `shala_user` SET `address`=3,`delivertype`=1 WHERE ( `id` = 5 ) [ RunTime:0.036052s ]

[ 2016-09-23T16:40:11+08:00 ] ::1 /salad/index.php?s=/User/updaddress
INFO: [ app_begin ] --START--
INFO: Run Behavior\ReadHtmlCacheBehavior [ RunTime:0.001634s ]
INFO: [ app_begin ] --END-- [ RunTime:0.002565s ]
NOTIC: [8192] mysql_connect(): The mysql extension is deprecated and will be removed in the future: use mysqli or PDO instead D:\wamp\www\salad\ThinkPHP\Library\Think\Db\Driver\Mysql.class.php 第 52 行.
SQL: SHOW COLUMNS FROM `shala_user` [ RunTime:0.005570s ]
SQL: UPDATE `shala_user` SET `address`=11,`delivertype`=0 WHERE ( `id` = 5 ) [ RunTime:0.031331s ]

[ 2016-09-23T16:40:13+08:00 ] ::1 /salad/index.php?s=/User/updaddress
INFO: [ app_begin ] --START--
INFO: Run Behavior\ReadHtmlCacheBehavior [ RunTime:0.001054s ]
INFO: [ app_begin ] --END-- [ RunTime:0.001836s ]
NOTIC: [8192] mysql_connect(): The mysql extension is deprecated and will be removed in the future: use mysqli or PDO instead D:\wamp\www\salad\ThinkPHP\Library\Think\Db\Driver\Mysql.class.php 第 52 行.
SQL: SHOW COLUMNS FROM `shala_user` [ RunTime:0.004495s ]
SQL: UPDATE `shala_user` SET `address`=3,`delivertype`=1 WHERE ( `id` = 5 ) [ RunTime:0.038570s ]

[ 2016-09-23T16:40:15+08:00 ] ::1 /salad/index.php?s=/User/updaddress
INFO: [ app_begin ] --START--
INFO: Run Behavior\ReadHtmlCacheBehavior [ RunTime:0.001259s ]
INFO: [ app_begin ] --END-- [ RunTime:0.002106s ]
NOTIC: [8192] mysql_connect(): The mysql extension is deprecated and will be removed in the future: use mysqli or PDO instead D:\wamp\www\salad\ThinkPHP\Library\Think\Db\Driver\Mysql.class.php 第 52 行.
SQL: SHOW COLUMNS FROM `shala_user` [ RunTime:0.007557s ]
SQL: UPDATE `shala_user` SET `address`=1,`delivertype`=1 WHERE ( `id` = 5 ) [ RunTime:0.299818s ]

[ 2016-09-23T16:40:16+08:00 ] ::1 /salad/index.php?s=/User/updaddress
INFO: [ app_begin ] --START--
INFO: Run Behavior\ReadHtmlCacheBehavior [ RunTime:0.001012s ]
INFO: [ app_begin ] --END-- [ RunTime:0.001841s ]
NOTIC: [8192] mysql_connect(): The mysql extension is deprecated and will be removed in the future: use mysqli or PDO instead D:\wamp\www\salad\ThinkPHP\Library\Think\Db\Driver\Mysql.class.php 第 52 行.
SQL: SHOW COLUMNS FROM `shala_user` [ RunTime:0.004551s ]
SQL: UPDATE `shala_user` SET `address`=2,`delivertype`=1 WHERE ( `id` = 5 ) [ RunTime:0.040252s ]

[ 2016-09-23T16:40:17+08:00 ] ::1 /salad/index.php?s=/User/updaddress
INFO: [ app_begin ] --START--
INFO: Run Behavior\ReadHtmlCacheBehavior [ RunTime:0.001007s ]
INFO: [ app_begin ] --END-- [ RunTime:0.001827s ]
NOTIC: [8192] mysql_connect(): The mysql extension is deprecated and will be removed in the future: use mysqli or PDO instead D:\wamp\www\salad\ThinkPHP\Library\Think\Db\Driver\Mysql.class.php 第 52 行.
SQL: SHOW COLUMNS FROM `shala_user` [ RunTime:0.004671s ]
SQL: UPDATE `shala_user` SET `address`=11,`delivertype`=0 WHERE ( `id` = 5 ) [ RunTime:0.031084s ]

[ 2016-09-23T16:40:19+08:00 ] ::1 /salad/index.php?s=/User/updaddress
INFO: [ app_begin ] --START--
INFO: Run Behavior\ReadHtmlCacheBehavior [ RunTime:0.001002s ]
INFO: [ app_begin ] --END-- [ RunTime:0.001756s ]
NOTIC: [8192] mysql_connect(): The mysql extension is deprecated and will be removed in the future: use mysqli or PDO instead D:\wamp\www\salad\ThinkPHP\Library\Think\Db\Driver\Mysql.class.php 第 52 行.
SQL: SHOW COLUMNS FROM `shala_user` [ RunTime:0.004871s ]
SQL: UPDATE `shala_user` SET `address`=11,`delivertype`=0 WHERE ( `id` = 5 ) [ RunTime:0.041744s ]

[ 2016-09-23T16:40:23+08:00 ] ::1 /salad/index.php?s=/User/updaddress
INFO: [ app_begin ] --START--
INFO: Run Behavior\ReadHtmlCacheBehavior [ RunTime:0.001195s ]
INFO: [ app_begin ] --END-- [ RunTime:0.002122s ]
NOTIC: [8192] mysql_connect(): The mysql extension is deprecated and will be removed in the future: use mysqli or PDO instead D:\wamp\www\salad\ThinkPHP\Library\Think\Db\Driver\Mysql.class.php 第 52 行.
SQL: SHOW COLUMNS FROM `shala_user` [ RunTime:0.004955s ]
SQL: UPDATE `shala_user` SET `address`=1,`delivertype`=1 WHERE ( `id` = 5 ) [ RunTime:0.041915s ]

[ 2016-09-23T16:40:24+08:00 ] ::1 /salad/index.php?s=/User/updaddress
INFO: [ app_begin ] --START--
INFO: Run Behavior\ReadHtmlCacheBehavior [ RunTime:0.001430s ]
INFO: [ app_begin ] --END-- [ RunTime:0.002694s ]
NOTIC: [8192] mysql_connect(): The mysql extension is deprecated and will be removed in the future: use mysqli or PDO instead D:\wamp\www\salad\ThinkPHP\Library\Think\Db\Driver\Mysql.class.php 第 52 行.
SQL: SHOW COLUMNS FROM `shala_user` [ RunTime:0.006148s ]
SQL: UPDATE `shala_user` SET `address`=2,`delivertype`=1 WHERE ( `id` = 5 ) [ RunTime:0.039719s ]

[ 2016-09-23T16:40:24+08:00 ] ::1 /salad/index.php?s=/User/updaddress
INFO: [ app_begin ] --START--
INFO: Run Behavior\ReadHtmlCacheBehavior [ RunTime:0.000984s ]
INFO: [ app_begin ] --END-- [ RunTime:0.001732s ]
NOTIC: [8192] mysql_connect(): The mysql extension is deprecated and will be removed in the future: use mysqli or PDO instead D:\wamp\www\salad\ThinkPHP\Library\Think\Db\Driver\Mysql.class.php 第 52 行.
SQL: SHOW COLUMNS FROM `shala_user` [ RunTime:0.004655s ]
SQL: UPDATE `shala_user` SET `address`=3,`delivertype`=1 WHERE ( `id` = 5 ) [ RunTime:0.055862s ]

[ 2016-09-23T16:40:37+08:00 ] ::1 /salad/index.php?s=/Goods/goodlist
INFO: [ app_begin ] --START--
INFO: Run Behavior\ReadHtmlCacheBehavior [ RunTime:0.001184s ]
INFO: [ app_begin ] --END-- [ RunTime:0.002050s ]
NOTIC: [8192] mysql_connect(): The mysql extension is deprecated and will be removed in the future: use mysqli or PDO instead D:\wamp\www\salad\ThinkPHP\Library\Think\Db\Driver\Mysql.class.php 第 52 行.
SQL: SHOW COLUMNS FROM `shala_gleygood` [ RunTime:0.005501s ]
SQL: SELECT `goodnum`,`gprice` FROM `shala_gleygood` WHERE ( `glfromuser` = '5' )  [ RunTime:0.000790s ]
NOTIC: [2] Invalid argument supplied for foreach() D:\wamp\www\salad\Application\Home\Controller\BaseController.class.php 第 15 行.
SQL: SHOW COLUMNS FROM `shala_goodcate` [ RunTime:0.005317s ]
SQL: SHOW COLUMNS FROM `shala_gcate` [ RunTime:0.005334s ]
SQL: SHOW COLUMNS FROM `shala_hubgood` [ RunTime:0.004537s ]
SQL: SELECT `id`,`name` FROM `shala_gcate` WHERE ( `name` NOT IN ('自选沙拉大份','自选沙拉小份','自选卷') ) AND ( `status` <> '9' )  [ RunTime:0.000613s ]
SQL: SELECT `gid`,`gpic`,`gprice`,`gconstituent`,`gname`,`gcate_id`,`cname` FROM `shala_goodcate` WHERE ( `gcate_id` = 2 )  [ RunTime:0.000843s ]
SQL: SELECT COUNT(*) AS tp_count FROM `shala_hubgood` WHERE ( `gid` = '18' ) AND ( `well` = 1 ) LIMIT 1   [ RunTime:0.000604s ]
SQL: SELECT COUNT(*) AS tp_count FROM `shala_hubgood` WHERE ( `gid` = '18' ) AND ( `well` = 0 ) AND ( `bad` = 1 ) LIMIT 1   [ RunTime:0.000627s ]
SQL: SELECT * FROM `shala_hubgood` WHERE ( `gid` = '18' ) AND ( `uid` = '5' )  [ RunTime:0.000626s ]

[ 2016-09-23T16:40:44+08:00 ] ::1 /salad/index.php?s=/Goods/goodlist
INFO: [ app_begin ] --START--
INFO: Run Behavior\ReadHtmlCacheBehavior [ RunTime:0.001012s ]
INFO: [ app_begin ] --END-- [ RunTime:0.001829s ]
NOTIC: [8192] mysql_connect(): The mysql extension is deprecated and will be removed in the future: use mysqli or PDO instead D:\wamp\www\salad\ThinkPHP\Library\Think\Db\Driver\Mysql.class.php 第 52 行.
SQL: SHOW COLUMNS FROM `shala_gleygood` [ RunTime:0.005077s ]
SQL: SELECT `goodnum`,`gprice` FROM `shala_gleygood` WHERE ( `glfromuser` = '5' )  [ RunTime:0.000858s ]
NOTIC: [2] Invalid argument supplied for foreach() D:\wamp\www\salad\Application\Home\Controller\BaseController.class.php 第 15 行.
SQL: SHOW COLUMNS FROM `shala_goodcate` [ RunTime:0.044152s ]
SQL: SHOW COLUMNS FROM `shala_gcate` [ RunTime:0.006827s ]
SQL: SHOW COLUMNS FROM `shala_hubgood` [ RunTime:0.004527s ]
SQL: SELECT `id`,`name` FROM `shala_gcate` WHERE ( `name` NOT IN ('自选沙拉大份','自选沙拉小份','自选卷') ) AND ( `status` <> '9' )  [ RunTime:0.000624s ]
SQL: SELECT `gid`,`gpic`,`gprice`,`gconstituent`,`gname`,`gcate_id`,`cname` FROM `shala_goodcate` WHERE ( `gcate_id` = 3 )  [ RunTime:0.000784s ]
SQL: SELECT COUNT(*) AS tp_count FROM `shala_hubgood` WHERE ( `gid` = '2' ) AND ( `well` = 1 ) LIMIT 1   [ RunTime:0.000598s ]
SQL: SELECT COUNT(*) AS tp_count FROM `shala_hubgood` WHERE ( `gid` = '2' ) AND ( `well` = 0 ) AND ( `bad` = 1 ) LIMIT 1   [ RunTime:0.000618s ]
SQL: SELECT * FROM `shala_hubgood` WHERE ( `gid` = '2' ) AND ( `uid` = '5' )  [ RunTime:0.000610s ]

[ 2016-09-23T16:40:47+08:00 ] ::1 /salad/index.php?s=/Goods/togley
INFO: [ app_begin ] --START--
INFO: Run Behavior\ReadHtmlCacheBehavior [ RunTime:0.000787s ]
INFO: [ app_begin ] --END-- [ RunTime:0.001500s ]
NOTIC: [8192] mysql_connect(): The mysql extension is deprecated and will be removed in the future: use mysqli or PDO instead D:\wamp\www\salad\ThinkPHP\Library\Think\Db\Driver\Mysql.class.php 第 52 行.
SQL: SHOW COLUMNS FROM `shala_gleygood` [ RunTime:0.005021s ]
SQL: SELECT `goodnum`,`gprice` FROM `shala_gleygood` WHERE ( `glfromuser` = '5' )  [ RunTime:0.000732s ]
NOTIC: [2] Invalid argument supplied for foreach() D:\wamp\www\salad\Application\Home\Controller\BaseController.class.php 第 15 行.
SQL: SHOW COLUMNS FROM `shala_gley` [ RunTime:0.004472s ]
SQL: SELECT `id` FROM `shala_gley` WHERE ( `goods` = 18 ) AND ( `fromuser` = 5 )  [ RunTime:0.024334s ]
SQL: INSERT INTO `shala_gley` (`goods`,`fromuser`,`goodnum`) VALUES (18,5,1) [ RunTime:0.088505s ]
SQL: SELECT `id` FROM `shala_gley` WHERE ( `goods` = 2 ) AND ( `fromuser` = 5 )  [ RunTime:0.001252s ]
SQL: INSERT INTO `shala_gley` (`goods`,`fromuser`,`goodnum`) VALUES (2,5,1) [ RunTime:0.032965s ]

[ 2016-09-23T16:40:50+08:00 ] ::1 /salad/index.php?s=/Order/addorder
INFO: [ app_begin ] --START--
INFO: Run Behavior\ReadHtmlCacheBehavior [ RunTime:0.000946s ]
INFO: [ app_begin ] --END-- [ RunTime:0.001711s ]
NOTIC: [8192] mysql_connect(): The mysql extension is deprecated and will be removed in the future: use mysqli or PDO instead D:\wamp\www\salad\ThinkPHP\Library\Think\Db\Driver\Mysql.class.php 第 52 行.
SQL: SHOW COLUMNS FROM `shala_gleygood` [ RunTime:0.004858s ]
SQL: SELECT `goodnum`,`gprice` FROM `shala_gleygood` WHERE ( `glfromuser` = '5' )  [ RunTime:0.000752s ]
SQL: SHOW COLUMNS FROM `shala_order` [ RunTime:0.005365s ]
SQL: SHOW COLUMNS FROM `shala_user` [ RunTime:0.005243s ]
SQL: SELECT `address`,`delivertype` FROM `shala_user` WHERE ( `id` = 5 )  [ RunTime:0.000547s ]
NOTIC: [8] Undefined variable: 3 D:\wamp\www\salad\Application\Home\Controller\OrderController.class.php 第 20 行.
NOTIC: [8] Undefined variable: detailadd D:\wamp\www\salad\Application\Home\Controller\OrderController.class.php 第 45 行.
SQL: INSERT INTO `shala_order` (`name`,`fromuser`,`create_time`,`update_time`,`price`,`type`,`delivertype`,`address`,`detailadd`) VALUES ('52016092316405063278',5,1474620050,1474620050,42.45,0,1,0,null) [ RunTime:0.012141s ]
SQL: SHOW COLUMNS FROM `shala_orgo` [ RunTime:0.004720s ]
SQL: SHOW COLUMNS FROM `shala_gley` [ RunTime:0.004422s ]
SQL: DELETE FROM `shala_gley` WHERE ( `id` = 18 ) [ RunTime:0.000660s ]
SQL: DELETE FROM `shala_gley` WHERE ( `id` = 19 ) [ RunTime:0.000652s ]
SQL: INSERT INTO `shala_orgo` (`gid`,`gprice`,`gnum`,`oid`) VALUES (18,12.45,1,18),(2,30,1,18) [ RunTime:0.023321s ]

[ 2016-09-23T16:47:14+08:00 ] ::1 /salad/index.php?s=/Order/addorder
INFO: [ app_begin ] --START--
INFO: Run Behavior\ReadHtmlCacheBehavior [ RunTime:0.000946s ]
INFO: [ app_begin ] --END-- [ RunTime:0.001708s ]
NOTIC: [8192] mysql_connect(): The mysql extension is deprecated and will be removed in the future: use mysqli or PDO instead D:\wamp\www\salad\ThinkPHP\Library\Think\Db\Driver\Mysql.class.php 第 52 行.
SQL: SHOW COLUMNS FROM `shala_gleygood` [ RunTime:0.005247s ]
SQL: SELECT `goodnum`,`gprice` FROM `shala_gleygood` WHERE ( `glfromuser` = '5' )  [ RunTime:0.000834s ]
NOTIC: [2] Invalid argument supplied for foreach() D:\wamp\www\salad\Application\Home\Controller\BaseController.class.php 第 15 行.
SQL: SHOW COLUMNS FROM `shala_order` [ RunTime:0.005605s ]
SQL: SHOW COLUMNS FROM `shala_user` [ RunTime:0.004572s ]
SQL: SELECT `address`,`delivertype` FROM `shala_user` WHERE ( `id` = 5 )  [ RunTime:0.000551s ]
SQL: SHOW COLUMNS FROM `shala_address` [ RunTime:0.005174s ]
SQL: SELECT * FROM `shala_address` WHERE ( id = 3 )  [ RunTime:0.000613s ]
SQL: INSERT INTO `shala_order` (`name`,`fromuser`,`create_time`,`update_time`,`price`,`type`,`delivertype`,`address`,`detailadd`) VALUES ('52016092316471378917',5,1474620433,1474620433,42.45,0,1,'3','北京市海淀区北京大学口腔医院4321') [ RunTime:0.021862s ]
SQL: SHOW COLUMNS FROM `shala_orgo` [ RunTime:0.004544s ]
SQL: SHOW COLUMNS FROM `shala_gley` [ RunTime:0.004720s ]
SQL: DELETE FROM `shala_gley` WHERE ( `id` = 18 ) [ RunTime:0.000528s ]
SQL: DELETE FROM `shala_gley` WHERE ( `id` = 19 ) [ RunTime:0.000480s ]
SQL: INSERT INTO `shala_orgo` (`gid`,`gprice`,`gnum`,`oid`) VALUES (18,12.45,1,19),(2,30,1,19) [ RunTime:0.000516s ]

[ 2016-09-23T16:50:26+08:00 ] ::1 /salad/index.php?s=/User/login
INFO: [ app_begin ] --START--
INFO: Run Behavior\ReadHtmlCacheBehavior [ RunTime:0.000769s ]
INFO: [ app_begin ] --END-- [ RunTime:0.001482s ]
NOTIC: [8192] mysql_connect(): The mysql extension is deprecated and will be removed in the future: use mysqli or PDO instead D:\wamp\www\salad\ThinkPHP\Library\Think\Db\Driver\Mysql.class.php 第 52 行.
SQL: SHOW COLUMNS FROM `shala_user` [ RunTime:0.004914s ]
SQL: SELECT * FROM `shala_user` WHERE ( `tel` = '13163177870' )  [ RunTime:0.000676s ]

[ 2016-09-23T16:50:47+08:00 ] ::1 /salad/index.php?s=/Goods/goodlist
INFO: [ app_begin ] --START--
INFO: Run Behavior\ReadHtmlCacheBehavior [ RunTime:0.001334s ]
INFO: [ app_begin ] --END-- [ RunTime:0.002435s ]
NOTIC: [8192] mysql_connect(): The mysql extension is deprecated and will be removed in the future: use mysqli or PDO instead D:\wamp\www\salad\ThinkPHP\Library\Think\Db\Driver\Mysql.class.php 第 52 行.
SQL: SHOW COLUMNS FROM `shala_gleygood` [ RunTime:0.006219s ]
SQL: SELECT `goodnum`,`gprice` FROM `shala_gleygood` WHERE ( `glfromuser` = '7' )  [ RunTime:0.000962s ]
NOTIC: [2] Invalid argument supplied for foreach() D:\wamp\www\salad\Application\Home\Controller\BaseController.class.php 第 15 行.
SQL: SHOW COLUMNS FROM `shala_goodcate` [ RunTime:0.005795s ]
SQL: SHOW COLUMNS FROM `shala_gcate` [ RunTime:0.005239s ]
SQL: SHOW COLUMNS FROM `shala_hubgood` [ RunTime:0.005823s ]
SQL: SELECT `id`,`name` FROM `shala_gcate` WHERE ( `name` NOT IN ('自选沙拉大份','自选沙拉小份','自选卷') ) AND ( `status` <> '9' )  [ RunTime:0.000680s ]
SQL: SELECT `gid`,`gpic`,`gprice`,`gconstituent`,`gname`,`gcate_id`,`cname` FROM `shala_goodcate` WHERE ( `gcate_id` = 4 )  [ RunTime:0.000961s ]
SQL: SELECT COUNT(*) AS tp_count FROM `shala_hubgood` WHERE ( `gid` = '3' ) AND ( `well` = 1 ) LIMIT 1   [ RunTime:0.000701s ]
SQL: SELECT COUNT(*) AS tp_count FROM `shala_hubgood` WHERE ( `gid` = '3' ) AND ( `well` = 0 ) AND ( `bad` = 1 ) LIMIT 1   [ RunTime:0.000753s ]
SQL: SELECT * FROM `shala_hubgood` WHERE ( `gid` = '3' ) AND ( `uid` = '7' )  [ RunTime:0.000732s ]
SQL: SELECT COUNT(*) AS tp_count FROM `shala_hubgood` WHERE ( `gid` = '17' ) AND ( `well` = 1 ) AND ( `bad` = 1 ) LIMIT 1   [ RunTime:0.000606s ]
SQL: SELECT COUNT(*) AS tp_count FROM `shala_hubgood` WHERE ( `gid` = '17' ) AND ( `well` = 0 ) AND ( `bad` = 1 ) LIMIT 1   [ RunTime:0.000590s ]
SQL: SELECT * FROM `shala_hubgood` WHERE ( `gid` = '17' ) AND ( `uid` = '7' )  [ RunTime:0.000611s ]

[ 2016-09-23T16:50:50+08:00 ] ::1 /salad/index.php?s=/Goods/togley
INFO: [ app_begin ] --START--
INFO: Run Behavior\ReadHtmlCacheBehavior [ RunTime:0.000907s ]
INFO: [ app_begin ] --END-- [ RunTime:0.001666s ]
NOTIC: [8192] mysql_connect(): The mysql extension is deprecated and will be removed in the future: use mysqli or PDO instead D:\wamp\www\salad\ThinkPHP\Library\Think\Db\Driver\Mysql.class.php 第 52 行.
SQL: SHOW COLUMNS FROM `shala_gleygood` [ RunTime:0.004644s ]
SQL: SELECT `goodnum`,`gprice` FROM `shala_gleygood` WHERE ( `glfromuser` = '7' )  [ RunTime:0.000717s ]
NOTIC: [2] Invalid argument supplied for foreach() D:\wamp\www\salad\Application\Home\Controller\BaseController.class.php 第 15 行.
SQL: SHOW COLUMNS FROM `shala_gley` [ RunTime:0.004598s ]
SQL: SELECT `id` FROM `shala_gley` WHERE ( `goods` = 16 ) AND ( `fromuser` = 7 )  [ RunTime:0.000625s ]
SQL: INSERT INTO `shala_gley` (`goods`,`fromuser`,`goodnum`) VALUES (16,7,1) [ RunTime:0.073256s ]
SQL: SELECT `id` FROM `shala_gley` WHERE ( `goods` = 3 ) AND ( `fromuser` = 7 )  [ RunTime:0.000610s ]
SQL: INSERT INTO `shala_gley` (`goods`,`fromuser`,`goodnum`) VALUES (3,7,1) [ RunTime:0.030707s ]

[ 2016-09-23T16:50:54+08:00 ] ::1 /salad/index.php?s=/Order/addorder
INFO: [ app_begin ] --START--
INFO: Run Behavior\ReadHtmlCacheBehavior [ RunTime:0.001300s ]
INFO: [ app_begin ] --END-- [ RunTime:0.002613s ]
NOTIC: [8192] mysql_connect(): The mysql extension is deprecated and will be removed in the future: use mysqli or PDO instead D:\wamp\www\salad\ThinkPHP\Library\Think\Db\Driver\Mysql.class.php 第 52 行.
SQL: SHOW COLUMNS FROM `shala_gleygood` [ RunTime:0.004976s ]
SQL: SELECT `goodnum`,`gprice` FROM `shala_gleygood` WHERE ( `glfromuser` = '7' )  [ RunTime:0.000753s ]
SQL: SHOW COLUMNS FROM `shala_order` [ RunTime:0.006660s ]
SQL: SHOW COLUMNS FROM `shala_user` [ RunTime:0.004350s ]
SQL: SELECT `address`,`delivertype` FROM `shala_user` WHERE ( `id` = 7 )  [ RunTime:0.000543s ]
NOTIC: [8] Undefined variable: detailadd D:\wamp\www\salad\Application\Home\Controller\OrderController.class.php 第 45 行.
SQL: INSERT INTO `shala_order` (`name`,`fromuser`,`create_time`,`update_time`,`price`,`type`,`delivertype`,`address`,`detailadd`) VALUES ('72016092316505460292',7,1474620654,1474620654,79.23,0,1,0,null) [ RunTime:0.010133s ]
SQL: SHOW COLUMNS FROM `shala_orgo` [ RunTime:0.004527s ]
SQL: SHOW COLUMNS FROM `shala_gley` [ RunTime:0.004755s ]
SQL: DELETE FROM `shala_gley` WHERE ( `id` = 20 ) [ RunTime:0.000620s ]
SQL: DELETE FROM `shala_gley` WHERE ( `id` = 21 ) [ RunTime:0.000507s ]
SQL: INSERT INTO `shala_orgo` (`gid`,`gprice`,`gnum`,`oid`) VALUES (16,43.23,1,20),(3,36,1,20) [ RunTime:0.000509s ]

[ 2016-09-23T17:06:40+08:00 ] ::1 /salad/index.php?s=/Goods/togley
INFO: [ app_begin ] --START--
INFO: Run Behavior\ReadHtmlCacheBehavior [ RunTime:0.000778s ]
INFO: [ app_begin ] --END-- [ RunTime:0.001515s ]
NOTIC: [8192] mysql_connect(): The mysql extension is deprecated and will be removed in the future: use mysqli or PDO instead D:\wamp\www\salad\ThinkPHP\Library\Think\Db\Driver\Mysql.class.php 第 52 行.
SQL: SHOW COLUMNS FROM `shala_gleygood` [ RunTime:0.004763s ]
SQL: SELECT `goodnum`,`gprice` FROM `shala_gleygood` WHERE ( `glfromuser` = '7' )  [ RunTime:0.000785s ]
NOTIC: [2] Invalid argument supplied for foreach() D:\wamp\www\salad\Application\Home\Controller\BaseController.class.php 第 15 行.
SQL: SHOW COLUMNS FROM `shala_gley` [ RunTime:0.005328s ]
SQL: SELECT `id` FROM `shala_gley` WHERE ( `goods` = 16 ) AND ( `fromuser` = 7 )  [ RunTime:0.000680s ]
SQL: INSERT INTO `shala_gley` (`goods`,`fromuser`,`goodnum`) VALUES (16,7,1) [ RunTime:0.063038s ]

[ 2016-09-23T17:06:45+08:00 ] ::1 /salad/index.php?s=/Order/addorder
INFO: [ app_begin ] --START--
INFO: Run Behavior\ReadHtmlCacheBehavior [ RunTime:0.001549s ]
INFO: [ app_begin ] --END-- [ RunTime:0.002812s ]

[ 2016-09-23T17:06:47+08:00 ] ::1 /salad/index.php?s=/Order/addorder
INFO: [ app_begin ] --START--
INFO: Run Behavior\ReadHtmlCacheBehavior [ RunTime:0.000749s ]
INFO: [ app_begin ] --END-- [ RunTime:0.001453s ]

[ 2016-09-23T17:06:48+08:00 ] ::1 /salad/index.php?s=/Order/addorder
INFO: [ app_begin ] --START--
INFO: Run Behavior\ReadHtmlCacheBehavior [ RunTime:0.000916s ]
INFO: [ app_begin ] --END-- [ RunTime:0.001835s ]

[ 2016-09-23T17:06:49+08:00 ] ::1 /salad/index.php?s=/Order/addorder
INFO: [ app_begin ] --START--
INFO: Run Behavior\ReadHtmlCacheBehavior [ RunTime:0.000943s ]
INFO: [ app_begin ] --END-- [ RunTime:0.001852s ]

[ 2016-09-23T17:06:49+08:00 ] ::1 /salad/index.php?s=/Order/addorder
INFO: [ app_begin ] --START--
INFO: Run Behavior\ReadHtmlCacheBehavior [ RunTime:0.000744s ]
INFO: [ app_begin ] --END-- [ RunTime:0.001447s ]

[ 2016-09-23T17:08:05+08:00 ] ::1 /salad/index.php?s=/Order/addorder
INFO: [ app_begin ] --START--
INFO: Run Behavior\ReadHtmlCacheBehavior [ RunTime:0.000745s ]
INFO: [ app_begin ] --END-- [ RunTime:0.001444s ]

[ 2016-09-23T17:08:06+08:00 ] ::1 /salad/index.php?s=/Order/addorder
INFO: [ app_begin ] --START--
INFO: Run Behavior\ReadHtmlCacheBehavior [ RunTime:0.000932s ]
INFO: [ app_begin ] --END-- [ RunTime:0.001782s ]

[ 2016-09-23T17:08:06+08:00 ] ::1 /salad/index.php?s=/Order/addorder
INFO: [ app_begin ] --START--
INFO: Run Behavior\ReadHtmlCacheBehavior [ RunTime:0.000733s ]
INFO: [ app_begin ] --END-- [ RunTime:0.001481s ]

[ 2016-09-23T17:08:07+08:00 ] ::1 /salad/index.php?s=/Order/addorder
INFO: [ app_begin ] --START--
INFO: Run Behavior\ReadHtmlCacheBehavior [ RunTime:0.000723s ]
INFO: [ app_begin ] --END-- [ RunTime:0.001420s ]

[ 2016-09-23T17:08:11+08:00 ] ::1 /salad/index.php?s=/Goods/delgley&glid=22
INFO: [ app_begin ] --START--
INFO: Run Behavior\ReadHtmlCacheBehavior [ RunTime:0.001172s ]
INFO: [ app_begin ] --END-- [ RunTime:0.002208s ]
NOTIC: [8192] mysql_connect(): The mysql extension is deprecated and will be removed in the future: use mysqli or PDO instead D:\wamp\www\salad\ThinkPHP\Library\Think\Db\Driver\Mysql.class.php 第 52 行.
SQL: SHOW COLUMNS FROM `shala_gleygood` [ RunTime:0.005962s ]
SQL: SELECT `goodnum`,`gprice` FROM `shala_gleygood` WHERE ( `glfromuser` = '7' )  [ RunTime:0.000881s ]
SQL: SHOW COLUMNS FROM `shala_gley` [ RunTime:0.005205s ]
SQL: DELETE FROM `shala_gley` WHERE ( `id` = 22 ) [ RunTime:0.056640s ]

[ 2016-09-23T17:08:36+08:00 ] ::1 /salad/index.php?s=/Goods/togley
INFO: [ app_begin ] --START--
INFO: Run Behavior\ReadHtmlCacheBehavior [ RunTime:0.000748s ]
INFO: [ app_begin ] --END-- [ RunTime:0.001497s ]
NOTIC: [8192] mysql_connect(): The mysql extension is deprecated and will be removed in the future: use mysqli or PDO instead D:\wamp\www\salad\ThinkPHP\Library\Think\Db\Driver\Mysql.class.php 第 52 行.
SQL: SHOW COLUMNS FROM `shala_gleygood` [ RunTime:0.004679s ]
SQL: SELECT `goodnum`,`gprice` FROM `shala_gleygood` WHERE ( `glfromuser` = '7' )  [ RunTime:0.000728s ]
NOTIC: [2] Invalid argument supplied for foreach() D:\wamp\www\salad\Application\Home\Controller\BaseController.class.php 第 15 行.
SQL: SHOW COLUMNS FROM `shala_gley` [ RunTime:0.004975s ]
SQL: SELECT `id` FROM `shala_gley` WHERE ( `goods` = 16 ) AND ( `fromuser` = 7 )  [ RunTime:0.000716s ]
SQL: INSERT INTO `shala_gley` (`goods`,`fromuser`,`goodnum`) VALUES (16,7,1) [ RunTime:0.064574s ]

[ 2016-09-23T17:08:40+08:00 ] ::1 /salad/index.php?s=/Order/addorder
INFO: [ app_begin ] --START--
INFO: Run Behavior\ReadHtmlCacheBehavior [ RunTime:0.000739s ]
INFO: [ app_begin ] --END-- [ RunTime:0.001431s ]

[ 2016-09-23T17:08:41+08:00 ] ::1 /salad/index.php?s=/Order/addorder
INFO: [ app_begin ] --START--
INFO: Run Behavior\ReadHtmlCacheBehavior [ RunTime:0.000777s ]
INFO: [ app_begin ] --END-- [ RunTime:0.001499s ]

[ 2016-09-23T17:08:41+08:00 ] ::1 /salad/index.php?s=/Order/addorder
INFO: [ app_begin ] --START--
INFO: Run Behavior\ReadHtmlCacheBehavior [ RunTime:0.000799s ]
INFO: [ app_begin ] --END-- [ RunTime:0.001576s ]

[ 2016-09-23T17:09:12+08:00 ] ::1 /salad/index.php?s=/Order/addorder
INFO: [ app_begin ] --START--
INFO: Run Behavior\ReadHtmlCacheBehavior [ RunTime:0.000953s ]
INFO: [ app_begin ] --END-- [ RunTime:0.001903s ]
NOTIC: [8192] mysql_connect(): The mysql extension is deprecated and will be removed in the future: use mysqli or PDO instead D:\wamp\www\salad\ThinkPHP\Library\Think\Db\Driver\Mysql.class.php 第 52 行.
SQL: SHOW COLUMNS FROM `shala_gleygood` [ RunTime:0.007411s ]
SQL: SELECT `goodnum`,`gprice` FROM `shala_gleygood` WHERE ( `glfromuser` = '7' )  [ RunTime:0.001494s ]
SQL: SHOW COLUMNS FROM `shala_order` [ RunTime:0.004603s ]
SQL: SHOW COLUMNS FROM `shala_user` [ RunTime:0.005514s ]
SQL: SELECT `address`,`delivertype` FROM `shala_user` WHERE ( `id` = 7 )  [ RunTime:0.001125s ]

[ 2016-09-23T17:09:49+08:00 ] ::1 /salad/index.php?s=/User/updaddress
INFO: [ app_begin ] --START--
INFO: Run Behavior\ReadHtmlCacheBehavior [ RunTime:0.002173s ]
INFO: [ app_begin ] --END-- [ RunTime:0.003022s ]
NOTIC: [8192] mysql_connect(): The mysql extension is deprecated and will be removed in the future: use mysqli or PDO instead D:\wamp\www\salad\ThinkPHP\Library\Think\Db\Driver\Mysql.class.php 第 52 行.
SQL: SHOW COLUMNS FROM `shala_user` [ RunTime:0.004557s ]
SQL: UPDATE `shala_user` SET `address`=11,`delivertype`=0 WHERE ( `id` = 7 ) [ RunTime:0.036537s ]

[ 2016-09-23T17:09:54+08:00 ] ::1 /salad/index.php?s=/Order/addorder
INFO: [ app_begin ] --START--
INFO: Run Behavior\ReadHtmlCacheBehavior [ RunTime:0.000986s ]
INFO: [ app_begin ] --END-- [ RunTime:0.001927s ]
NOTIC: [8192] mysql_connect(): The mysql extension is deprecated and will be removed in the future: use mysqli or PDO instead D:\wamp\www\salad\ThinkPHP\Library\Think\Db\Driver\Mysql.class.php 第 52 行.
SQL: SHOW COLUMNS FROM `shala_gleygood` [ RunTime:0.005336s ]
SQL: SELECT `goodnum`,`gprice` FROM `shala_gleygood` WHERE ( `glfromuser` = '7' )  [ RunTime:0.001288s ]
SQL: SHOW COLUMNS FROM `shala_order` [ RunTime:0.006638s ]
SQL: SHOW COLUMNS FROM `shala_user` [ RunTime:0.005336s ]
SQL: SELECT `address`,`delivertype` FROM `shala_user` WHERE ( `id` = 7 )  [ RunTime:0.000657s ]
SQL: SHOW COLUMNS FROM `shala_address` [ RunTime:0.005810s ]
SQL: SELECT * FROM `shala_address` WHERE ( id = 11 )  [ RunTime:0.000718s ]
SQL: INSERT INTO `shala_order` (`name`,`fromuser`,`create_time`,`update_time`,`price`,`type`,`delivertype`,`address`,`detailadd`,`getcode`) VALUES ('72016092317095430442',7,1474621794,1474621794,43.23,0,0,'11','北京朝阳区朝外大街6号（新城国际）26号楼底商103号',74204) [ RunTime:0.019501s ]
SQL: SHOW COLUMNS FROM `shala_orgo` [ RunTime:0.005432s ]
SQL: SHOW COLUMNS FROM `shala_gley` [ RunTime:0.004958s ]
SQL: DELETE FROM `shala_gley` WHERE ( `id` = 23 ) [ RunTime:0.000661s ]
SQL: INSERT INTO `shala_orgo` (`gid`,`gprice`,`gnum`,`oid`) VALUES (16,43.23,1,21) [ RunTime:0.000506s ]

[ 2016-09-23T18:38:14+08:00 ] ::1 /salad/index.php?s=/User/updaddress
INFO: [ app_begin ] --START--
INFO: Run Behavior\ReadHtmlCacheBehavior [ RunTime:0.003999s ]
INFO: [ app_begin ] --END-- [ RunTime:0.006656s ]
NOTIC: [8192] mysql_connect(): The mysql extension is deprecated and will be removed in the future: use mysqli or PDO instead D:\wamp\www\salad\ThinkPHP\Library\Think\Db\Driver\Mysql.class.php 第 52 行.
SQL: SHOW COLUMNS FROM `shala_user` [ RunTime:0.005611s ]
SQL: SHOW COLUMNS FROM `shala_address` [ RunTime:0.004919s ]
SQL: SELECT * FROM `shala_address` WHERE ( id = 10 )  [ RunTime:0.000634s ]
SQL: SHOW COLUMNS FROM `shala_order` [ RunTime:0.004622s ]
SQL: UPDATE `shala_order` SET `address`='10',`detailadd`='望京SOHO 塔3底商3108',`delivertype`=0 WHERE ( `id` = 21 ) [ RunTime:0.036344s ]

[ 2016-09-23T18:38:23+08:00 ] ::1 /salad/index.php?s=/User/updaddress
INFO: [ app_begin ] --START--
INFO: Run Behavior\ReadHtmlCacheBehavior [ RunTime:0.001339s ]
INFO: [ app_begin ] --END-- [ RunTime:0.002437s ]
NOTIC: [8192] mysql_connect(): The mysql extension is deprecated and will be removed in the future: use mysqli or PDO instead D:\wamp\www\salad\ThinkPHP\Library\Think\Db\Driver\Mysql.class.php 第 52 行.
SQL: SHOW COLUMNS FROM `shala_user` [ RunTime:0.005227s ]
SQL: SHOW COLUMNS FROM `shala_address` [ RunTime:0.006564s ]
SQL: SELECT * FROM `shala_address` WHERE ( id = 11 )  [ RunTime:0.000632s ]
SQL: SHOW COLUMNS FROM `shala_order` [ RunTime:0.005940s ]
SQL: UPDATE `shala_order` SET `address`='11',`detailadd`='北京朝阳区朝外大街6号（新城国际）26号楼底商103号',`delivertype`=0 WHERE ( `id` = 21 ) [ RunTime:0.069497s ]

[ 2016-09-23T18:38:29+08:00 ] ::1 /salad/index.php?s=/User/updaddress
INFO: [ app_begin ] --START--
INFO: Run Behavior\ReadHtmlCacheBehavior [ RunTime:0.001388s ]
INFO: [ app_begin ] --END-- [ RunTime:0.002501s ]
NOTIC: [8192] mysql_connect(): The mysql extension is deprecated and will be removed in the future: use mysqli or PDO instead D:\wamp\www\salad\ThinkPHP\Library\Think\Db\Driver\Mysql.class.php 第 52 行.
SQL: SHOW COLUMNS FROM `shala_user` [ RunTime:0.004814s ]
SQL: SHOW COLUMNS FROM `shala_address` [ RunTime:0.006892s ]
SQL: SELECT * FROM `shala_address` WHERE ( id = 10 )  [ RunTime:0.000706s ]
SQL: SHOW COLUMNS FROM `shala_order` [ RunTime:0.005265s ]
SQL: UPDATE `shala_order` SET `address`='10',`detailadd`='望京SOHO 塔3底商3108',`delivertype`=0 WHERE ( `id` = 21 ) [ RunTime:0.065076s ]

[ 2016-09-23T18:38:39+08:00 ] ::1 /salad/index.php?s=/User/updaddress
INFO: [ app_begin ] --START--
INFO: Run Behavior\ReadHtmlCacheBehavior [ RunTime:0.001568s ]
INFO: [ app_begin ] --END-- [ RunTime:0.002659s ]
NOTIC: [8192] mysql_connect(): The mysql extension is deprecated and will be removed in the future: use mysqli or PDO instead D:\wamp\www\salad\ThinkPHP\Library\Think\Db\Driver\Mysql.class.php 第 52 行.
SQL: SHOW COLUMNS FROM `shala_user` [ RunTime:0.005129s ]
SQL: SHOW COLUMNS FROM `shala_address` [ RunTime:0.005035s ]
SQL: SELECT * FROM `shala_address` WHERE ( id = 11 )  [ RunTime:0.000642s ]
SQL: SHOW COLUMNS FROM `shala_order` [ RunTime:0.005208s ]
SQL: UPDATE `shala_order` SET `address`='11',`detailadd`='北京朝阳区朝外大街6号（新城国际）26号楼底商103号',`delivertype`=0 WHERE ( `id` = 21 ) [ RunTime:0.067605s ]

[ 2016-09-23T18:38:48+08:00 ] ::1 /salad/index.php?s=/User/updaddress
INFO: [ app_begin ] --START--
INFO: Run Behavior\ReadHtmlCacheBehavior [ RunTime:0.001041s ]
INFO: [ app_begin ] --END-- [ RunTime:0.001804s ]
NOTIC: [8192] mysql_connect(): The mysql extension is deprecated and will be removed in the future: use mysqli or PDO instead D:\wamp\www\salad\ThinkPHP\Library\Think\Db\Driver\Mysql.class.php 第 52 行.
SQL: SHOW COLUMNS FROM `shala_user` [ RunTime:0.005577s ]
SQL: SHOW COLUMNS FROM `shala_address` [ RunTime:0.006822s ]
SQL: SELECT * FROM `shala_address` WHERE ( id = 10 )  [ RunTime:0.000809s ]
SQL: SHOW COLUMNS FROM `shala_order` [ RunTime:0.006082s ]
SQL: UPDATE `shala_order` SET `address`='10',`detailadd`='望京SOHO 塔3底商3108',`delivertype`=0 WHERE ( `id` = 21 ) [ RunTime:0.041290s ]

[ 2016-09-23T18:43:52+08:00 ] ::1 /salad/index.php?s=/User/login
INFO: [ app_begin ] --START--
INFO: Run Behavior\ReadHtmlCacheBehavior [ RunTime:0.001072s ]
INFO: [ app_begin ] --END-- [ RunTime:0.001921s ]
NOTIC: [8192] mysql_connect(): The mysql extension is deprecated and will be removed in the future: use mysqli or PDO instead D:\wamp\www\salad\ThinkPHP\Library\Think\Db\Driver\Mysql.class.php 第 52 行.
SQL: SHOW COLUMNS FROM `shala_user` [ RunTime:0.007685s ]
SQL: SELECT * FROM `shala_user` WHERE ( `tel` = '13163177871' )  [ RunTime:0.001476s ]

[ 2016-09-23T18:44:09+08:00 ] ::1 /salad/index.php?s=/User/updaddress
INFO: [ app_begin ] --START--
INFO: Run Behavior\ReadHtmlCacheBehavior [ RunTime:0.001165s ]
INFO: [ app_begin ] --END-- [ RunTime:0.002852s ]
NOTIC: [8192] mysql_connect(): The mysql extension is deprecated and will be removed in the future: use mysqli or PDO instead D:\wamp\www\salad\ThinkPHP\Library\Think\Db\Driver\Mysql.class.php 第 52 行.
SQL: SHOW COLUMNS FROM `shala_user` [ RunTime:0.007340s ]
SQL: UPDATE `shala_user` SET `address`=1,`delivertype`=1 WHERE ( `id` = 5 ) [ RunTime:0.036692s ]

[ 2016-09-23T18:48:50+08:00 ] ::1 /salad/index.php?s=/User/updaddress
INFO: [ app_begin ] --START--
INFO: Run Behavior\ReadHtmlCacheBehavior [ RunTime:0.001233s ]
INFO: [ app_begin ] --END-- [ RunTime:0.002127s ]
NOTIC: [8192] mysql_connect(): The mysql extension is deprecated and will be removed in the future: use mysqli or PDO instead D:\wamp\www\salad\ThinkPHP\Library\Think\Db\Driver\Mysql.class.php 第 52 行.
SQL: SHOW COLUMNS FROM `shala_user` [ RunTime:0.005775s ]
SQL: UPDATE `shala_user` SET `address`=11,`delivertype`=0 WHERE ( `id` = 5 ) [ RunTime:0.029606s ]

[ 2016-09-23T18:50:14+08:00 ] ::1 /salad/index.php?s=/User/updaddress
INFO: [ app_begin ] --START--
INFO: Run Behavior\ReadHtmlCacheBehavior [ RunTime:0.000730s ]
INFO: [ app_begin ] --END-- [ RunTime:0.001436s ]
NOTIC: [8192] mysql_connect(): The mysql extension is deprecated and will be removed in the future: use mysqli or PDO instead D:\wamp\www\salad\ThinkPHP\Library\Think\Db\Driver\Mysql.class.php 第 52 行.
SQL: SHOW COLUMNS FROM `shala_user` [ RunTime:0.004521s ]
SQL: UPDATE `shala_user` SET `address`=10,`delivertype`=0 WHERE ( `id` = 5 ) [ RunTime:0.047758s ]

[ 2016-09-23T18:50:16+08:00 ] ::1 /salad/index.php?s=/User/updaddress
INFO: [ app_begin ] --START--
INFO: Run Behavior\ReadHtmlCacheBehavior [ RunTime:0.000741s ]
INFO: [ app_begin ] --END-- [ RunTime:0.001435s ]
NOTIC: [8192] mysql_connect(): The mysql extension is deprecated and will be removed in the future: use mysqli or PDO instead D:\wamp\www\salad\ThinkPHP\Library\Think\Db\Driver\Mysql.class.php 第 52 行.
SQL: SHOW COLUMNS FROM `shala_user` [ RunTime:0.004759s ]
SQL: UPDATE `shala_user` SET `address`=1,`delivertype`=1 WHERE ( `id` = 5 ) [ RunTime:0.218090s ]

[ 2016-09-23T18:50:17+08:00 ] ::1 /salad/index.php?s=/User/updaddress
INFO: [ app_begin ] --START--
INFO: Run Behavior\ReadHtmlCacheBehavior [ RunTime:0.000724s ]
INFO: [ app_begin ] --END-- [ RunTime:0.001415s ]
NOTIC: [8192] mysql_connect(): The mysql extension is deprecated and will be removed in the future: use mysqli or PDO instead D:\wamp\www\salad\ThinkPHP\Library\Think\Db\Driver\Mysql.class.php 第 52 行.
SQL: SHOW COLUMNS FROM `shala_user` [ RunTime:0.004638s ]
SQL: UPDATE `shala_user` SET `address`=3,`delivertype`=1 WHERE ( `id` = 5 ) [ RunTime:0.032280s ]

[ 2016-09-23T18:50:59+08:00 ] ::1 /salad/index.php?s=/User/login
INFO: [ app_begin ] --START--
INFO: Run Behavior\ReadHtmlCacheBehavior [ RunTime:0.000971s ]
INFO: [ app_begin ] --END-- [ RunTime:0.001774s ]
NOTIC: [8192] mysql_connect(): The mysql extension is deprecated and will be removed in the future: use mysqli or PDO instead D:\wamp\www\salad\ThinkPHP\Library\Think\Db\Driver\Mysql.class.php 第 52 行.
SQL: SHOW COLUMNS FROM `shala_user` [ RunTime:0.004509s ]
SQL: SELECT * FROM `shala_user` WHERE ( `tel` = '13163177870' )  [ RunTime:0.000620s ]

[ 2016-09-23T18:51:08+08:00 ] ::1 /salad/index.php?s=/User/updaddress
INFO: [ app_begin ] --START--
INFO: Run Behavior\ReadHtmlCacheBehavior [ RunTime:0.001036s ]
INFO: [ app_begin ] --END-- [ RunTime:0.001754s ]
NOTIC: [8192] mysql_connect(): The mysql extension is deprecated and will be removed in the future: use mysqli or PDO instead D:\wamp\www\salad\ThinkPHP\Library\Think\Db\Driver\Mysql.class.php 第 52 行.
SQL: SHOW COLUMNS FROM `shala_user` [ RunTime:0.005000s ]
SQL: SHOW COLUMNS FROM `shala_address` [ RunTime:0.007284s ]
SQL: SELECT * FROM `shala_address` WHERE ( id = 10 )  [ RunTime:0.000742s ]
SQL: SHOW COLUMNS FROM `shala_order` [ RunTime:0.005938s ]
SQL: UPDATE `shala_order` SET `address`='10',`detailadd`='望京SOHO 塔3底商3108',`delivertype`=0 WHERE ( `id` = 21 ) [ RunTime:0.048935s ]

[ 2016-09-23T18:51:15+08:00 ] ::1 /salad/index.php?s=/User/updaddress
INFO: [ app_begin ] --START--
INFO: Run Behavior\ReadHtmlCacheBehavior [ RunTime:0.000722s ]
INFO: [ app_begin ] --END-- [ RunTime:0.001415s ]
NOTIC: [8192] mysql_connect(): The mysql extension is deprecated and will be removed in the future: use mysqli or PDO instead D:\wamp\www\salad\ThinkPHP\Library\Think\Db\Driver\Mysql.class.php 第 52 行.
SQL: SHOW COLUMNS FROM `shala_user` [ RunTime:0.004378s ]
SQL: SHOW COLUMNS FROM `shala_address` [ RunTime:0.005533s ]
SQL: SELECT * FROM `shala_address` WHERE ( id = 10 )  [ RunTime:0.000601s ]
SQL: SHOW COLUMNS FROM `shala_order` [ RunTime:0.004920s ]
SQL: UPDATE `shala_order` SET `address`='10',`detailadd`='望京SOHO 塔3底商3108',`delivertype`=0 WHERE ( `id` = 21 ) [ RunTime:0.068508s ]

[ 2016-09-23T18:51:22+08:00 ] ::1 /salad/index.php?s=/User/updaddress
INFO: [ app_begin ] --START--
INFO: Run Behavior\ReadHtmlCacheBehavior [ RunTime:0.000736s ]
INFO: [ app_begin ] --END-- [ RunTime:0.001433s ]
NOTIC: [8192] mysql_connect(): The mysql extension is deprecated and will be removed in the future: use mysqli or PDO instead D:\wamp\www\salad\ThinkPHP\Library\Think\Db\Driver\Mysql.class.php 第 52 行.
SQL: SHOW COLUMNS FROM `shala_user` [ RunTime:0.004438s ]
SQL: SHOW COLUMNS FROM `shala_address` [ RunTime:0.006511s ]
SQL: SELECT * FROM `shala_address` WHERE ( id = 11 )  [ RunTime:0.000648s ]
SQL: SHOW COLUMNS FROM `shala_order` [ RunTime:0.004514s ]
SQL: UPDATE `shala_order` SET `address`='11',`detailadd`='北京朝阳区朝外大街6号（新城国际）26号楼底商103号',`delivertype`=0 WHERE ( `id` = 21 ) [ RunTime:0.045080s ]

[ 2016-09-23T18:51:38+08:00 ] ::1 /salad/index.php?s=/User/updaddress
INFO: [ app_begin ] --START--
INFO: Run Behavior\ReadHtmlCacheBehavior [ RunTime:0.000983s ]
INFO: [ app_begin ] --END-- [ RunTime:0.001720s ]
NOTIC: [8192] mysql_connect(): The mysql extension is deprecated and will be removed in the future: use mysqli or PDO instead D:\wamp\www\salad\ThinkPHP\Library\Think\Db\Driver\Mysql.class.php 第 52 行.
SQL: SHOW COLUMNS FROM `shala_user` [ RunTime:0.004668s ]
SQL: SHOW COLUMNS FROM `shala_address` [ RunTime:0.004860s ]
SQL: SELECT * FROM `shala_address` WHERE ( id = 10 )  [ RunTime:0.000650s ]
SQL: SHOW COLUMNS FROM `shala_order` [ RunTime:0.005268s ]
SQL: UPDATE `shala_order` SET `address`='10',`detailadd`='望京SOHO 塔3底商3108',`delivertype`=0 WHERE ( `id` = 21 ) [ RunTime:0.038088s ]

[ 2016-09-23T18:51:43+08:00 ] ::1 /salad/index.php?s=/User/updaddress
INFO: [ app_begin ] --START--
INFO: Run Behavior\ReadHtmlCacheBehavior [ RunTime:0.000727s ]
INFO: [ app_begin ] --END-- [ RunTime:0.001426s ]
NOTIC: [8192] mysql_connect(): The mysql extension is deprecated and will be removed in the future: use mysqli or PDO instead D:\wamp\www\salad\ThinkPHP\Library\Think\Db\Driver\Mysql.class.php 第 52 行.
SQL: SHOW COLUMNS FROM `shala_user` [ RunTime:0.006701s ]
SQL: SHOW COLUMNS FROM `shala_address` [ RunTime:0.005268s ]
SQL: SELECT * FROM `shala_address` WHERE ( id = 11 )  [ RunTime:0.000606s ]
SQL: SHOW COLUMNS FROM `shala_order` [ RunTime:0.004884s ]
SQL: UPDATE `shala_order` SET `address`='11',`detailadd`='北京朝阳区朝外大街6号（新城国际）26号楼底商103号',`delivertype`=0 WHERE ( `id` = 21 ) [ RunTime:0.041375s ]

