[ 2016-09-22T17:38:43+08:00 ] ::1 /salad/index.php?s=/Admin/comment/comList
ERR: 无法加载控制器:Comment

[ 2016-09-22T19:01:16+08:00 ] 192.168.0.125 /salad/index.php?s=/Admin/Shop/uploadshop
INFO: [ app_begin ] --START--
INFO: Run Behavior\ReadHtmlCacheBehavior [ RunTime:0.000929s ]
INFO: [ app_begin ] --END-- [ RunTime:0.001809s ]
NOTIC: [8192] mysql_connect(): The mysql extension is deprecated and will be removed in the future: use mysqli or PDO instead D:\wamp\www\salad\ThinkPHP\Library\Think\Db\Driver\Mysql.class.php 第 52 行.
SQL: SHOW COLUMNS FROM `shala_shoppic` [ RunTime:0.026295s ]
SQL: UPDATE `shala_shoppic` SET `pic`='Uploads/shop/201609/d4-img-1.jpg' WHERE ( `id` = 1 ) [ RunTime:0.030001s ]

[ 2016-09-22T19:01:23+08:00 ] 192.168.0.125 /salad/index.php?s=/Admin/Shop/uploadshop
INFO: [ app_begin ] --START--
INFO: Run Behavior\ReadHtmlCacheBehavior [ RunTime:0.000860s ]
INFO: [ app_begin ] --END-- [ RunTime:0.001766s ]
NOTIC: [8192] mysql_connect(): The mysql extension is deprecated and will be removed in the future: use mysqli or PDO instead D:\wamp\www\salad\ThinkPHP\Library\Think\Db\Driver\Mysql.class.php 第 52 行.
SQL: SHOW COLUMNS FROM `shala_shoppic` [ RunTime:0.004110s ]
SQL: UPDATE `shala_shoppic` SET `pic`='Uploads/shop/201609/3518.jpg' WHERE ( `id` = 2 ) [ RunTime:0.042785s ]

[ 2016-09-22T19:01:30+08:00 ] 192.168.0.125 /salad/index.php?s=/Admin/Shop/uploadshop
INFO: [ app_begin ] --START--
INFO: Run Behavior\ReadHtmlCacheBehavior [ RunTime:0.000837s ]
INFO: [ app_begin ] --END-- [ RunTime:0.001636s ]
NOTIC: [8192] mysql_connect(): The mysql extension is deprecated and will be removed in the future: use mysqli or PDO instead D:\wamp\www\salad\ThinkPHP\Library\Think\Db\Driver\Mysql.class.php 第 52 行.
SQL: SHOW COLUMNS FROM `shala_shoppic` [ RunTime:0.004060s ]
SQL: UPDATE `shala_shoppic` SET `pic`='Uploads/shop/201609/3547.jpg' WHERE ( `id` = 3 ) [ RunTime:0.027770s ]

[ 2016-09-22T19:01:38+08:00 ] 192.168.0.125 /salad/index.php?s=/Admin/Shop/uploadshop
INFO: [ app_begin ] --START--
INFO: Run Behavior\ReadHtmlCacheBehavior [ RunTime:0.000921s ]
INFO: [ app_begin ] --END-- [ RunTime:0.001668s ]
NOTIC: [8192] mysql_connect(): The mysql extension is deprecated and will be removed in the future: use mysqli or PDO instead D:\wamp\www\salad\ThinkPHP\Library\Think\Db\Driver\Mysql.class.php 第 52 行.
SQL: SHOW COLUMNS FROM `shala_shoppic` [ RunTime:0.006882s ]
SQL: UPDATE `shala_shoppic` SET `pic`='Uploads/shop/201609/3574.jpg' WHERE ( `id` = 4 ) [ RunTime:0.031987s ]

[ 2016-09-22T19:02:11+08:00 ] 192.168.0.125 /salad/index.php?s=/User/login
INFO: [ app_begin ] --START--
INFO: Run Behavior\ReadHtmlCacheBehavior [ RunTime:0.000786s ]
INFO: [ app_begin ] --END-- [ RunTime:0.001482s ]
NOTIC: [8192] mysql_connect(): The mysql extension is deprecated and will be removed in the future: use mysqli or PDO instead D:\wamp\www\salad\ThinkPHP\Library\Think\Db\Driver\Mysql.class.php 第 52 行.
SQL: SHOW COLUMNS FROM `shala_user` [ RunTime:0.004965s ]
SQL: SELECT * FROM `shala_user` WHERE ( `tel` = '123456' )  [ RunTime:0.000630s ]

[ 2016-09-22T19:45:18+08:00 ] 192.168.0.125 /salad/index.php?s=/Index/saselect
INFO: [ app_begin ] --START--
INFO: Run Behavior\ReadHtmlCacheBehavior [ RunTime:0.001222s ]
INFO: [ app_begin ] --END-- [ RunTime:0.002085s ]
NOTIC: [8192] mysql_connect(): The mysql extension is deprecated and will be removed in the future: use mysqli or PDO instead D:\wamp\www\salad\ThinkPHP\Library\Think\Db\Driver\Mysql.class.php 第 52 行.
SQL: SHOW COLUMNS FROM `shala_gleygood` [ RunTime:0.004911s ]
SQL: SELECT `goodnum`,`gprice` FROM `shala_gleygood` WHERE ( `glfromuser` = '5' )  [ RunTime:0.000774s ]
NOTIC: [2] Invalid argument supplied for foreach() D:\wamp\www\salad\Application\Home\Controller\BaseController.class.php 第 15 行.
SQL: SHOW COLUMNS FROM `shala_gley` [ RunTime:0.007540s ]
SQL: SELECT COUNT(id) AS tp_count FROM `shala_gley` LIMIT 1   [ RunTime:0.000564s ]
SQL: SHOW COLUMNS FROM `shala_foodcate` [ RunTime:0.005218s ]
SQL: SHOW COLUMNS FROM `shala_fcate` [ RunTime:0.005180s ]
SQL: SHOW COLUMNS FROM `shala_hub` [ RunTime:0.004796s ]
SQL: SELECT `id`,`name` FROM `shala_fcate` WHERE ( `name` NOT IN ('基菜','酱料') )  [ RunTime:0.000616s ]
SQL: SELECT `fid`,`fpic`,`fname`,`fcate_id` FROM `shala_foodcate` WHERE ( `fcate_id` = 10 )  [ RunTime:0.000884s ]
SQL: SELECT * FROM `shala_hub` WHERE ( `uid` = '5' ) AND ( `well` = '1' )  [ RunTime:0.000670s ]
SQL: SELECT * FROM `shala_hub` WHERE ( `uid` = '5' ) AND ( `well` = '0' ) AND ( `bad` = '1' )  [ RunTime:0.000734s ]
SQL: SELECT * FROM `shala_hub` WHERE ( `uid` = '5' ) AND ( `fid` = '12' )  [ RunTime:0.000712s ]
SQL: SELECT * FROM `shala_hub` WHERE ( `uid` = '5' ) AND ( `fid` = '13' )  [ RunTime:0.000657s ]
SQL: SELECT * FROM `shala_hub` WHERE ( `uid` = '5' ) AND ( `fid` = '14' )  [ RunTime:0.000630s ]

[ 2016-09-22T19:45:20+08:00 ] 192.168.0.125 /salad/index.php?s=/Index/saselect
INFO: [ app_begin ] --START--
INFO: Run Behavior\ReadHtmlCacheBehavior [ RunTime:0.001224s ]
INFO: [ app_begin ] --END-- [ RunTime:0.002023s ]
NOTIC: [8192] mysql_connect(): The mysql extension is deprecated and will be removed in the future: use mysqli or PDO instead D:\wamp\www\salad\ThinkPHP\Library\Think\Db\Driver\Mysql.class.php 第 52 行.
SQL: SHOW COLUMNS FROM `shala_gleygood` [ RunTime:0.005289s ]
SQL: SELECT `goodnum`,`gprice` FROM `shala_gleygood` WHERE ( `glfromuser` = '5' )  [ RunTime:0.000819s ]
NOTIC: [2] Invalid argument supplied for foreach() D:\wamp\www\salad\Application\Home\Controller\BaseController.class.php 第 15 行.
SQL: SHOW COLUMNS FROM `shala_gley` [ RunTime:0.004608s ]
SQL: SELECT COUNT(id) AS tp_count FROM `shala_gley` LIMIT 1   [ RunTime:0.000661s ]
SQL: SHOW COLUMNS FROM `shala_foodcate` [ RunTime:0.005093s ]
SQL: SHOW COLUMNS FROM `shala_fcate` [ RunTime:0.004470s ]
SQL: SHOW COLUMNS FROM `shala_hub` [ RunTime:0.004909s ]
SQL: SELECT `id`,`name` FROM `shala_fcate` WHERE ( `name` NOT IN ('基菜','酱料') )  [ RunTime:0.000615s ]
SQL: SELECT `fid`,`fpic`,`fname`,`fcate_id` FROM `shala_foodcate` WHERE ( `fcate_id` = 11 )  [ RunTime:0.000760s ]
SQL: SELECT * FROM `shala_hub` WHERE ( `uid` = '5' ) AND ( `well` = '1' )  [ RunTime:0.000642s ]
SQL: SELECT * FROM `shala_hub` WHERE ( `uid` = '5' ) AND ( `well` = '0' ) AND ( `bad` = '1' )  [ RunTime:0.000669s ]
SQL: SELECT * FROM `shala_hub` WHERE ( `uid` = '5' ) AND ( `fid` = '18' )  [ RunTime:0.000631s ]
SQL: SELECT * FROM `shala_hub` WHERE ( `uid` = '5' ) AND ( `fid` = '19' )  [ RunTime:0.000629s ]
SQL: SELECT * FROM `shala_hub` WHERE ( `uid` = '5' ) AND ( `fid` = '20' )  [ RunTime:0.000628s ]

[ 2016-09-22T19:45:21+08:00 ] 192.168.0.125 /salad/index.php?s=/Index/saselect
INFO: [ app_begin ] --START--
INFO: Run Behavior\ReadHtmlCacheBehavior [ RunTime:0.001170s ]
INFO: [ app_begin ] --END-- [ RunTime:0.001958s ]
NOTIC: [8192] mysql_connect(): The mysql extension is deprecated and will be removed in the future: use mysqli or PDO instead D:\wamp\www\salad\ThinkPHP\Library\Think\Db\Driver\Mysql.class.php 第 52 行.
SQL: SHOW COLUMNS FROM `shala_gleygood` [ RunTime:0.005131s ]
SQL: SELECT `goodnum`,`gprice` FROM `shala_gleygood` WHERE ( `glfromuser` = '5' )  [ RunTime:0.000770s ]
NOTIC: [2] Invalid argument supplied for foreach() D:\wamp\www\salad\Application\Home\Controller\BaseController.class.php 第 15 行.
SQL: SHOW COLUMNS FROM `shala_gley` [ RunTime:0.004548s ]
SQL: SELECT COUNT(id) AS tp_count FROM `shala_gley` LIMIT 1   [ RunTime:0.000579s ]
SQL: SHOW COLUMNS FROM `shala_foodcate` [ RunTime:0.007039s ]
SQL: SHOW COLUMNS FROM `shala_fcate` [ RunTime:0.003977s ]
SQL: SHOW COLUMNS FROM `shala_hub` [ RunTime:0.004790s ]
SQL: SELECT `id`,`name` FROM `shala_fcate` WHERE ( `name` NOT IN ('基菜','酱料') )  [ RunTime:0.000594s ]
SQL: SELECT `fid`,`fpic`,`fname`,`fcate_id` FROM `shala_foodcate` WHERE ( `fcate_id` = 12 )  [ RunTime:0.000775s ]
SQL: SELECT * FROM `shala_hub` WHERE ( `uid` = '5' ) AND ( `well` = '1' )  [ RunTime:0.000693s ]
SQL: SELECT * FROM `shala_hub` WHERE ( `uid` = '5' ) AND ( `well` = '0' ) AND ( `bad` = '1' )  [ RunTime:0.000681s ]
SQL: SELECT * FROM `shala_hub` WHERE ( `uid` = '5' ) AND ( `fid` = '17' )  [ RunTime:0.000662s ]
SQL: SELECT * FROM `shala_hub` WHERE ( `uid` = '5' ) AND ( `fid` = '21' )  [ RunTime:0.000796s ]
SQL: SELECT * FROM `shala_hub` WHERE ( `uid` = '5' ) AND ( `fid` = '23' )  [ RunTime:0.000732s ]

[ 2016-09-22T19:45:22+08:00 ] 192.168.0.125 /salad/index.php?s=/Index/saselect
INFO: [ app_begin ] --START--
INFO: Run Behavior\ReadHtmlCacheBehavior [ RunTime:0.001186s ]
INFO: [ app_begin ] --END-- [ RunTime:0.001968s ]
NOTIC: [8192] mysql_connect(): The mysql extension is deprecated and will be removed in the future: use mysqli or PDO instead D:\wamp\www\salad\ThinkPHP\Library\Think\Db\Driver\Mysql.class.php 第 52 行.
SQL: SHOW COLUMNS FROM `shala_gleygood` [ RunTime:0.006236s ]
SQL: SELECT `goodnum`,`gprice` FROM `shala_gleygood` WHERE ( `glfromuser` = '5' )  [ RunTime:0.000874s ]
NOTIC: [2] Invalid argument supplied for foreach() D:\wamp\www\salad\Application\Home\Controller\BaseController.class.php 第 15 行.
SQL: SHOW COLUMNS FROM `shala_gley` [ RunTime:0.004993s ]
SQL: SELECT COUNT(id) AS tp_count FROM `shala_gley` LIMIT 1   [ RunTime:0.000624s ]
SQL: SHOW COLUMNS FROM `shala_foodcate` [ RunTime:0.004782s ]
SQL: SHOW COLUMNS FROM `shala_fcate` [ RunTime:0.004330s ]
SQL: SHOW COLUMNS FROM `shala_hub` [ RunTime:0.004614s ]
SQL: SELECT `id`,`name` FROM `shala_fcate` WHERE ( `name` NOT IN ('基菜','酱料') )  [ RunTime:0.000584s ]
SQL: SELECT `fid`,`fpic`,`fname`,`fcate_id` FROM `shala_foodcate` WHERE ( `fcate_id` = 13 )  [ RunTime:0.000735s ]
SQL: SELECT * FROM `shala_hub` WHERE ( `uid` = '5' ) AND ( `well` = '1' )  [ RunTime:0.000639s ]
SQL: SELECT * FROM `shala_hub` WHERE ( `uid` = '5' ) AND ( `well` = '0' ) AND ( `bad` = '1' )  [ RunTime:0.000632s ]
SQL: SELECT * FROM `shala_hub` WHERE ( `uid` = '5' ) AND ( `fid` = '22' )  [ RunTime:0.000619s ]

